#
# A fatal error has been detected by the Java Runtime Environment:
#
#  EXCEPTION_ACCESS_VIOLATION (0xc0000005) at pc=0x000000006d5dd977, pid=1432, tid=7728
#
# JRE version: OpenJDK Runtime Environment Zulu17.40+19-CA (17.0.6+10) (build 17.0.6+10-LTS)
# Java VM: OpenJDK 64-Bit Server VM Zulu17.40+19-CA (17.0.6+10-LTS, mixed mode, sharing, tiered, compressed oops, compressed class ptrs, g1 gc, windows-amd64)
# Problematic frame:
# C  0x000000006d5dd977
#
# No core dump will be written. Minidumps are not enabled by default on client versions of Windows
#
# If you would like to submit a bug report, please visit:
#   http://www.azul.com/support/
# The crash happened outside the Java Virtual Machine in native code.
# See problematic frame for where to report the bug.
#

---------------  S U M M A R Y ------------

Command Line: -javaagent:C:\Program Files\JetBrains\IntelliJ IDEA Community Edition 2022.3.3\lib\idea_rt.jar=52323:C:\Program Files\JetBrains\IntelliJ IDEA Community Edition 2022.3.3\bin -Dfile.encoding=UTF-8 --module-path=C:\Users\User\.m2\repository\org\openjfx\javafx-graphics\17.0.2\javafx-graphics-17.0.2-win.jar;C:\Projetos_Biopdi\mBioLabv2\target\classes;C:\Users\User\.m2\repository\org\openjfx\javafx-controls\17.0.2\javafx-controls-17.0.2-win.jar;C:\Users\User\.m2\repository\org\openjfx\javafx-base\17.0.2\javafx-base-17.0.2-win.jar;C:\Users\User\.m2\repository\com\fazecast\jSerialComm\2.9.3\jSerialComm-2.9.3.jar;C:\Users\User\.m2\repository\org\xerial\sqlite-jdbc\3.8.11.2\sqlite-jdbc-3.8.11.2.jar;C:\Users\User\.m2\repository\org\openjfx\javafx-fxml\17.0.2\javafx-fxml-17.0.2-win.jar -Djdk.module.main=br.com.biopdi.mbiolabv2 br.com.biopdi.mbiolabv2/br.com.biopdi.mbiolabv2.mBioLabv2Application

Host: Intel(R) Core(TM) i5-10400F CPU @ 2.90GHz, 12 cores, 15G,  Windows 10 , 64 bit Build 19041 (10.0.19041.2788)
Time: Tue Apr 25 08:31:02 2023 Hora oficial do Brasil elapsed time: 12.901708 seconds (0d 0h 0m 12s)

---------------  T H R E A D  ---------------

Current thread (0x000001db19cf69a0):  JavaThread "Thread-5" daemon [_thread_in_native, id=7728, stack(0x000000320fa20000,0x000000320fb20000)]

Stack: [0x000000320fa20000,0x000000320fb20000],  sp=0x000000320fb1f320,  free space=1020k
Native frames: (J=compiled Java code, j=interpreted, Vv=VM code, C=native code)
C  0x000000006d5dd977

Java frames: (J=compiled Java code, j=interpreted, Vv=VM code)
J 3333  org.sqlite.core.NativeDB.reset(J)I sqlite.jdbc@3.8.11.2 (0 bytes) @ 0x000001db07c43963 [0x000001db07c43920+0x0000000000000043]
j  org.sqlite.core.CoreResultSet.close()V+81 sqlite.jdbc@3.8.11.2
j  org.sqlite.jdbc3.JDBC3PreparedStatement.executeQuery()Ljava/sql/ResultSet;+25 sqlite.jdbc@3.8.11.2
j  br.com.biopdi.mbiolabv2.controller.repository.dao.SystemVariableDAO.find()Lbr/com/biopdi/mbiolabv2/model/bean/SystemVariable;+20 br.com.biopdi.mbiolabv2
j  br.com.biopdi.mbiolabv2.controller.SceneController.EssaySceneController.lambda$chartTry$3(Ljavafx/scene/chart/XYChart$Series;)V+10 br.com.biopdi.mbiolabv2
j  br.com.biopdi.mbiolabv2.controller.SceneController.EssaySceneController$$Lambda$667+0x0000000800ec8ab0.run()V+8 br.com.biopdi.mbiolabv2
j  java.lang.Thread.run()V+11 java.base@17.0.6
v  ~StubRoutines::call_stub

siginfo: EXCEPTION_ACCESS_VIOLATION (0xc0000005), reading address 0x0000000000000018


Register to memory mapping:

RIP=0x000000006d5dd977 points into unknown readable memory: 48
RAX=0x0 is NULL
RBX=0x000001db25eb0708 points into unknown readable memory: 0x0000000000000000 | 00 00 00 00 00 00 00 00
RCX=0x000001db25eb0708 points into unknown readable memory: 0x0000000000000000 | 00 00 00 00 00 00 00 00
RDX=0x000000320fb1f390 is pointing into the stack for thread: 0x000001db19cf69a0
RSP=0x000000320fb1f320 is pointing into the stack for thread: 0x000001db19cf69a0
RBP=0x000000320fb1f3d0 is pointing into the stack for thread: 0x000001db19cf69a0
RSI=0x0 is NULL
RDI=0x000001db07539612 is at code_begin+1394 in an Interpreter codelet
return entry points  [0x000001db075390a0, 0x000001db07539ba0]  2816 bytes
R8 =0x000001db25eb0708 points into unknown readable memory: 0x0000000000000000 | 00 00 00 00 00 00 00 00
R9 =0x0000000000000001 is an unknown value
R10=0x000000006d582250 points into unknown readable memory: 0x0005b708e9c1894c | 4c 89 c1 e9 08 b7 05 00
R11=0x000000320fb1f0b0 is pointing into the stack for thread: 0x000001db19cf69a0
R12=0x0 is NULL
R13=0x000000320fb1f3c0 is pointing into the stack for thread: 0x000001db19cf69a0
R14=0x000000320fb1f390 is pointing into the stack for thread: 0x000001db19cf69a0
R15=0x000001db19cf69a0 is a thread


Registers:
RAX=0x0000000000000000, RBX=0x000001db25eb0708, RCX=0x000001db25eb0708, RDX=0x000000320fb1f390
RSP=0x000000320fb1f320, RBP=0x000000320fb1f3d0, RSI=0x0000000000000000, RDI=0x000001db07539612
R8 =0x000001db25eb0708, R9 =0x0000000000000001, R10=0x000000006d582250, R11=0x000000320fb1f0b0
R12=0x0000000000000000, R13=0x000000320fb1f3c0, R14=0x000000320fb1f390, R15=0x000001db19cf69a0
RIP=0x000000006d5dd977, EFLAGS=0x0000000000010202

Top of Stack: (sp=0x000000320fb1f320)
0x000000320fb1f320:   000000070f8c3950 000000320fb1f340
0x000000320fb1f330:   000000070f8c3950 000001db07c43bc2
0x000000320fb1f340:   000000320fb1f3d0 0000000000000000
0x000000320fb1f350:   000001db07539612 000000070f8c3950
0x000000320fb1f360:   0000000000000000 000001db07c43a35
0x000000320fb1f370:   000000320fb1f3d8 000001db214cbde8
0x000000320fb1f380:   0000000000000000 0000000711a21848
0x000000320fb1f390:   000000070f8c3950 0000000000000000
0x000000320fb1f3a0:   000000320fb1f3b8 000000320fb1f428
0x000000320fb1f3b0:   000001db07539657 0000000000000002
0x000000320fb1f3c0:   0000000000000003 00000000000003eb
0x000000320fb1f3d0:   000000320fb1f448 000001db07539612
0x000000320fb1f3e0:   000001db07539612 000001db25eb0708
0x000000320fb1f3f0:   0000000000000000 000000070f8c3950
0x000000320fb1f400:   000000320fb1f400 000001db214f3ce1
0x000000320fb1f410:   000000320fb1f458 000001db21512b28 

Instructions: (pc=0x000000006d5dd977)
0x000000006d5dd877:   48 83 c4 20 5b c3 0f 1f 00 53 48 83 ec 20 48 8b
0x000000006d5dd887:   01 48 89 cb 48 8b 48 18 48 81 c1 d0 01 00 00 e8
0x000000006d5dd897:   c5 ff ff ff 48 8d 4b 08 e8 5c df ff ff 48 8b 4b
0x000000006d5dd8a7:   60 e8 13 fd fa ff 48 8b 4b 78 e8 0a fd fa ff 48
0x000000006d5dd8b7:   8b 8b a0 00 00 00 e8 fe fc fa ff 48 89 d9 e8 f6
0x000000006d5dd8c7:   fc fa ff 31 c0 48 83 c4 20 5b c3 66 66 66 66 66
0x000000006d5dd8d7:   2e 0f 1f 84 00 00 00 00 00 57 56 53 48 83 ec 20
0x000000006d5dd8e7:   48 89 cb 48 8b 49 10 e8 cd db ff ff 48 8b 4b 18
0x000000006d5dd8f7:   e8 74 df ff ff 48 8b 73 28 48 85 f6 75 0e eb 26
0x000000006d5dd907:   66 0f 1f 84 00 00 00 00 00 48 89 fe 48 8b 4e 18
0x000000006d5dd917:   48 8b 7e 10 e8 a0 fc fa ff 48 89 f1 e8 98 fc fa
0x000000006d5dd927:   ff 48 85 ff 75 e3 48 8b 4b 40 48 c7 43 28 00 00
0x000000006d5dd937:   00 00 e8 82 fc fa ff 48 8b 4b 78 e8 79 05 fb ff
0x000000006d5dd947:   48 89 d9 e8 71 fc fa ff 31 c0 48 83 c4 20 5b 5e
0x000000006d5dd957:   5f c3 0f 1f 80 00 00 00 00 56 53 48 83 ec 38 31
0x000000006d5dd967:   c0 48 85 c9 48 89 cb 0f 84 aa 00 00 00 48 8b 31
0x000000006d5dd977:   48 8b 4e 18 48 85 c9 74 06 ff 15 62 a9 03 00 48
0x000000006d5dd987:   83 bb b8 00 00 00 00 7e 16 48 8d 93 b8 00 00 00
0x000000006d5dd997:   4c 8d 83 e0 00 00 00 48 89 f1 e8 8a 4f fb ff 48
0x000000006d5dd9a7:   89 d9 e8 62 d8 ff ff 48 89 f1 c7 43 44 a3 0d f2
0x000000006d5dd9b7:   bd c7 83 80 00 00 00 ff ff ff ff c7 83 84 00 00
0x000000006d5dd9c7:   00 00 00 00 00 c6 83 8a 00 00 00 02 89 c2 c7 83
0x000000006d5dd9d7:   90 00 00 00 00 00 00 00 c7 43 7c 01 00 00 00 c6
0x000000006d5dd9e7:   83 8b 00 00 00 ff c7 83 9c 00 00 00 00 00 00 00
0x000000006d5dd9f7:   48 c7 83 c8 00 00 00 00 00 00 00 e8 c9 19 fb ff
0x000000006d5dda07:   48 8b 4e 18 48 85 c9 74 0e 89 44 24 28 ff 15 de
0x000000006d5dda17:   a8 03 00 8b 44 24 28 48 83 c4 38 5b 5e c3 66 66
0x000000006d5dda27:   2e 0f 1f 84 00 00 00 00 00 41 57 41 56 41 55 41
0x000000006d5dda37:   54 55 57 56 53 48 81 ec 78 05 00 00 0f 29 b4 24
0x000000006d5dda47:   40 05 00 00 0f 29 bc 24 50 05 00 00 44 0f 29 84
0x000000006d5dda57:   24 60 05 00 00 48 8d 91 98 00 00 00 48 89 cd 48
0x000000006d5dda67:   8b 31 4c 8b 51 08 4c 8b 71 10 8b 89 98 00 00 00 


Stack slot to memory mapping:
stack at sp + 0 slots: 0x000000070f8c3950 is an oop: org.sqlite.core.NativeDB 
{0x000000070f8c3950} - klass: 'org/sqlite/core/NativeDB'
 - ---- fields (total size 7 words):
 - 'conn' 'Lorg/sqlite/SQLiteConnection;' @12  a 'org/sqlite/SQLiteConnection'{0x000000070f8c34f0} (e1f1869e)
 - 'begin' 'J' @16  0 (0 0)
 - 'commit' 'J' @24  0 (0 0)
 - private final 'stmts' 'Ljava/util/Map;' @32  a 'java/util/HashMap'{0x000000070f8c3988} (e1f18731)
 - 'pointer' 'J' @40  0 (0 0)
 - private final 'udfdatalist' 'J' @48  0 (0 0)
stack at sp + 1 slots: 0x000000320fb1f340 is pointing into the stack for thread: 0x000001db19cf69a0
stack at sp + 2 slots: 0x000000070f8c3950 is an oop: org.sqlite.core.NativeDB 
{0x000000070f8c3950} - klass: 'org/sqlite/core/NativeDB'
 - ---- fields (total size 7 words):
 - 'conn' 'Lorg/sqlite/SQLiteConnection;' @12  a 'org/sqlite/SQLiteConnection'{0x000000070f8c34f0} (e1f1869e)
 - 'begin' 'J' @16  0 (0 0)
 - 'commit' 'J' @24  0 (0 0)
 - private final 'stmts' 'Ljava/util/Map;' @32  a 'java/util/HashMap'{0x000000070f8c3988} (e1f18731)
 - 'pointer' 'J' @40  0 (0 0)
 - private final 'udfdatalist' 'J' @48  0 (0 0)
stack at sp + 3 slots: 0x000001db07c43bc2 is at entry_point+674 in (nmethod*)0x000001db07c43790
stack at sp + 4 slots: 0x000000320fb1f3d0 is pointing into the stack for thread: 0x000001db19cf69a0
stack at sp + 5 slots: 0x0 is NULL
stack at sp + 6 slots: 0x000001db07539612 is at code_begin+1394 in an Interpreter codelet
return entry points  [0x000001db075390a0, 0x000001db07539ba0]  2816 bytes
stack at sp + 7 slots: 0x000000070f8c3950 is an oop: org.sqlite.core.NativeDB 
{0x000000070f8c3950} - klass: 'org/sqlite/core/NativeDB'
 - ---- fields (total size 7 words):
 - 'conn' 'Lorg/sqlite/SQLiteConnection;' @12  a 'org/sqlite/SQLiteConnection'{0x000000070f8c34f0} (e1f1869e)
 - 'begin' 'J' @16  0 (0 0)
 - 'commit' 'J' @24  0 (0 0)
 - private final 'stmts' 'Ljava/util/Map;' @32  a 'java/util/HashMap'{0x000000070f8c3988} (e1f18731)
 - 'pointer' 'J' @40  0 (0 0)
 - private final 'udfdatalist' 'J' @48  0 (0 0)


---------------  P R O C E S S  ---------------

Threads class SMR info:
_java_thread_list=0x000001db1a110280, length=22, elements={
0x000001db74751320, 0x000001db7f8062b0, 0x000001db7f807130, 0x000001db7f813d50,
0x000001db7f815030, 0x000001db7f817b00, 0x000001db7f81a4d0, 0x000001db7f81b270,
0x000001db7f81bd20, 0x000001db7f8324a0, 0x000001db7f8f4050, 0x000001db196baa10,
0x000001db197f2e20, 0x000001db196b1d30, 0x000001db199e3410, 0x000001db199e4140,
0x000001db19cf73c0, 0x000001db19cf6490, 0x000001db19cf6eb0, 0x000001db19cf5a70,
0x000001db19cf78d0, 0x000001db19cf69a0
}

Java Threads: ( => current thread )
  0x000001db74751320 JavaThread "main" [_thread_blocked, id=6296, stack(0x000000320e900000,0x000000320ea00000)]
  0x000001db7f8062b0 JavaThread "Reference Handler" daemon [_thread_blocked, id=7328, stack(0x000000320f000000,0x000000320f100000)]
  0x000001db7f807130 JavaThread "Finalizer" daemon [_thread_blocked, id=4340, stack(0x000000320f100000,0x000000320f200000)]
  0x000001db7f813d50 JavaThread "Signal Dispatcher" daemon [_thread_blocked, id=11324, stack(0x000000320f200000,0x000000320f300000)]
  0x000001db7f815030 JavaThread "Attach Listener" daemon [_thread_blocked, id=14956, stack(0x000000320f300000,0x000000320f400000)]
  0x000001db7f817b00 JavaThread "Service Thread" daemon [_thread_blocked, id=464, stack(0x000000320f400000,0x000000320f500000)]
  0x000001db7f81a4d0 JavaThread "Monitor Deflation Thread" daemon [_thread_blocked, id=3384, stack(0x000000320f500000,0x000000320f600000)]
  0x000001db7f81b270 JavaThread "C2 CompilerThread0" daemon [_thread_blocked, id=8892, stack(0x000000320f600000,0x000000320f700000)]
  0x000001db7f81bd20 JavaThread "C1 CompilerThread0" daemon [_thread_blocked, id=11656, stack(0x000000320f700000,0x000000320f800000)]
  0x000001db7f8324a0 JavaThread "Sweeper thread" daemon [_thread_blocked, id=14688, stack(0x000000320f800000,0x000000320f900000)]
  0x000001db7f8f4050 JavaThread "Common-Cleaner" daemon [_thread_blocked, id=6180, stack(0x000000320f900000,0x000000320fa00000)]
  0x000001db196baa10 JavaThread "Monitor Ctrl-Break" daemon [_thread_in_native, id=16428, stack(0x000000320fc00000,0x000000320fd00000)]
  0x000001db197f2e20 JavaThread "Notification Thread" daemon [_thread_blocked, id=8528, stack(0x000000320fd00000,0x000000320fe00000)]
  0x000001db196b1d30 JavaThread "QuantumRenderer-0" daemon [_thread_blocked, id=15508, stack(0x000000320ff00000,0x0000003210000000)]
  0x000001db199e3410 JavaThread "InvokeLaterDispatcher" daemon [_thread_blocked, id=17260, stack(0x0000003210100000,0x0000003210200000)]
  0x000001db199e4140 JavaThread "JavaFX Application Thread" [_thread_in_native, id=14576, stack(0x0000003210200000,0x0000003210300000)]
  0x000001db19cf73c0 JavaThread "JavaFX-Launcher" [_thread_blocked, id=14284, stack(0x0000003210500000,0x0000003210600000)]
  0x000001db19cf6490 JavaThread "Thread-2" daemon [_thread_in_native, id=13184, stack(0x0000003210400000,0x0000003210500000)]
  0x000001db19cf6eb0 JavaThread "Prism Font Disposer" daemon [_thread_blocked, id=16488, stack(0x0000003210e00000,0x0000003210f00000)]
  0x000001db19cf5a70 JavaThread "Cleaner-0" daemon [_thread_blocked, id=2128, stack(0x0000003211300000,0x0000003211400000)]
  0x000001db19cf78d0 JavaThread "Thread-4" [_thread_in_native, id=1812, stack(0x0000003211400000,0x0000003211500000)]
=>0x000001db19cf69a0 JavaThread "Thread-5" daemon [_thread_in_native, id=7728, stack(0x000000320fa20000,0x000000320fb20000)]

Other Threads:
  0x000001db7e54d560 VMThread "VM Thread" [stack: 0x000000320ef00000,0x000000320f000000] [id=6080]
  0x000001db747d66a0 WatcherThread [stack: 0x000000320fe00000,0x000000320ff00000] [id=4636]
  0x000001db747bc760 GCTaskThread "GC Thread#0" [stack: 0x000000320ea00000,0x000000320eb00000] [id=7272]
  0x000001db19a5be60 GCTaskThread "GC Thread#1" [stack: 0x0000003210600000,0x0000003210700000] [id=14628]
  0x000001db19a5c120 GCTaskThread "GC Thread#2" [stack: 0x0000003210700000,0x0000003210800000] [id=6540]
  0x000001db19a5c3e0 GCTaskThread "GC Thread#3" [stack: 0x0000003210800000,0x0000003210900000] [id=16956]
  0x000001db19a5c6a0 GCTaskThread "GC Thread#4" [stack: 0x0000003210900000,0x0000003210a00000] [id=2396]
  0x000001db19df7720 GCTaskThread "GC Thread#5" [stack: 0x0000003210a00000,0x0000003210b00000] [id=8776]
  0x000001db22013470 GCTaskThread "GC Thread#6" [stack: 0x0000003210f00000,0x0000003211000000] [id=12100]
  0x000001db221b06d0 GCTaskThread "GC Thread#7" [stack: 0x0000003211000000,0x0000003211100000] [id=15780]
  0x000001db1a215580 GCTaskThread "GC Thread#8" [stack: 0x0000003211100000,0x0000003211200000] [id=13084]
  0x000001db19f45410 GCTaskThread "GC Thread#9" [stack: 0x0000003211200000,0x0000003211300000] [id=13620]
  0x000001db747ce480 ConcurrentGCThread "G1 Main Marker" [stack: 0x000000320eb00000,0x000000320ec00000] [id=1244]
  0x000001db747cf630 ConcurrentGCThread "G1 Conc#0" [stack: 0x000000320ec00000,0x000000320ed00000] [id=4756]
  0x000001db7e4163c0 ConcurrentGCThread "G1 Refine#0" [stack: 0x000000320ed00000,0x000000320ee00000] [id=11360]
  0x000001db7e416d00 ConcurrentGCThread "G1 Service" [stack: 0x000000320ee00000,0x000000320ef00000] [id=8812]

Threads with active compile tasks:

VM state: not at safepoint (normal execution)

VM Mutex/Monitor currently owned by a thread: None

Heap address: 0x0000000702400000, size: 4060 MB, Compressed Oops mode: Zero based, Oop shift amount: 3

CDS archive(s) mapped at: [0x0000000800000000-0x0000000800c00000-0x0000000800c00000), size 12582912, SharedBaseAddress: 0x0000000800000000, ArchiveRelocationMode: 0.
Compressed class space mapped at: 0x0000000800c00000-0x0000000840c00000, reserved size: 1073741824
Narrow klass base: 0x0000000800000000, Narrow klass shift: 0, Narrow klass range: 0x100000000

GC Precious Log:
 CPUs: 12 total, 12 available
 Memory: 16236M
 Large Page Support: Disabled
 NUMA Support: Disabled
 Compressed Oops: Enabled (Zero based)
 Heap Region Size: 2M
 Heap Min Capacity: 8M
 Heap Initial Capacity: 254M
 Heap Max Capacity: 4060M
 Pre-touch: Disabled
 Parallel Workers: 10
 Concurrent Workers: 3
 Concurrent Refinement Workers: 10
 Periodic GC: Disabled

Heap:
 garbage-first heap   total 260096K, used 48062K [0x0000000702400000, 0x0000000800000000)
  region size 2048K, 22 young (45056K), 3 survivors (6144K)
 Metaspace       used 19295K, committed 19584K, reserved 1073152K
  class space    used 2745K, committed 2880K, reserved 1048576K

Heap Regions: E=young(eden), S=young(survivor), O=old, HS=humongous(starts), HC=humongous(continues), CS=collection set, F=free, OA=open archive, CA=closed archive, TAMS=top-at-mark-start (previous, next)
|   0|0x0000000702400000, 0x0000000702600000, 0x0000000702600000|100%| O|  |TAMS 0x0000000702400000, 0x0000000702400000| Untracked 
|   1|0x0000000702600000, 0x0000000702800000, 0x0000000702800000|100%| O|  |TAMS 0x0000000702600000, 0x0000000702600000| Untracked 
|   2|0x0000000702800000, 0x00000007028e2000, 0x0000000702a00000| 44%| O|  |TAMS 0x0000000702800000, 0x0000000702800000| Untracked 
|   3|0x0000000702a00000, 0x0000000702c00000, 0x0000000702c00000|100%|HS|  |TAMS 0x0000000702a00000, 0x0000000702a00000| Complete 
|   4|0x0000000702c00000, 0x0000000702c00000, 0x0000000702e00000|  0%| F|  |TAMS 0x0000000702c00000, 0x0000000702c00000| Untracked 
|   5|0x0000000702e00000, 0x0000000702e00000, 0x0000000703000000|  0%| F|  |TAMS 0x0000000702e00000, 0x0000000702e00000| Untracked 
|   6|0x0000000703000000, 0x0000000703000000, 0x0000000703200000|  0%| F|  |TAMS 0x0000000703000000, 0x0000000703000000| Untracked 
|   7|0x0000000703200000, 0x0000000703200000, 0x0000000703400000|  0%| F|  |TAMS 0x0000000703200000, 0x0000000703200000| Untracked 
|   8|0x0000000703400000, 0x0000000703400000, 0x0000000703600000|  0%| F|  |TAMS 0x0000000703400000, 0x0000000703400000| Untracked 
|   9|0x0000000703600000, 0x0000000703600000, 0x0000000703800000|  0%| F|  |TAMS 0x0000000703600000, 0x0000000703600000| Untracked 
|  10|0x0000000703800000, 0x0000000703800000, 0x0000000703a00000|  0%| F|  |TAMS 0x0000000703800000, 0x0000000703800000| Untracked 
|  11|0x0000000703a00000, 0x0000000703a00000, 0x0000000703c00000|  0%| F|  |TAMS 0x0000000703a00000, 0x0000000703a00000| Untracked 
|  12|0x0000000703c00000, 0x0000000703c00000, 0x0000000703e00000|  0%| F|  |TAMS 0x0000000703c00000, 0x0000000703c00000| Untracked 
|  13|0x0000000703e00000, 0x0000000703e00000, 0x0000000704000000|  0%| F|  |TAMS 0x0000000703e00000, 0x0000000703e00000| Untracked 
|  14|0x0000000704000000, 0x0000000704000000, 0x0000000704200000|  0%| F|  |TAMS 0x0000000704000000, 0x0000000704000000| Untracked 
|  15|0x0000000704200000, 0x0000000704200000, 0x0000000704400000|  0%| F|  |TAMS 0x0000000704200000, 0x0000000704200000| Untracked 
|  16|0x0000000704400000, 0x0000000704400000, 0x0000000704600000|  0%| F|  |TAMS 0x0000000704400000, 0x0000000704400000| Untracked 
|  17|0x0000000704600000, 0x0000000704600000, 0x0000000704800000|  0%| F|  |TAMS 0x0000000704600000, 0x0000000704600000| Untracked 
|  18|0x0000000704800000, 0x0000000704800000, 0x0000000704a00000|  0%| F|  |TAMS 0x0000000704800000, 0x0000000704800000| Untracked 
|  19|0x0000000704a00000, 0x0000000704a00000, 0x0000000704c00000|  0%| F|  |TAMS 0x0000000704a00000, 0x0000000704a00000| Untracked 
|  20|0x0000000704c00000, 0x0000000704c00000, 0x0000000704e00000|  0%| F|  |TAMS 0x0000000704c00000, 0x0000000704c00000| Untracked 
|  21|0x0000000704e00000, 0x0000000704e00000, 0x0000000705000000|  0%| F|  |TAMS 0x0000000704e00000, 0x0000000704e00000| Untracked 
|  22|0x0000000705000000, 0x0000000705000000, 0x0000000705200000|  0%| F|  |TAMS 0x0000000705000000, 0x0000000705000000| Untracked 
|  23|0x0000000705200000, 0x0000000705200000, 0x0000000705400000|  0%| F|  |TAMS 0x0000000705200000, 0x0000000705200000| Untracked 
|  24|0x0000000705400000, 0x0000000705400000, 0x0000000705600000|  0%| F|  |TAMS 0x0000000705400000, 0x0000000705400000| Untracked 
|  25|0x0000000705600000, 0x0000000705600000, 0x0000000705800000|  0%| F|  |TAMS 0x0000000705600000, 0x0000000705600000| Untracked 
|  26|0x0000000705800000, 0x0000000705800000, 0x0000000705a00000|  0%| F|  |TAMS 0x0000000705800000, 0x0000000705800000| Untracked 
|  27|0x0000000705a00000, 0x0000000705a00000, 0x0000000705c00000|  0%| F|  |TAMS 0x0000000705a00000, 0x0000000705a00000| Untracked 
|  28|0x0000000705c00000, 0x0000000705c00000, 0x0000000705e00000|  0%| F|  |TAMS 0x0000000705c00000, 0x0000000705c00000| Untracked 
|  29|0x0000000705e00000, 0x0000000705e00000, 0x0000000706000000|  0%| F|  |TAMS 0x0000000705e00000, 0x0000000705e00000| Untracked 
|  30|0x0000000706000000, 0x0000000706000000, 0x0000000706200000|  0%| F|  |TAMS 0x0000000706000000, 0x0000000706000000| Untracked 
|  31|0x0000000706200000, 0x0000000706200000, 0x0000000706400000|  0%| F|  |TAMS 0x0000000706200000, 0x0000000706200000| Untracked 
|  32|0x0000000706400000, 0x0000000706400000, 0x0000000706600000|  0%| F|  |TAMS 0x0000000706400000, 0x0000000706400000| Untracked 
|  33|0x0000000706600000, 0x0000000706600000, 0x0000000706800000|  0%| F|  |TAMS 0x0000000706600000, 0x0000000706600000| Untracked 
|  34|0x0000000706800000, 0x0000000706800000, 0x0000000706a00000|  0%| F|  |TAMS 0x0000000706800000, 0x0000000706800000| Untracked 
|  35|0x0000000706a00000, 0x0000000706a00000, 0x0000000706c00000|  0%| F|  |TAMS 0x0000000706a00000, 0x0000000706a00000| Untracked 
|  36|0x0000000706c00000, 0x0000000706c00000, 0x0000000706e00000|  0%| F|  |TAMS 0x0000000706c00000, 0x0000000706c00000| Untracked 
|  37|0x0000000706e00000, 0x0000000706e00000, 0x0000000707000000|  0%| F|  |TAMS 0x0000000706e00000, 0x0000000706e00000| Untracked 
|  38|0x0000000707000000, 0x0000000707000000, 0x0000000707200000|  0%| F|  |TAMS 0x0000000707000000, 0x0000000707000000| Untracked 
|  39|0x0000000707200000, 0x0000000707200000, 0x0000000707400000|  0%| F|  |TAMS 0x0000000707200000, 0x0000000707200000| Untracked 
|  40|0x0000000707400000, 0x0000000707400000, 0x0000000707600000|  0%| F|  |TAMS 0x0000000707400000, 0x0000000707400000| Untracked 
|  41|0x0000000707600000, 0x0000000707600000, 0x0000000707800000|  0%| F|  |TAMS 0x0000000707600000, 0x0000000707600000| Untracked 
|  42|0x0000000707800000, 0x0000000707800000, 0x0000000707a00000|  0%| F|  |TAMS 0x0000000707800000, 0x0000000707800000| Untracked 
|  43|0x0000000707a00000, 0x0000000707a00000, 0x0000000707c00000|  0%| F|  |TAMS 0x0000000707a00000, 0x0000000707a00000| Untracked 
|  44|0x0000000707c00000, 0x0000000707c00000, 0x0000000707e00000|  0%| F|  |TAMS 0x0000000707c00000, 0x0000000707c00000| Untracked 
|  45|0x0000000707e00000, 0x0000000707e00000, 0x0000000708000000|  0%| F|  |TAMS 0x0000000707e00000, 0x0000000707e00000| Untracked 
|  46|0x0000000708000000, 0x0000000708000000, 0x0000000708200000|  0%| F|  |TAMS 0x0000000708000000, 0x0000000708000000| Untracked 
|  47|0x0000000708200000, 0x0000000708200000, 0x0000000708400000|  0%| F|  |TAMS 0x0000000708200000, 0x0000000708200000| Untracked 
|  48|0x0000000708400000, 0x0000000708400000, 0x0000000708600000|  0%| F|  |TAMS 0x0000000708400000, 0x0000000708400000| Untracked 
|  49|0x0000000708600000, 0x0000000708600000, 0x0000000708800000|  0%| F|  |TAMS 0x0000000708600000, 0x0000000708600000| Untracked 
|  50|0x0000000708800000, 0x0000000708800000, 0x0000000708a00000|  0%| F|  |TAMS 0x0000000708800000, 0x0000000708800000| Untracked 
|  51|0x0000000708a00000, 0x0000000708a00000, 0x0000000708c00000|  0%| F|  |TAMS 0x0000000708a00000, 0x0000000708a00000| Untracked 
|  52|0x0000000708c00000, 0x0000000708c00000, 0x0000000708e00000|  0%| F|  |TAMS 0x0000000708c00000, 0x0000000708c00000| Untracked 
|  53|0x0000000708e00000, 0x0000000708e00000, 0x0000000709000000|  0%| F|  |TAMS 0x0000000708e00000, 0x0000000708e00000| Untracked 
|  54|0x0000000709000000, 0x0000000709000000, 0x0000000709200000|  0%| F|  |TAMS 0x0000000709000000, 0x0000000709000000| Untracked 
|  55|0x0000000709200000, 0x0000000709200000, 0x0000000709400000|  0%| F|  |TAMS 0x0000000709200000, 0x0000000709200000| Untracked 
|  56|0x0000000709400000, 0x0000000709400000, 0x0000000709600000|  0%| F|  |TAMS 0x0000000709400000, 0x0000000709400000| Untracked 
|  57|0x0000000709600000, 0x0000000709600000, 0x0000000709800000|  0%| F|  |TAMS 0x0000000709600000, 0x0000000709600000| Untracked 
|  58|0x0000000709800000, 0x0000000709800000, 0x0000000709a00000|  0%| F|  |TAMS 0x0000000709800000, 0x0000000709800000| Untracked 
|  59|0x0000000709a00000, 0x0000000709a00000, 0x0000000709c00000|  0%| F|  |TAMS 0x0000000709a00000, 0x0000000709a00000| Untracked 
|  60|0x0000000709c00000, 0x0000000709c00000, 0x0000000709e00000|  0%| F|  |TAMS 0x0000000709c00000, 0x0000000709c00000| Untracked 
|  61|0x0000000709e00000, 0x0000000709e00000, 0x000000070a000000|  0%| F|  |TAMS 0x0000000709e00000, 0x0000000709e00000| Untracked 
|  62|0x000000070a000000, 0x000000070a000000, 0x000000070a200000|  0%| F|  |TAMS 0x000000070a000000, 0x000000070a000000| Untracked 
|  63|0x000000070a200000, 0x000000070a200000, 0x000000070a400000|  0%| F|  |TAMS 0x000000070a200000, 0x000000070a200000| Untracked 
|  64|0x000000070a400000, 0x000000070a400000, 0x000000070a600000|  0%| F|  |TAMS 0x000000070a400000, 0x000000070a400000| Untracked 
|  65|0x000000070a600000, 0x000000070a600000, 0x000000070a800000|  0%| F|  |TAMS 0x000000070a600000, 0x000000070a600000| Untracked 
|  66|0x000000070a800000, 0x000000070a800000, 0x000000070aa00000|  0%| F|  |TAMS 0x000000070a800000, 0x000000070a800000| Untracked 
|  67|0x000000070aa00000, 0x000000070aa00000, 0x000000070ac00000|  0%| F|  |TAMS 0x000000070aa00000, 0x000000070aa00000| Untracked 
|  68|0x000000070ac00000, 0x000000070ac00000, 0x000000070ae00000|  0%| F|  |TAMS 0x000000070ac00000, 0x000000070ac00000| Untracked 
|  69|0x000000070ae00000, 0x000000070ae00000, 0x000000070b000000|  0%| F|  |TAMS 0x000000070ae00000, 0x000000070ae00000| Untracked 
|  70|0x000000070b000000, 0x000000070b000000, 0x000000070b200000|  0%| F|  |TAMS 0x000000070b000000, 0x000000070b000000| Untracked 
|  71|0x000000070b200000, 0x000000070b200000, 0x000000070b400000|  0%| F|  |TAMS 0x000000070b200000, 0x000000070b200000| Untracked 
|  72|0x000000070b400000, 0x000000070b400000, 0x000000070b600000|  0%| F|  |TAMS 0x000000070b400000, 0x000000070b400000| Untracked 
|  73|0x000000070b600000, 0x000000070b600000, 0x000000070b800000|  0%| F|  |TAMS 0x000000070b600000, 0x000000070b600000| Untracked 
|  74|0x000000070b800000, 0x000000070b800000, 0x000000070ba00000|  0%| F|  |TAMS 0x000000070b800000, 0x000000070b800000| Untracked 
|  75|0x000000070ba00000, 0x000000070ba00000, 0x000000070bc00000|  0%| F|  |TAMS 0x000000070ba00000, 0x000000070ba00000| Untracked 
|  76|0x000000070bc00000, 0x000000070bc00000, 0x000000070be00000|  0%| F|  |TAMS 0x000000070bc00000, 0x000000070bc00000| Untracked 
|  77|0x000000070be00000, 0x000000070be00000, 0x000000070c000000|  0%| F|  |TAMS 0x000000070be00000, 0x000000070be00000| Untracked 
|  78|0x000000070c000000, 0x000000070c000000, 0x000000070c200000|  0%| F|  |TAMS 0x000000070c000000, 0x000000070c000000| Untracked 
|  79|0x000000070c200000, 0x000000070c200000, 0x000000070c400000|  0%| F|  |TAMS 0x000000070c200000, 0x000000070c200000| Untracked 
|  80|0x000000070c400000, 0x000000070c400000, 0x000000070c600000|  0%| F|  |TAMS 0x000000070c400000, 0x000000070c400000| Untracked 
|  81|0x000000070c600000, 0x000000070c600000, 0x000000070c800000|  0%| F|  |TAMS 0x000000070c600000, 0x000000070c600000| Untracked 
|  82|0x000000070c800000, 0x000000070c800000, 0x000000070ca00000|  0%| F|  |TAMS 0x000000070c800000, 0x000000070c800000| Untracked 
|  83|0x000000070ca00000, 0x000000070ca00000, 0x000000070cc00000|  0%| F|  |TAMS 0x000000070ca00000, 0x000000070ca00000| Untracked 
|  84|0x000000070cc00000, 0x000000070cc00000, 0x000000070ce00000|  0%| F|  |TAMS 0x000000070cc00000, 0x000000070cc00000| Untracked 
|  85|0x000000070ce00000, 0x000000070ce00000, 0x000000070d000000|  0%| F|  |TAMS 0x000000070ce00000, 0x000000070ce00000| Untracked 
|  86|0x000000070d000000, 0x000000070d000000, 0x000000070d200000|  0%| F|  |TAMS 0x000000070d000000, 0x000000070d000000| Untracked 
|  87|0x000000070d200000, 0x000000070d200000, 0x000000070d400000|  0%| F|  |TAMS 0x000000070d200000, 0x000000070d200000| Untracked 
|  88|0x000000070d400000, 0x000000070d400000, 0x000000070d600000|  0%| F|  |TAMS 0x000000070d400000, 0x000000070d400000| Untracked 
|  89|0x000000070d600000, 0x000000070d600000, 0x000000070d800000|  0%| F|  |TAMS 0x000000070d600000, 0x000000070d600000| Untracked 
|  90|0x000000070d800000, 0x000000070d800000, 0x000000070da00000|  0%| F|  |TAMS 0x000000070d800000, 0x000000070d800000| Untracked 
|  91|0x000000070da00000, 0x000000070da00000, 0x000000070dc00000|  0%| F|  |TAMS 0x000000070da00000, 0x000000070da00000| Untracked 
|  92|0x000000070dc00000, 0x000000070dc00000, 0x000000070de00000|  0%| F|  |TAMS 0x000000070dc00000, 0x000000070dc00000| Untracked 
|  93|0x000000070de00000, 0x000000070de00000, 0x000000070e000000|  0%| F|  |TAMS 0x000000070de00000, 0x000000070de00000| Untracked 
|  94|0x000000070e000000, 0x000000070e000000, 0x000000070e200000|  0%| F|  |TAMS 0x000000070e000000, 0x000000070e000000| Untracked 
|  95|0x000000070e200000, 0x000000070e200000, 0x000000070e400000|  0%| F|  |TAMS 0x000000070e200000, 0x000000070e200000| Untracked 
|  96|0x000000070e400000, 0x000000070e400000, 0x000000070e600000|  0%| F|  |TAMS 0x000000070e400000, 0x000000070e400000| Untracked 
|  97|0x000000070e600000, 0x000000070e600000, 0x000000070e800000|  0%| F|  |TAMS 0x000000070e600000, 0x000000070e600000| Untracked 
|  98|0x000000070e800000, 0x000000070e800000, 0x000000070ea00000|  0%| F|  |TAMS 0x000000070e800000, 0x000000070e800000| Untracked 
|  99|0x000000070ea00000, 0x000000070ea00000, 0x000000070ec00000|  0%| F|  |TAMS 0x000000070ea00000, 0x000000070ea00000| Untracked 
| 100|0x000000070ec00000, 0x000000070ec00000, 0x000000070ee00000|  0%| F|  |TAMS 0x000000070ec00000, 0x000000070ec00000| Untracked 
| 101|0x000000070ee00000, 0x000000070ee00000, 0x000000070f000000|  0%| F|  |TAMS 0x000000070ee00000, 0x000000070ee00000| Untracked 
| 102|0x000000070f000000, 0x000000070f000000, 0x000000070f200000|  0%| F|  |TAMS 0x000000070f000000, 0x000000070f000000| Untracked 
| 103|0x000000070f200000, 0x000000070f200000, 0x000000070f400000|  0%| F|  |TAMS 0x000000070f200000, 0x000000070f200000| Untracked 
| 104|0x000000070f400000, 0x000000070f400000, 0x000000070f600000|  0%| F|  |TAMS 0x000000070f400000, 0x000000070f400000| Untracked 
| 105|0x000000070f600000, 0x000000070f800000, 0x000000070f800000|100%| E|  |TAMS 0x000000070f600000, 0x000000070f600000| Complete 
| 106|0x000000070f800000, 0x000000070fa00000, 0x000000070fa00000|100%| E|CS|TAMS 0x000000070f800000, 0x000000070f800000| Complete 
| 107|0x000000070fa00000, 0x000000070fa0d980, 0x000000070fc00000|  2%| S|CS|TAMS 0x000000070fa00000, 0x000000070fa00000| Complete 
| 108|0x000000070fc00000, 0x000000070fe00000, 0x000000070fe00000|100%| S|CS|TAMS 0x000000070fc00000, 0x000000070fc00000| Complete 
| 109|0x000000070fe00000, 0x0000000710000000, 0x0000000710000000|100%| S|CS|TAMS 0x000000070fe00000, 0x000000070fe00000| Complete 
| 110|0x0000000710000000, 0x0000000710200000, 0x0000000710200000|100%| E|CS|TAMS 0x0000000710000000, 0x0000000710000000| Complete 
| 111|0x0000000710200000, 0x0000000710400000, 0x0000000710400000|100%| E|CS|TAMS 0x0000000710200000, 0x0000000710200000| Complete 
| 112|0x0000000710400000, 0x0000000710600000, 0x0000000710600000|100%| E|CS|TAMS 0x0000000710400000, 0x0000000710400000| Complete 
| 113|0x0000000710600000, 0x0000000710800000, 0x0000000710800000|100%| E|CS|TAMS 0x0000000710600000, 0x0000000710600000| Complete 
| 114|0x0000000710800000, 0x0000000710a00000, 0x0000000710a00000|100%| E|CS|TAMS 0x0000000710800000, 0x0000000710800000| Complete 
| 115|0x0000000710a00000, 0x0000000710c00000, 0x0000000710c00000|100%| E|CS|TAMS 0x0000000710a00000, 0x0000000710a00000| Complete 
| 116|0x0000000710c00000, 0x0000000710e00000, 0x0000000710e00000|100%| E|CS|TAMS 0x0000000710c00000, 0x0000000710c00000| Complete 
| 117|0x0000000710e00000, 0x0000000711000000, 0x0000000711000000|100%| E|CS|TAMS 0x0000000710e00000, 0x0000000710e00000| Complete 
| 118|0x0000000711000000, 0x0000000711200000, 0x0000000711200000|100%| E|CS|TAMS 0x0000000711000000, 0x0000000711000000| Complete 
| 119|0x0000000711200000, 0x0000000711400000, 0x0000000711400000|100%| E|CS|TAMS 0x0000000711200000, 0x0000000711200000| Complete 
| 120|0x0000000711400000, 0x0000000711600000, 0x0000000711600000|100%| E|CS|TAMS 0x0000000711400000, 0x0000000711400000| Complete 
| 121|0x0000000711600000, 0x0000000711800000, 0x0000000711800000|100%| E|CS|TAMS 0x0000000711600000, 0x0000000711600000| Complete 
| 122|0x0000000711800000, 0x0000000711a00000, 0x0000000711a00000|100%| E|CS|TAMS 0x0000000711800000, 0x0000000711800000| Complete 
| 123|0x0000000711a00000, 0x0000000711c00000, 0x0000000711c00000|100%| E|CS|TAMS 0x0000000711a00000, 0x0000000711a00000| Complete 
| 124|0x0000000711c00000, 0x0000000711e00000, 0x0000000711e00000|100%| E|CS|TAMS 0x0000000711c00000, 0x0000000711c00000| Complete 
| 125|0x0000000711e00000, 0x0000000712000000, 0x0000000712000000|100%| E|CS|TAMS 0x0000000711e00000, 0x0000000711e00000| Complete 
| 126|0x0000000712000000, 0x0000000712200000, 0x0000000712200000|100%| E|CS|TAMS 0x0000000712000000, 0x0000000712000000| Complete 

Card table byte_map: [0x000001db7d030000,0x000001db7d820000] _byte_map_base: 0x000001db7981e000

Marking Bits (Prev, Next): (CMBitMap*) 0x000001db747bcd80, (CMBitMap*) 0x000001db747bcdc0
 Prev Bits: [0x000001db0f000000, 0x000001db12f70000)
 Next Bits: [0x000001db12f70000, 0x000001db16ee0000)

Polling page: 0x000001db725e0000

Metaspace:

Usage:
  Non-class:     16.16 MB used.
      Class:      2.68 MB used.
       Both:     18.84 MB used.

Virtual space:
  Non-class space:       24.00 MB reserved,      16.31 MB ( 68%) committed,  3 nodes.
      Class space:        1.00 GB reserved,       2.81 MB ( <1%) committed,  1 nodes.
             Both:        1.02 GB reserved,      19.12 MB (  2%) committed. 

Chunk freelists:
   Non-Class:  3.59 MB
       Class:  1.20 MB
        Both:  4.80 MB

MaxMetaspaceSize: unlimited
CompressedClassSpaceSize: 1.00 GB
Initial GC threshold: 21.00 MB
Current GC threshold: 21.00 MB
CDS: on
MetaspaceReclaimPolicy: balanced
 - commit_granule_bytes: 65536.
 - commit_granule_words: 8192.
 - virtual_space_node_default_size: 1048576.
 - enlarge_chunks_in_place: 1.
 - new_chunks_are_fully_committed: 0.
 - uncommit_free_chunks: 1.
 - use_allocation_guard: 0.
 - handle_deallocations: 1.


Internal statistics:

num_allocs_failed_limit: 0.
num_arena_births: 230.
num_arena_deaths: 0.
num_vsnodes_births: 4.
num_vsnodes_deaths: 0.
num_space_committed: 306.
num_space_uncommitted: 0.
num_chunks_returned_to_freelist: 0.
num_chunks_taken_from_freelist: 865.
num_chunk_merges: 0.
num_chunk_splits: 604.
num_chunks_enlarged: 460.
num_purges: 0.
num_inconsistent_stats: 0.

CodeHeap 'non-profiled nmethods': size=120000Kb used=1595Kb max_used=1595Kb free=118404Kb
 bounds [0x000001db07ad0000, 0x000001db07d40000, 0x000001db0f000000]
CodeHeap 'profiled nmethods': size=120000Kb used=7802Kb max_used=7802Kb free=112197Kb
 bounds [0x000001db00000000, 0x000001db007a0000, 0x000001db07530000]
CodeHeap 'non-nmethods': size=5760Kb used=1446Kb max_used=1508Kb free=4313Kb
 bounds [0x000001db07530000, 0x000001db077a0000, 0x000001db07ad0000]
 total_blobs=4582 nmethods=3769 adapters=723
 compilation: enabled
              stopped_count=0, restarted_count=0
 full_count=0

Compilation events (20 events):
Event: 12.735 Thread 0x000001db7f81bd20 3750       3       javafx.scene.layout.Region::doUpdatePeer (536 bytes)
Event: 12.741 Thread 0x000001db7f81bd20 nmethod 3750 0x000001db00790690 code [0x000001db00790e00, 0x000001db00795dc8]
Event: 12.741 Thread 0x000001db7f81bd20 3753       3       java.util.concurrent.locks.AbstractQueuedSynchronizer::release (19 bytes)
Event: 12.741 Thread 0x000001db7f81bd20 nmethod 3753 0x000001db00797590 code [0x000001db00797780, 0x000001db00797c08]
Event: 12.741 Thread 0x000001db7f81bd20 3751       3       com.sun.javafx.scene.shape.ShapeHelper::updatePeerImpl (15 bytes)
Event: 12.742 Thread 0x000001db7f81bd20 nmethod 3751 0x000001db00797d90 code [0x000001db00797f80, 0x000001db00798438]
Event: 12.742 Thread 0x000001db7f81bd20 3752       3       javafx.scene.shape.Shape$1::doUpdatePeer (8 bytes)
Event: 12.742 Thread 0x000001db7f81bd20 nmethod 3752 0x000001db00798690 code [0x000001db00798840, 0x000001db00798ae8]
Event: 12.745 Thread 0x000001db7f81bd20 3754       3       java.lang.Enum::hashCode (5 bytes)
Event: 12.745 Thread 0x000001db7f81bd20 nmethod 3754 0x000001db00798c10 code [0x000001db00798da0, 0x000001db00798ee8]
Event: 12.785 Thread 0x000001db7f81bd20 3755       3       java.util.concurrent.LinkedBlockingDeque$Node::<init> (10 bytes)
Event: 12.785 Thread 0x000001db7f81bd20 nmethod 3755 0x000001db00798f90 code [0x000001db00799120, 0x000001db007992d8]
Event: 12.785 Thread 0x000001db7f81bd20 3756       3       java.util.concurrent.LinkedBlockingDeque::linkLast (69 bytes)
Event: 12.785 Thread 0x000001db7f81bd20 nmethod 3756 0x000001db00799390 code [0x000001db007995a0, 0x000001db00799c28]
Event: 12.785 Thread 0x000001db7f81bd20 3758       3       com.sun.javafx.collections.ListListenerHelper::<init> (5 bytes)
Event: 12.785 Thread 0x000001db7f81bd20 nmethod 3758 0x000001db00799e10 code [0x000001db00799fc0, 0x000001db0079a178]
Event: 12.785 Thread 0x000001db7f81bd20 3757       3       com.sun.glass.ui.InvokeLaterDispatcher$Future::<init> (20 bytes)
Event: 12.785 Thread 0x000001db7f81bd20 nmethod 3757 0x000001db0079a290 code [0x000001db0079a440, 0x000001db0079a678]
Event: 12.814 Thread 0x000001db7f81bd20 3759       3       java.text.NumberFormat::setMaximumFractionDigits (29 bytes)
Event: 12.814 Thread 0x000001db7f81bd20 nmethod 3759 0x000001db0079a790 code [0x000001db0079a920, 0x000001db0079ab18]

GC Heap History (4 events):
Event: 0.457 GC heap before
{Heap before GC invocations=0 (full 0):
 garbage-first heap   total 260096K, used 20480K [0x0000000702400000, 0x0000000800000000)
  region size 2048K, 11 young (22528K), 0 survivors (0K)
 Metaspace       used 4531K, committed 4672K, reserved 1056768K
  class space    used 492K, committed 576K, reserved 1048576K
}
Event: 0.460 GC heap after
{Heap after GC invocations=1 (full 0):
 garbage-first heap   total 260096K, used 5088K [0x0000000702400000, 0x0000000800000000)
  region size 2048K, 2 young (4096K), 2 survivors (4096K)
 Metaspace       used 4531K, committed 4672K, reserved 1056768K
  class space    used 492K, committed 576K, reserved 1048576K
}
Event: 0.867 GC heap before
{Heap before GC invocations=1 (full 0):
 garbage-first heap   total 260096K, used 35808K [0x0000000702400000, 0x0000000800000000)
  region size 2048K, 17 young (34816K), 2 survivors (4096K)
 Metaspace       used 12491K, committed 12672K, reserved 1064960K
  class space    used 1669K, committed 1792K, reserved 1048576K
}
Event: 0.871 GC heap after
{Heap after GC invocations=2 (full 0):
 garbage-first heap   total 260096K, used 9150K [0x0000000702400000, 0x0000000800000000)
  region size 2048K, 3 young (6144K), 3 survivors (6144K)
 Metaspace       used 12491K, committed 12672K, reserved 1064960K
  class space    used 1669K, committed 1792K, reserved 1048576K
}

Dll operation events (20 events):
Event: 0.261 Loaded shared library C:\Users\User\.openjfx\cache\17.0.2-ea\api-ms-win-crt-locale-l1-1-0.dll
Event: 0.262 Loaded shared library C:\Users\User\.openjfx\cache\17.0.2-ea\api-ms-win-crt-math-l1-1-0.dll
Event: 0.263 Loaded shared library C:\Users\User\.openjfx\cache\17.0.2-ea\api-ms-win-crt-multibyte-l1-1-0.dll
Event: 0.265 Loaded shared library C:\Users\User\.openjfx\cache\17.0.2-ea\api-ms-win-crt-private-l1-1-0.dll
Event: 0.266 Loaded shared library C:\Users\User\.openjfx\cache\17.0.2-ea\api-ms-win-crt-process-l1-1-0.dll
Event: 0.268 Loaded shared library C:\Users\User\.openjfx\cache\17.0.2-ea\api-ms-win-crt-runtime-l1-1-0.dll
Event: 0.269 Loaded shared library C:\Users\User\.openjfx\cache\17.0.2-ea\api-ms-win-crt-stdio-l1-1-0.dll
Event: 0.271 Loaded shared library C:\Users\User\.openjfx\cache\17.0.2-ea\api-ms-win-crt-string-l1-1-0.dll
Event: 0.272 Loaded shared library C:\Users\User\.openjfx\cache\17.0.2-ea\api-ms-win-crt-time-l1-1-0.dll
Event: 0.274 Loaded shared library C:\Users\User\.openjfx\cache\17.0.2-ea\api-ms-win-crt-utility-l1-1-0.dll
Event: 0.285 Loaded shared library C:\Users\User\.openjfx\cache\17.0.2-ea\ucrtbase.dll
Event: 0.288 Loaded shared library C:\Users\User\.openjfx\cache\17.0.2-ea\vcruntime140.dll
Event: 0.290 Loaded shared library C:\Users\User\.openjfx\cache\17.0.2-ea\vcruntime140_1.dll
Event: 0.296 Loaded shared library C:\Users\User\.openjfx\cache\17.0.2-ea\msvcp140.dll
Event: 0.322 Loaded shared library C:\Users\User\.openjfx\cache\17.0.2-ea\prism_d3d.dll
Event: 0.367 Loaded shared library C:\Users\User\.openjfx\cache\17.0.2-ea\glass.dll
Event: 0.479 Loaded shared library C:\Users\User\.jdks\azul-17.0.6\bin\jimage.dll
Event: 0.590 Loaded shared library C:\Users\User\.openjfx\cache\17.0.2-ea\javafx_font.dll
Event: 6.455 Loaded shared library C:\Users\User\AppData\Local\Temp\sqlite-3.8.11.2-ab4ee5ef-9741-4450-98cb-b02681f90e69-sqlitejdbc.dll
Event: 6.529 Loaded shared library C:\Users\User\AppData\Local\Temp\jSerialComm\2.9.3\jSerialComm.dll

Deoptimization events (20 events):
Event: 7.615 Thread 0x000001db19cf78d0 DEOPT PACKING pc=0x000001db07ada504 sp=0x00000032114ff110
Event: 7.615 Thread 0x000001db19cf78d0 DEOPT UNPACKING pc=0x000001db075869a3 sp=0x00000032114ff0a8 mode 2
Event: 7.629 Thread 0x000001db19cf78d0 Uncommon trap: trap_request=0xffffff45 fr.pc=0x000001db07b1dde0 relative=0x0000000000000140
Event: 7.629 Thread 0x000001db19cf78d0 Uncommon trap: reason=unstable_if action=reinterpret pc=0x000001db07b1dde0 method=java.lang.AbstractStringBuilder.putStringAt(ILjava/lang/String;II)V @ 8 c2
Event: 7.629 Thread 0x000001db19cf78d0 DEOPT PACKING pc=0x000001db07b1dde0 sp=0x00000032114ff210
Event: 7.629 Thread 0x000001db19cf78d0 DEOPT UNPACKING pc=0x000001db075869a3 sp=0x00000032114ff158 mode 2
Event: 7.629 Thread 0x000001db19cf78d0 Uncommon trap: trap_request=0xffffff45 fr.pc=0x000001db07b1e300 relative=0x0000000000000160
Event: 7.629 Thread 0x000001db19cf78d0 Uncommon trap: reason=unstable_if action=reinterpret pc=0x000001db07b1e300 method=java.lang.AbstractStringBuilder.putStringAt(ILjava/lang/String;II)V @ 8 c2
Event: 7.629 Thread 0x000001db19cf78d0 DEOPT PACKING pc=0x000001db07b1e300 sp=0x00000032114ff190
Event: 7.629 Thread 0x000001db19cf78d0 DEOPT UNPACKING pc=0x000001db075869a3 sp=0x00000032114ff158 mode 2
Event: 7.693 Thread 0x000001db19cf78d0 Uncommon trap: trap_request=0xffffffde fr.pc=0x000001db07ada504 relative=0x0000000000000064
Event: 7.693 Thread 0x000001db19cf78d0 Uncommon trap: reason=class_check action=maybe_recompile pc=0x000001db07ada504 method=java.lang.Character.codePointAt(Ljava/lang/CharSequence;I)I @ 2 c2
Event: 7.693 Thread 0x000001db19cf78d0 DEOPT PACKING pc=0x000001db07ada504 sp=0x00000032114ff110
Event: 7.693 Thread 0x000001db19cf78d0 DEOPT UNPACKING pc=0x000001db075869a3 sp=0x00000032114ff0a8 mode 2
Event: 7.693 Thread 0x000001db19cf78d0 Uncommon trap: trap_request=0xffffffde fr.pc=0x000001db07ada504 relative=0x0000000000000064
Event: 7.693 Thread 0x000001db19cf78d0 Uncommon trap: reason=class_check action=maybe_recompile pc=0x000001db07ada504 method=java.lang.Character.codePointAt(Ljava/lang/CharSequence;I)I @ 2 c2
Event: 7.693 Thread 0x000001db19cf78d0 DEOPT PACKING pc=0x000001db07ada504 sp=0x00000032114ff110
Event: 7.693 Thread 0x000001db19cf78d0 DEOPT UNPACKING pc=0x000001db075869a3 sp=0x00000032114ff0a8 mode 2
Event: 9.967 Thread 0x000001db196b1d30 DEOPT PACKING pc=0x000001db0059d8c2 sp=0x000000320fffd5c0
Event: 9.967 Thread 0x000001db196b1d30 DEOPT UNPACKING pc=0x000001db07587143 sp=0x000000320fffc9f8 mode 0

Classes unloaded (0 events):
No events

Classes redefined (0 events):
No events

Internal exceptions (20 events):
Event: 0.685 Thread 0x000001db199e4140 Exception <a 'sun/nio/fs/WindowsException'{0x0000000710c46bf8}> (0x0000000710c46bf8) 
thrown [s\src\hotspot\share\prims\jni.cpp, line 516]
Event: 0.689 Thread 0x000001db199e4140 Implicit null exception at 0x000001db07af4d60 to 0x000001db07af4dfa
Event: 0.698 Thread 0x000001db199e4140 Implicit null exception at 0x000001db07b4dd14 to 0x000001db07b4e150
Event: 0.790 Thread 0x000001db199e4140 Exception <a 'java/lang/NoSuchMethodError'{0x00000007102601e8}: 'java.lang.Object java.lang.invoke.DirectMethodHandle$Holder.invokeInterface(java.lang.Object, java.lang.Object, java.lang.Object)'> (0x00000007102601e8) 
thrown [s\src\hotspot\share\interpreter\linkResolver.cpp, line 759]
Event: 0.790 Thread 0x000001db199e4140 Exception <a 'java/lang/IncompatibleClassChangeError'{0x0000000710263b70}: Found class java.lang.Object, but interface was expected> (0x0000000710263b70) 
thrown [s\src\hotspot\share\interpreter\linkResolver.cpp, line 826]
Event: 0.831 Thread 0x000001db199e4140 Exception <a 'java/lang/NoSuchMethodError'{0x000000071001f5a8}: 'java.lang.Object java.lang.invoke.DirectMethodHandle$Holder.newInvokeSpecial(java.lang.Object, java.lang.Object, int)'> (0x000000071001f5a8) 
thrown [s\src\hotspot\share\interpreter\linkResolver.cpp, line 759]
Event: 0.844 Thread 0x000001db196b1d30 Exception <a 'java/lang/NoSuchMethodError'{0x00000007100bcab8}: 'int java.lang.invoke.DirectMethodHandle$Holder.invokeStaticInit(java.lang.Object, java.lang.Object)'> (0x00000007100bcab8) 
thrown [s\src\hotspot\share\interpreter\linkResolver.cpp, line 759]
Event: 6.254 Thread 0x000001db199e4140 Exception <a 'java/lang/NoSuchMethodError'{0x0000000711cfeab0}: 'long java.lang.invoke.DirectMethodHandle$Holder.invokeStatic(java.lang.Object, java.lang.Object, java.lang.Object)'> (0x0000000711cfeab0) 
thrown [s\src\hotspot\share\interpreter\linkResolver.cpp, line 759]
Event: 6.255 Thread 0x000001db199e4140 Exception <a 'java/lang/NoSuchMethodError'{0x0000000711d02258}: 'long java.lang.invoke.DirectMethodHandle$Holder.invokeStaticInit(java.lang.Object, java.lang.Object, java.lang.Object)'> (0x0000000711d02258) 
thrown [s\src\hotspot\share\interpreter\linkResolver.cpp, line 759]
Event: 6.256 Thread 0x000001db199e4140 Exception <a 'java/lang/NoSuchMethodError'{0x0000000711d19e60}: 'java.lang.Object java.lang.invoke.DirectMethodHandle$Holder.newInvokeSpecial(java.lang.Object, java.lang.Object, long)'> (0x0000000711d19e60) 
thrown [s\src\hotspot\share\interpreter\linkResolver.cpp, line 759]
Event: 6.257 Thread 0x000001db199e4140 Exception <a 'java/lang/NoSuchMethodError'{0x0000000711d1d9d0}: 'java.lang.Object java.lang.invoke.Invokers$Holder.linkToTargetMethod(java.lang.Object, long, java.lang.Object)'> (0x0000000711d1d9d0) 
thrown [s\src\hotspot\share\interpreter\linkResolver.cpp, line 759]
Event: 6.378 Thread 0x000001db199e4140 Exception <a 'sun/nio/fs/WindowsException'{0x0000000711dff570}> (0x0000000711dff570) 
thrown [s\src\hotspot\share\prims\jni.cpp, line 516]
Event: 6.389 Thread 0x000001db199e4140 Exception <a 'java/lang/NoSuchMethodError'{0x0000000711adaa10}: 'java.lang.Object java.lang.invoke.DirectMethodHandle$Holder.invokeStaticInit(java.lang.Object, int, int, int, int)'> (0x0000000711adaa10) 
thrown [s\src\hotspot\share\interpreter\linkResolver.cpp, line 759]
Event: 6.405 Thread 0x000001db199e4140 Exception <a 'java/lang/NoSuchMethodError'{0x0000000711b88c78}: 'java.lang.Object java.lang.invoke.DirectMethodHandle$Holder.invokeStaticInit(java.lang.Object, java.lang.Object, int, int, int, int)'> (0x0000000711b88c78) 
thrown [s\src\hotspot\share\interpreter\linkResolver.cpp, line 759]
Event: 6.490 Thread 0x000001db199e4140 Exception <a 'java/lang/NoSuchMethodError'{0x000000071167be08}: 'void java.lang.invoke.DirectMethodHandle$Holder.invokeSpecial(java.lang.Object, java.lang.Object, java.lang.Object, java.lang.Object, java.lang.Object, java.lang.Object)'> (0x000000071167be08) 
thrown [s\src\hotspot\share\interpreter\linkResolver.cpp, line 759]
Event: 6.559 Thread 0x000001db199e4140 Exception <a 'java/lang/ClassNotFoundException'{0x00000007110699b8}: com/sun/javafx/scene/control/skin/resources/controls> (0x00000007110699b8) 
thrown [s\src\hotspot\share\prims\jni.cpp, line 535]
Event: 6.560 Thread 0x000001db199e4140 Exception <a 'java/lang/ClassNotFoundException'{0x0000000711077940}: com/sun/javafx/scene/control/skin/resources/controls_pt> (0x0000000711077940) 
thrown [s\src\hotspot\share\prims\jni.cpp, line 535]
Event: 6.560 Thread 0x000001db199e4140 Exception <a 'java/lang/ClassNotFoundException'{0x0000000711079168}: com/sun/javafx/scene/control/skin/resources/controls_pt_BR> (0x0000000711079168) 
thrown [s\src\hotspot\share\prims\jni.cpp, line 535]
Event: 6.644 Thread 0x000001db199e4140 Exception <a 'java/lang/NoSuchMethodError'{0x0000000710ba7048}: 'void java.lang.invoke.DirectMethodHandle$Holder.invokeSpecialIFC(java.lang.Object, java.lang.Object, java.lang.Object, java.lang.Object)'> (0x0000000710ba7048) 
thrown [s\src\hotspot\share\interpreter\linkResolver.cpp, line 759]
Event: 6.665 Thread 0x000001db199e4140 Exception <a 'java/lang/NoSuchMethodError'{0x0000000710961330}: 'int java.lang.invoke.DirectMethodHandle$Holder.invokeSpecial(java.lang.Object, java.lang.Object, int)'> (0x0000000710961330) 
thrown [s\src\hotspot\share\interpreter\linkResolver.cpp, line 759]

VM Operations (20 events):
Event: 6.390 Executing VM operation: HandshakeAllThreads
Event: 6.390 Executing VM operation: HandshakeAllThreads done
Event: 6.552 Executing VM operation: ICBufferFull
Event: 6.552 Executing VM operation: ICBufferFull done
Event: 6.580 Executing VM operation: HandshakeAllThreads
Event: 6.580 Executing VM operation: HandshakeAllThreads done
Event: 6.605 Executing VM operation: HandshakeAllThreads
Event: 6.605 Executing VM operation: HandshakeAllThreads done
Event: 6.636 Executing VM operation: HandshakeAllThreads
Event: 6.636 Executing VM operation: HandshakeAllThreads done
Event: 6.723 Executing VM operation: ICBufferFull
Event: 6.723 Executing VM operation: ICBufferFull done
Event: 7.290 Executing VM operation: ICBufferFull
Event: 7.290 Executing VM operation: ICBufferFull done
Event: 9.291 Executing VM operation: Cleanup
Event: 9.291 Executing VM operation: Cleanup done
Event: 10.067 Executing VM operation: HandshakeAllThreads
Event: 10.067 Executing VM operation: HandshakeAllThreads done
Event: 11.066 Executing VM operation: Cleanup
Event: 11.066 Executing VM operation: Cleanup done

Events (20 events):
Event: 7.459 Thread 0x000001db21ce0d80 Thread exited: 0x000001db21ce0d80
Event: 7.539 loading class java/io/PrintWriter
Event: 7.539 loading class java/io/PrintWriter done
Event: 7.540 loading class java/io/InterruptedIOException
Event: 7.540 loading class java/io/InterruptedIOException done
Event: 7.555 loading class java/util/Scanner
Event: 7.556 loading class java/util/Scanner done
Event: 7.560 loading class java/util/Scanner$PatternLRUCache
Event: 7.560 loading class java/util/Scanner$PatternLRUCache done
Event: 7.615 loading class java/util/regex/Matcher$ImmutableMatchResult
Event: 7.615 loading class java/util/regex/Matcher$ImmutableMatchResult done
Event: 7.704 loading class jdk/internal/math/FormattedFloatingDecimal$Form
Event: 7.704 loading class jdk/internal/math/FormattedFloatingDecimal$Form done
Event: 7.704 loading class jdk/internal/math/FormattedFloatingDecimal
Event: 7.705 loading class jdk/internal/math/FormattedFloatingDecimal done
Event: 7.705 loading class jdk/internal/math/FormattedFloatingDecimal$1
Event: 7.705 loading class jdk/internal/math/FormattedFloatingDecimal$1 done
Event: 7.705 loading class jdk/internal/math/FormattedFloatingDecimal$2
Event: 7.705 loading class jdk/internal/math/FormattedFloatingDecimal$2 done
Event: 9.960 Thread 0x000001db19cf69a0 Thread added: 0x000001db19cf69a0


Dynamic libraries:
0x00007ff61b960000 - 0x00007ff61b96e000 	C:\Users\User\.jdks\azul-17.0.6\bin\java.exe
0x00007ff8af3d0000 - 0x00007ff8af5c8000 	C:\Windows\SYSTEM32\ntdll.dll
0x00007ff8ad600000 - 0x00007ff8ad6bf000 	C:\Windows\System32\KERNEL32.DLL
0x00007ff8ad050000 - 0x00007ff8ad32a000 	C:\Windows\System32\KERNELBASE.dll
0x00007ff8ad330000 - 0x00007ff8ad430000 	C:\Windows\System32\ucrtbase.dll
0x00007ff8a8970000 - 0x00007ff8a898b000 	C:\Users\User\.jdks\azul-17.0.6\bin\VCRUNTIME140.dll
0x00007ff8a8a30000 - 0x00007ff8a8a48000 	C:\Users\User\.jdks\azul-17.0.6\bin\jli.dll
0x00007ff8af1e0000 - 0x00007ff8af37d000 	C:\Windows\System32\USER32.dll
0x00007ff8acbf0000 - 0x00007ff8acc12000 	C:\Windows\System32\win32u.dll
0x00007ff89add0000 - 0x00007ff89b06a000 	C:\Windows\WinSxS\amd64_microsoft.windows.common-controls_6595b64144ccf1df_6.0.19041.1110_none_60b5254171f9507e\COMCTL32.dll
0x00007ff8af110000 - 0x00007ff8af13b000 	C:\Windows\System32\GDI32.dll
0x00007ff8ad560000 - 0x00007ff8ad5fe000 	C:\Windows\System32\msvcrt.dll
0x00007ff8acae0000 - 0x00007ff8acbf0000 	C:\Windows\System32\gdi32full.dll
0x00007ff8acc20000 - 0x00007ff8accbd000 	C:\Windows\System32\msvcp_win.dll
0x00007ff8ae2b0000 - 0x00007ff8ae2e0000 	C:\Windows\System32\IMM32.DLL
0x00007ff8a8a20000 - 0x00007ff8a8a2c000 	C:\Users\User\.jdks\azul-17.0.6\bin\vcruntime140_1.dll
0x00007ff889b60000 - 0x00007ff889bed000 	C:\Users\User\.jdks\azul-17.0.6\bin\msvcp140.dll
0x00007ff861580000 - 0x00007ff8621e5000 	C:\Users\User\.jdks\azul-17.0.6\bin\server\jvm.dll
0x00007ff8ad4b0000 - 0x00007ff8ad55e000 	C:\Windows\System32\ADVAPI32.dll
0x00007ff8af140000 - 0x00007ff8af1dc000 	C:\Windows\System32\sechost.dll
0x00007ff8ae2e0000 - 0x00007ff8ae406000 	C:\Windows\System32\RPCRT4.dll
0x00007ff896e00000 - 0x00007ff896e09000 	C:\Windows\SYSTEM32\WSOCK32.dll
0x00007ff8a5530000 - 0x00007ff8a553a000 	C:\Windows\SYSTEM32\VERSION.dll
0x00007ff8a1810000 - 0x00007ff8a1837000 	C:\Windows\SYSTEM32\WINMM.dll
0x00007ff8adb70000 - 0x00007ff8adbdb000 	C:\Windows\System32\WS2_32.dll
0x00007ff8aa9c0000 - 0x00007ff8aa9d2000 	C:\Windows\SYSTEM32\kernel.appcore.dll
0x00007ff8a8a00000 - 0x00007ff8a8a0a000 	C:\Users\User\.jdks\azul-17.0.6\bin\jimage.dll
0x00007ff8a0100000 - 0x00007ff8a02e4000 	C:\Windows\SYSTEM32\DBGHELP.DLL
0x00007ff897bb0000 - 0x00007ff897be4000 	C:\Windows\SYSTEM32\dbgcore.DLL
0x00007ff8ace90000 - 0x00007ff8acf12000 	C:\Windows\System32\bcryptPrimitives.dll
0x00007ff8a8950000 - 0x00007ff8a895e000 	C:\Users\User\.jdks\azul-17.0.6\bin\instrument.dll
0x00007ff89e320000 - 0x00007ff89e345000 	C:\Users\User\.jdks\azul-17.0.6\bin\java.dll
0x00007ff881200000 - 0x00007ff8812d7000 	C:\Users\User\.jdks\azul-17.0.6\bin\jsvml.dll
0x00007ff8ae9c0000 - 0x00007ff8af104000 	C:\Windows\System32\SHELL32.dll
0x00007ff8aabc0000 - 0x00007ff8ab353000 	C:\Windows\SYSTEM32\windows.storage.dll
0x00007ff8ae4c0000 - 0x00007ff8ae814000 	C:\Windows\System32\combase.dll
0x00007ff8ac540000 - 0x00007ff8ac56e000 	C:\Windows\SYSTEM32\Wldp.dll
0x00007ff8ada40000 - 0x00007ff8adaed000 	C:\Windows\System32\SHCORE.dll
0x00007ff8ae820000 - 0x00007ff8ae875000 	C:\Windows\System32\shlwapi.dll
0x00007ff8aca20000 - 0x00007ff8aca3f000 	C:\Windows\SYSTEM32\profapi.dll
0x00007ff8a80d0000 - 0x00007ff8a80e9000 	C:\Users\User\.jdks\azul-17.0.6\bin\net.dll
0x00007ff8a4eb0000 - 0x00007ff8a4fba000 	C:\Windows\SYSTEM32\WINHTTP.dll
0x00007ff8ac2a0000 - 0x00007ff8ac30a000 	C:\Windows\system32\mswsock.dll
0x00007ff8a5280000 - 0x00007ff8a5296000 	C:\Users\User\.jdks\azul-17.0.6\bin\nio.dll
0x00007ff89b450000 - 0x00007ff89b468000 	C:\Users\User\.jdks\azul-17.0.6\bin\zip.dll
0x00007ff896f80000 - 0x00007ff896f9a000 	C:\Program Files\JetBrains\IntelliJ IDEA Community Edition 2022.3.3\bin\breakgen64.dll
0x000001db7edf0000 - 0x000001db7edf3000 	C:\Users\User\.openjfx\cache\17.0.2-ea\api-ms-win-core-console-l1-1-0.dll
0x000001db7ee00000 - 0x000001db7ee03000 	C:\Users\User\.openjfx\cache\17.0.2-ea\api-ms-win-core-console-l1-2-0.dll
0x000001db7ee10000 - 0x000001db7ee13000 	C:\Users\User\.openjfx\cache\17.0.2-ea\api-ms-win-core-datetime-l1-1-0.dll
0x000001db7ee20000 - 0x000001db7ee23000 	C:\Users\User\.openjfx\cache\17.0.2-ea\api-ms-win-core-debug-l1-1-0.dll
0x000001db7ee30000 - 0x000001db7ee33000 	C:\Users\User\.openjfx\cache\17.0.2-ea\api-ms-win-core-errorhandling-l1-1-0.dll
0x000001db7ee40000 - 0x000001db7ee44000 	C:\Users\User\.openjfx\cache\17.0.2-ea\api-ms-win-core-file-l1-1-0.dll
0x000001db7ee50000 - 0x000001db7ee53000 	C:\Users\User\.openjfx\cache\17.0.2-ea\api-ms-win-core-file-l1-2-0.dll
0x000001db7ee60000 - 0x000001db7ee63000 	C:\Users\User\.openjfx\cache\17.0.2-ea\api-ms-win-core-file-l2-1-0.dll
0x000001db7ee70000 - 0x000001db7ee73000 	C:\Users\User\.openjfx\cache\17.0.2-ea\api-ms-win-core-handle-l1-1-0.dll
0x000001db7ee80000 - 0x000001db7ee83000 	C:\Users\User\.openjfx\cache\17.0.2-ea\api-ms-win-core-heap-l1-1-0.dll
0x000001db7ee90000 - 0x000001db7ee93000 	C:\Users\User\.openjfx\cache\17.0.2-ea\api-ms-win-core-interlocked-l1-1-0.dll
0x000001db7eea0000 - 0x000001db7eea3000 	C:\Users\User\.openjfx\cache\17.0.2-ea\api-ms-win-core-libraryloader-l1-1-0.dll
0x000001db7eeb0000 - 0x000001db7eeb3000 	C:\Users\User\.openjfx\cache\17.0.2-ea\api-ms-win-core-localization-l1-2-0.dll
0x000001db7eec0000 - 0x000001db7eec3000 	C:\Users\User\.openjfx\cache\17.0.2-ea\api-ms-win-core-memory-l1-1-0.dll
0x000001db7eed0000 - 0x000001db7eed3000 	C:\Users\User\.openjfx\cache\17.0.2-ea\api-ms-win-core-namedpipe-l1-1-0.dll
0x000001db7eee0000 - 0x000001db7eee3000 	C:\Users\User\.openjfx\cache\17.0.2-ea\api-ms-win-core-processenvironment-l1-1-0.dll
0x000001db7eef0000 - 0x000001db7eef3000 	C:\Users\User\.openjfx\cache\17.0.2-ea\api-ms-win-core-processthreads-l1-1-0.dll
0x000001db7ef00000 - 0x000001db7ef03000 	C:\Users\User\.openjfx\cache\17.0.2-ea\api-ms-win-core-processthreads-l1-1-1.dll
0x000001db7ef10000 - 0x000001db7ef13000 	C:\Users\User\.openjfx\cache\17.0.2-ea\api-ms-win-core-profile-l1-1-0.dll
0x000001db7ef20000 - 0x000001db7ef23000 	C:\Users\User\.openjfx\cache\17.0.2-ea\api-ms-win-core-rtlsupport-l1-1-0.dll
0x000001db7ef30000 - 0x000001db7ef33000 	C:\Users\User\.openjfx\cache\17.0.2-ea\api-ms-win-core-string-l1-1-0.dll
0x000001db7ef40000 - 0x000001db7ef43000 	C:\Users\User\.openjfx\cache\17.0.2-ea\api-ms-win-core-synch-l1-1-0.dll
0x000001db7ef50000 - 0x000001db7ef53000 	C:\Users\User\.openjfx\cache\17.0.2-ea\api-ms-win-core-synch-l1-2-0.dll
0x000001db7ef60000 - 0x000001db7ef63000 	C:\Users\User\.openjfx\cache\17.0.2-ea\api-ms-win-core-sysinfo-l1-1-0.dll
0x000001db7ef70000 - 0x000001db7ef73000 	C:\Users\User\.openjfx\cache\17.0.2-ea\api-ms-win-core-timezone-l1-1-0.dll
0x000001db7ef80000 - 0x000001db7ef83000 	C:\Users\User\.openjfx\cache\17.0.2-ea\api-ms-win-core-util-l1-1-0.dll
0x000001db7ef90000 - 0x000001db7ef93000 	C:\Users\User\.openjfx\cache\17.0.2-ea\api-ms-win-crt-conio-l1-1-0.dll
0x000001db7efa0000 - 0x000001db7efa4000 	C:\Users\User\.openjfx\cache\17.0.2-ea\api-ms-win-crt-convert-l1-1-0.dll
0x000001db7efb0000 - 0x000001db7efb3000 	C:\Users\User\.openjfx\cache\17.0.2-ea\api-ms-win-crt-environment-l1-1-0.dll
0x000001db7efc0000 - 0x000001db7efc3000 	C:\Users\User\.openjfx\cache\17.0.2-ea\api-ms-win-crt-filesystem-l1-1-0.dll
0x000001db7efd0000 - 0x000001db7efd3000 	C:\Users\User\.openjfx\cache\17.0.2-ea\api-ms-win-crt-heap-l1-1-0.dll
0x000001db7efe0000 - 0x000001db7efe3000 	C:\Users\User\.openjfx\cache\17.0.2-ea\api-ms-win-crt-locale-l1-1-0.dll
0x000001db7eff0000 - 0x000001db7eff5000 	C:\Users\User\.openjfx\cache\17.0.2-ea\api-ms-win-crt-math-l1-1-0.dll
0x000001db7fc00000 - 0x000001db7fc05000 	C:\Users\User\.openjfx\cache\17.0.2-ea\api-ms-win-crt-multibyte-l1-1-0.dll
0x000001db7fc10000 - 0x000001db7fc20000 	C:\Users\User\.openjfx\cache\17.0.2-ea\api-ms-win-crt-private-l1-1-0.dll
0x000001db7fc20000 - 0x000001db7fc23000 	C:\Users\User\.openjfx\cache\17.0.2-ea\api-ms-win-crt-process-l1-1-0.dll
0x000001db7fc30000 - 0x000001db7fc34000 	C:\Users\User\.openjfx\cache\17.0.2-ea\api-ms-win-crt-runtime-l1-1-0.dll
0x000001db7fc40000 - 0x000001db7fc44000 	C:\Users\User\.openjfx\cache\17.0.2-ea\api-ms-win-crt-stdio-l1-1-0.dll
0x000001db7fc50000 - 0x000001db7fc54000 	C:\Users\User\.openjfx\cache\17.0.2-ea\api-ms-win-crt-string-l1-1-0.dll
0x000001db7fc60000 - 0x000001db7fc63000 	C:\Users\User\.openjfx\cache\17.0.2-ea\api-ms-win-crt-time-l1-1-0.dll
0x000001db7fc70000 - 0x000001db7fc73000 	C:\Users\User\.openjfx\cache\17.0.2-ea\api-ms-win-crt-utility-l1-1-0.dll
0x00007ff87fa10000 - 0x00007ff87fb0c000 	C:\Users\User\.openjfx\cache\17.0.2-ea\ucrtbase.dll
0x00007ff894aa0000 - 0x00007ff894aba000 	C:\Users\User\.openjfx\cache\17.0.2-ea\vcruntime140.dll
0x00007ff896f30000 - 0x00007ff896f3c000 	C:\Users\User\.openjfx\cache\17.0.2-ea\vcruntime140_1.dll
0x00007ff881170000 - 0x00007ff8811fd000 	C:\Users\User\.openjfx\cache\17.0.2-ea\msvcp140.dll
0x00007ff894730000 - 0x00007ff89475a000 	C:\Users\User\.openjfx\cache\17.0.2-ea\prism_d3d.dll
0x00007ff89ebb0000 - 0x00007ff89ed7d000 	C:\Windows\system32\d3d9.dll
0x00007ff8aa6d0000 - 0x00007ff8aa6ff000 	C:\Windows\SYSTEM32\dwmapi.dll
0x00007ff8aa450000 - 0x00007ff8aa4ee000 	C:\Windows\system32\uxtheme.dll
0x00007ff8a1db0000 - 0x00007ff8a1ec7000 	C:\Windows\System32\DriverStore\FileRepository\nv_dispig.inf_amd64_ee20464bb4ac57f4\nvldumdx.dll
0x00007ff8ac6d0000 - 0x00007ff8ac6e2000 	C:\Windows\SYSTEM32\msasn1.dll
0x00007ff8a54f0000 - 0x00007ff8a5521000 	C:\Windows\SYSTEM32\cryptnet.dll
0x00007ff8acd30000 - 0x00007ff8ace86000 	C:\Windows\System32\CRYPT32.dll
0x00007ff8a52a0000 - 0x00007ff8a53e8000 	C:\Windows\SYSTEM32\drvstore.dll
0x00007ff8ac890000 - 0x00007ff8ac8bc000 	C:\Windows\SYSTEM32\devobj.dll
0x00007ff8acf20000 - 0x00007ff8acf6e000 	C:\Windows\System32\cfgmgr32.dll
0x00007ff8ac4b0000 - 0x00007ff8ac4bc000 	C:\Windows\SYSTEM32\cryptbase.dll
0x00007ff8accc0000 - 0x00007ff8acd27000 	C:\Windows\System32\WINTRUST.DLL
0x00007ff8adb50000 - 0x00007ff8adb6d000 	C:\Windows\System32\imagehlp.dll
0x00007ff8ac490000 - 0x00007ff8ac4a8000 	C:\Windows\SYSTEM32\CRYPTSP.dll
0x00007ff8abb50000 - 0x00007ff8abb84000 	C:\Windows\system32\rsaenh.dll
0x00007ff8ad020000 - 0x00007ff8ad047000 	C:\Windows\System32\bcrypt.dll
0x00007ff84c840000 - 0x00007ff84e04a000 	C:\Windows\System32\DriverStore\FileRepository\nv_dispig.inf_amd64_ee20464bb4ac57f4\nvd3dumx.dll
0x00007ff88d8c0000 - 0x00007ff88d902000 	C:\Users\User\.openjfx\cache\17.0.2-ea\glass.dll
0x00007ff8ad6c0000 - 0x00007ff8ad79a000 	C:\Windows\System32\COMDLG32.dll
0x00007ff8ae890000 - 0x00007ff8ae9ba000 	C:\Windows\System32\ole32.dll
0x00007ff8add70000 - 0x00007ff8ade3d000 	C:\Windows\System32\OLEAUT32.dll
0x00007ff8adc50000 - 0x00007ff8add64000 	C:\Windows\System32\MSCTF.dll
0x00007ff8ab370000 - 0x00007ff8ab393000 	C:\Windows\SYSTEM32\gpapi.dll
0x00007ff8a2660000 - 0x00007ff8a269b000 	C:\Windows\SYSTEM32\dxcore.dll
0x00007ff894710000 - 0x00007ff894724000 	C:\Users\User\.openjfx\cache\17.0.2-ea\javafx_font.dll
0x00007ff8874c0000 - 0x00007ff88773f000 	C:\Windows\SYSTEM32\dwrite.dll
0x00007ff8ae410000 - 0x00007ff8ae4b9000 	C:\Windows\System32\clbcatq.dll
0x00007ff8a6570000 - 0x00007ff8a6724000 	C:\Windows\SYSTEM32\WindowsCodecs.dll
0x00007ff8861a0000 - 0x00007ff8861de000 	C:\Windows\system32\dataexchange.dll
0x00007ff8a8f00000 - 0x00007ff8a9163000 	C:\Windows\system32\d3d11.dll
0x00007ff8a9810000 - 0x00007ff8a99f3000 	C:\Windows\system32\dcomp.dll
0x00007ff8ab3a0000 - 0x00007ff8ab493000 	C:\Windows\system32\dxgi.dll
0x00007ff8a6040000 - 0x00007ff8a6240000 	C:\Windows\system32\twinapi.appcore.dll
0x00007ff8948a0000 - 0x00007ff8948d4000 	C:\Program Files\Common Files\Microsoft Shared\Ink\rtscom.dll
0x00007ff892810000 - 0x00007ff892909000 	C:\Windows\SYSTEM32\textinputframework.dll
0x00007ff8aa0e0000 - 0x00007ff8aa1d2000 	C:\Windows\System32\CoreMessaging.dll

dbghelp: loaded successfully - version: 4.0.5 - missing functions: none
symbol engine: initialized successfully - sym options: 0x614 - pdb path: .;C:\Users\User\.jdks\azul-17.0.6\bin;C:\Windows\SYSTEM32;C:\Windows\WinSxS\amd64_microsoft.windows.common-controls_6595b64144ccf1df_6.0.19041.1110_none_60b5254171f9507e;C:\Users\User\.jdks\azul-17.0.6\bin\server;C:\Program Files\JetBrains\IntelliJ IDEA Community Edition 2022.3.3\bin;C:\Users\User\.openjfx\cache\17.0.2-ea;C:\Windows\System32\DriverStore\FileRepository\nv_dispig.inf_amd64_ee20464bb4ac57f4;C:\Program Files\Common Files\Microsoft Shared\Ink;C:\Users\User\AppData\Local\Temp;C:\Users\User\AppData\Local\Temp\jSerialComm\2.9.3

VM Arguments:
jvm_args: -javaagent:C:\Program Files\JetBrains\IntelliJ IDEA Community Edition 2022.3.3\lib\idea_rt.jar=52323:C:\Program Files\JetBrains\IntelliJ IDEA Community Edition 2022.3.3\bin -Dfile.encoding=UTF-8 --module-path=C:\Users\User\.m2\repository\org\openjfx\javafx-graphics\17.0.2\javafx-graphics-17.0.2-win.jar;C:\Projetos_Biopdi\mBioLabv2\target\classes;C:\Users\User\.m2\repository\org\openjfx\javafx-controls\17.0.2\javafx-controls-17.0.2-win.jar;C:\Users\User\.m2\repository\org\openjfx\javafx-base\17.0.2\javafx-base-17.0.2-win.jar;C:\Users\User\.m2\repository\com\fazecast\jSerialComm\2.9.3\jSerialComm-2.9.3.jar;C:\Users\User\.m2\repository\org\xerial\sqlite-jdbc\3.8.11.2\sqlite-jdbc-3.8.11.2.jar;C:\Users\User\.m2\repository\org\openjfx\javafx-fxml\17.0.2\javafx-fxml-17.0.2-win.jar -Djdk.module.main=br.com.biopdi.mbiolabv2 
java_command: br.com.biopdi.mbiolabv2/br.com.biopdi.mbiolabv2.mBioLabv2Application
java_class_path (initial): C:\Users\User\.m2\repository\org\openjfx\javafx-controls\17.0.2\javafx-controls-17.0.2.jar;C:\Users\User\.m2\repository\org\openjfx\javafx-graphics\17.0.2\javafx-graphics-17.0.2.jar;C:\Users\User\.m2\repository\org\openjfx\javafx-base\17.0.2\javafx-base-17.0.2.jar;C:\Users\User\.m2\repository\org\openjfx\javafx-fxml\17.0.2\javafx-fxml-17.0.2.jar;C:\Users\User\.m2\repository\org\springframework\boot\spring-boot-starter-data-jpa\2.7.0\spring-boot-starter-data-jpa-2.7.0.jar;C:\Users\User\.m2\repository\org\springframework\boot\spring-boot-starter-aop\2.7.0\spring-boot-starter-aop-2.7.0.jar;C:\Users\User\.m2\repository\org\springframework\boot\spring-boot-starter\2.7.0\spring-boot-starter-2.7.0.jar;C:\Users\User\.m2\repository\org\springframework\boot\spring-boot\2.7.0\spring-boot-2.7.0.jar;C:\Users\User\.m2\repository\org\springframework\boot\spring-boot-autoconfigure\2.7.0\spring-boot-autoconfigure-2.7.0.jar;C:\Users\User\.m2\repository\org\springframework\boot\spring-boot-starter-logging\2.7.0\spring-boot-starter-logging-2.7.0.jar;C:\Users\User\.m2\repository\ch\qos\logback\logback-classic\1.2.11\logback-classic-1.2.11.jar;C:\Users\User\.m2\repository\ch\qos\logback\logback-core\1.2.11\logback-core-1.2.11.jar;C:\Users\User\.m2\repository\org\apache\logging\log4j\log4j-to-slf4j\2.17.2\log4j-to-slf4j-2.17.2.jar;C:\Users\User\.m2\repository\org\apache\logging\log4j\log4j-api\2.17.2\log4j-api-2.17.2.jar;C:\Users\User\.m2\repository\org\slf4j\jul-to-slf4j\1.7.36\jul-to-slf4j-1.7.36.jar;C:\Users\User\.m2\repository\jakarta\annotation\jakarta.annotation-api\1.3.5\jakarta.annotation-api-1.3.5.jar;C:\Users\User\.m2\repository\org\yaml\snakeyaml\1.30\snakeyaml-1.30.jar;C:\Users\User\.m2\repository\org\springframework\spring-aop\5.3.20\spring-aop-5.3.20.jar;C:\Users\User\.m2\repository\org\aspectj\aspectjweaver\1.9.7\aspectjweaver-1.9.7.jar;C:\Users\User\.m2\repository\org\springframework\boot\spring-boot-starter-jdbc\2.7.0\spring-boot-starter-jdbc-
Launcher Type: SUN_STANDARD

[Global flags]
     intx CICompilerCount                          = 4                                         {product} {ergonomic}
     uint ConcGCThreads                            = 3                                         {product} {ergonomic}
     uint G1ConcRefinementThreads                  = 10                                        {product} {ergonomic}
   size_t G1HeapRegionSize                         = 2097152                                   {product} {ergonomic}
    uintx GCDrainStackTargetSize                   = 64                                        {product} {ergonomic}
   size_t InitialHeapSize                          = 266338304                                 {product} {ergonomic}
   size_t MarkStackSize                            = 4194304                                   {product} {ergonomic}
   size_t MaxHeapSize                              = 4257218560                                {product} {ergonomic}
   size_t MaxNewSize                               = 2554331136                                {product} {ergonomic}
   size_t MinHeapDeltaBytes                        = 2097152                                   {product} {ergonomic}
   size_t MinHeapSize                              = 8388608                                   {product} {ergonomic}
    uintx NonNMethodCodeHeapSize                   = 5839372                                {pd product} {ergonomic}
    uintx NonProfiledCodeHeapSize                  = 122909434                              {pd product} {ergonomic}
    uintx ProfiledCodeHeapSize                     = 122909434                              {pd product} {ergonomic}
    uintx ReservedCodeCacheSize                    = 251658240                              {pd product} {ergonomic}
     bool SegmentedCodeCache                       = true                                      {product} {ergonomic}
   size_t SoftMaxHeapSize                          = 4257218560                             {manageable} {ergonomic}
     bool UseCompressedClassPointers               = true                           {product lp64_product} {ergonomic}
     bool UseCompressedOops                        = true                           {product lp64_product} {ergonomic}
     bool UseG1GC                                  = true                                      {product} {ergonomic}
     bool UseLargePagesIndividualAllocation        = false                                  {pd product} {ergonomic}

Logging:
Log output configuration:
 #0: stdout all=warning uptime,level,tags
 #1: stderr all=off uptime,level,tags

Environment Variables:
JAVA_HOME=C:\Program Files\Java\jdk1.8.0_202
PATH=C:\Program Files (x86)\Common Files\Oracle\Java\javapath;C:\Windows\system32;C:\Windows;C:\Windows\System32\Wbem;C:\Windows\System32\WindowsPowerShell\v1.0\;C:\Windows\System32\OpenSSH\;C:\Program Files\Microsoft SQL Server\150\Tools\Binn\;C:\Program Files\dotnet\;C:\Program Files (x86)\IVI Foundation\VISA\WinNT\Bin\;C:\Program Files\IVI Foundation\VISA\Win64\Bin\;C:\Program Files (x86)\IVI Foundation\VISA\WinNT\Bin;C:\Program Files\Git\cmd;C:\Program Files\Amazon\AWSCLIV2\;C:\Program Files\MySQL\MySQL Shell 8.0\bin\;C:\Users\User\AppData\Local\Microsoft\WindowsApps;C:\Program Files\Java\jdk1.8.0_202\bin;C:\Users\User\.dotnet\tools
USERNAME=User
OS=Windows_NT
PROCESSOR_IDENTIFIER=Intel64 Family 6 Model 165 Stepping 3, GenuineIntel
TMP=C:\Users\User\AppData\Local\Temp
TEMP=C:\Users\User\AppData\Local\Temp



---------------  S Y S T E M  ---------------

OS:
 Windows 10 , 64 bit Build 19041 (10.0.19041.2788)
OS uptime: 1 days 1:14 hours

CPU: total 12 (initial active 12) (6 cores per cpu, 2 threads per core) family 6 model 165 stepping 3 microcode 0xea, cx8, cmov, fxsr, ht, mmx, 3dnowpref, sse, sse2, sse3, ssse3, sse4.1, sse4.2, popcnt, lzcnt, tsc, tscinvbit, avx, avx2, aes, erms, clmul, bmi1, bmi2, adx, fma, vzeroupper, clflush, clflushopt

Memory: 4k page, system-wide physical 16236M (8546M free)
TotalPageFile size 21100M (AvailPageFile size 6057M)
current process WorkingSet (physical memory assigned to process): 153M, peak: 170M
current process commit charge ("private bytes"): 445M, peak: 459M

vm_info: OpenJDK 64-Bit Server VM (17.0.6+10-LTS) for windows-amd64 JRE (17.0.6+10-LTS) (Zulu17.40+19-CA), built on Jan  4 2023 14:58:55 by "zulu_re" with MS VC++ 16.10 / 16.11 (VS2019)

END.
