#
# A fatal error has been detected by the Java Runtime Environment:
#
#  EXCEPTION_ACCESS_VIOLATION (0xc0000005) at pc=0x000000006d5dd977, pid=14048, tid=6308
#
# JRE version: OpenJDK Runtime Environment Zulu17.40+19-CA (17.0.6+10) (build 17.0.6+10-LTS)
# Java VM: OpenJDK 64-Bit Server VM Zulu17.40+19-CA (17.0.6+10-LTS, mixed mode, sharing, tiered, compressed oops, compressed class ptrs, g1 gc, windows-amd64)
# Problematic frame:
# C  [sqlite-3.8.11.2-6eb43da8-d463-428c-9ec0-3d1736a36601-sqlitejdbc.dll+0x5d977]
#
# No core dump will be written. Minidumps are not enabled by default on client versions of Windows
#
# If you would like to submit a bug report, please visit:
#   http://www.azul.com/support/
# The crash happened outside the Java Virtual Machine in native code.
# See problematic frame for where to report the bug.
#

---------------  S U M M A R Y ------------

Command Line: -javaagent:C:\Program Files\JetBrains\IntelliJ IDEA Community Edition 2022.3.3\lib\idea_rt.jar=58241:C:\Program Files\JetBrains\IntelliJ IDEA Community Edition 2022.3.3\bin -Dfile.encoding=UTF-8 --module-path=C:\Projetos_Biopdi\mBioLabv2\target\classes;C:\Users\User\.m2\repository\org\xerial\sqlite-jdbc\3.8.11.2\sqlite-jdbc-3.8.11.2.jar;C:\Users\User\.m2\repository\org\openjfx\javafx-fxml\17.0.2\javafx-fxml-17.0.2-win.jar;C:\Users\User\.m2\repository\org\openjfx\javafx-graphics\17.0.2\javafx-graphics-17.0.2-win.jar;C:\Users\User\.m2\repository\org\openjfx\javafx-controls\17.0.2\javafx-controls-17.0.2-win.jar;C:\Users\User\.m2\repository\org\openjfx\javafx-base\17.0.2\javafx-base-17.0.2-win.jar;C:\Users\User\.m2\repository\com\fazecast\jSerialComm\2.9.3\jSerialComm-2.9.3.jar -Djdk.module.main=br.com.biopdi.mbiolabv2 br.com.biopdi.mbiolabv2/br.com.biopdi.mbiolabv2.mBioLabv2Application

Host: Intel(R) Core(TM) i5-10400F CPU @ 2.90GHz, 12 cores, 15G,  Windows 10 , 64 bit Build 19041 (10.0.19041.2788)
Time: Thu Apr 13 15:51:17 2023 Hora oficial do Brasil elapsed time: 6.288780 seconds (0d 0h 0m 6s)

---------------  T H R E A D  ---------------

Current thread (0x00000246144b4a00):  JavaThread "Thread-6" [_thread_in_native, id=6308, stack(0x0000007ce0100000,0x0000007ce0200000)]

Stack: [0x0000007ce0100000,0x0000007ce0200000],  sp=0x0000007ce01ff280,  free space=1020k
Native frames: (J=compiled Java code, j=interpreted, Vv=VM code, C=native code)
C  [sqlite-3.8.11.2-6eb43da8-d463-428c-9ec0-3d1736a36601-sqlitejdbc.dll+0x5d977]

Java frames: (J=compiled Java code, j=interpreted, Vv=VM code)
j  org.sqlite.core.NativeDB.reset(J)I+0 sqlite.jdbc@3.8.11.2
j  org.sqlite.core.CoreResultSet.close()V+81 sqlite.jdbc@3.8.11.2
j  org.sqlite.jdbc3.JDBC3PreparedStatement.executeQuery()Ljava/sql/ResultSet;+25 sqlite.jdbc@3.8.11.2
j  br.com.biopdi.mbiolabv2.controller.repository.dao.SystemVariableDAO.find()Lbr/com/biopdi/mbiolabv2/model/bean/SystemVariable;+20 br.com.biopdi.mbiolabv2
j  br.com.biopdi.mbiolabv2.controller.SceneController.HomeSceneController.lambda$initialize$0()V+19 br.com.biopdi.mbiolabv2
j  br.com.biopdi.mbiolabv2.controller.SceneController.HomeSceneController$$Lambda$210+0x0000000800d9f5a8.run()V+4 br.com.biopdi.mbiolabv2
j  java.lang.Thread.run()V+11 java.base@17.0.6
v  ~StubRoutines::call_stub

siginfo: EXCEPTION_ACCESS_VIOLATION (0xc0000005), reading address 0x0000000000000018


Register to memory mapping:

RIP=0x000000006d5dd977 sqlite-3.8.11.2-6eb43da8-d463-428c-9ec0-3d1736a36601-sqlitejdbc.dll
RAX=0x0 is NULL
RBX=0x00000246199791a8 points into unknown readable memory: 0x0000000000000000 | 00 00 00 00 00 00 00 00
RCX=0x00000246199791a8 points into unknown readable memory: 0x0000000000000000 | 00 00 00 00 00 00 00 00
RDX=0x0000007ce01ff398 is pointing into the stack for thread: 0x00000246144b4a00
RSP=0x0000007ce01ff280 is pointing into the stack for thread: 0x00000246144b4a00
RBP=0x0000007ce01ff368 is pointing into the stack for thread: 0x00000246144b4a00
RSI=0x0 is NULL
RDI=0x0000024607539612 is at code_begin+1394 in an Interpreter codelet
return entry points  [0x00000246075390a0, 0x0000024607539ba0]  2816 bytes
R8 =0x00000246199791a8 points into unknown readable memory: 0x0000000000000000 | 00 00 00 00 00 00 00 00
R9 =0x0000000000000001 is an unknown value
R10=0x000002460753e096 is at code_begin+1206 in an Interpreter codelet
method entry point (kind = native_synchronized)  [0x000002460753dbe0, 0x000002460753e680]  2720 bytes
R11=0x0000000000000121 is an unknown value
R12=0x0 is NULL
R13={method} {0x00000246135ddb20} 'reset' '(J)I' in 'org/sqlite/core/NativeDB'
R14=0x0000007ce01ff398 is pointing into the stack for thread: 0x00000246144b4a00
R15=0x00000246144b4a00 is a thread


Registers:
RAX=0x0000000000000000, RBX=0x00000246199791a8, RCX=0x00000246199791a8, RDX=0x0000007ce01ff398
RSP=0x0000007ce01ff280, RBP=0x0000007ce01ff368, RSI=0x0000000000000000, RDI=0x0000024607539612
R8 =0x00000246199791a8, R9 =0x0000000000000001, R10=0x000002460753e096, R11=0x0000000000000121
R12=0x0000000000000000, R13=0x00000246135ddb18, R14=0x0000007ce01ff398, R15=0x00000246144b4a00
RIP=0x000000006d5dd977, EFLAGS=0x0000000000010202

Top of Stack: (sp=0x0000007ce01ff280)
0x0000007ce01ff280:   0000024614698700 0000007c00000002
0x0000007ce01ff290:   0000024614a17c40 0000007ce01ff310
0x0000007ce01ff2a0:   0000024614a17d40 00007ffc41735320
0x0000007ce01ff2b0:   00000246144b4a00 00000246135ddb18
0x0000007ce01ff2c0:   0000024613007ef0 000002460753e0c5
0x0000007ce01ff2d0:   0000024607539612 000002460753de0e
0x0000007ce01ff2e0:   00000246135ddb18 0000007ce01ff368
0x0000007ce01ff2f0:   0000024613007ef0 0000000710304e50
0x0000007ce01ff300:   0000007ce01ff300 000002460753ddcb
0x0000007ce01ff310:   0000000000000003 0000000710304118
0x0000007ce01ff320:   0000007ce01ff310 00000246135ddb18
0x0000007ce01ff330:   0000007ce01ff398 000002461361b630
0x0000007ce01ff340:   0000000000000000 000000070fe12c10
0x0000007ce01ff350:   00000246135ddb18 0000000000000000
0x0000007ce01ff360:   0000007ce01ff388 0000007ce01ff3e8
0x0000007ce01ff370:   0000024607539612 0000000000000000 

Instructions: (pc=0x000000006d5dd977)
0x000000006d5dd877:   48 83 c4 20 5b c3 0f 1f 00 53 48 83 ec 20 48 8b
0x000000006d5dd887:   01 48 89 cb 48 8b 48 18 48 81 c1 d0 01 00 00 e8
0x000000006d5dd897:   c5 ff ff ff 48 8d 4b 08 e8 5c df ff ff 48 8b 4b
0x000000006d5dd8a7:   60 e8 13 fd fa ff 48 8b 4b 78 e8 0a fd fa ff 48
0x000000006d5dd8b7:   8b 8b a0 00 00 00 e8 fe fc fa ff 48 89 d9 e8 f6
0x000000006d5dd8c7:   fc fa ff 31 c0 48 83 c4 20 5b c3 66 66 66 66 66
0x000000006d5dd8d7:   2e 0f 1f 84 00 00 00 00 00 57 56 53 48 83 ec 20
0x000000006d5dd8e7:   48 89 cb 48 8b 49 10 e8 cd db ff ff 48 8b 4b 18
0x000000006d5dd8f7:   e8 74 df ff ff 48 8b 73 28 48 85 f6 75 0e eb 26
0x000000006d5dd907:   66 0f 1f 84 00 00 00 00 00 48 89 fe 48 8b 4e 18
0x000000006d5dd917:   48 8b 7e 10 e8 a0 fc fa ff 48 89 f1 e8 98 fc fa
0x000000006d5dd927:   ff 48 85 ff 75 e3 48 8b 4b 40 48 c7 43 28 00 00
0x000000006d5dd937:   00 00 e8 82 fc fa ff 48 8b 4b 78 e8 79 05 fb ff
0x000000006d5dd947:   48 89 d9 e8 71 fc fa ff 31 c0 48 83 c4 20 5b 5e
0x000000006d5dd957:   5f c3 0f 1f 80 00 00 00 00 56 53 48 83 ec 38 31
0x000000006d5dd967:   c0 48 85 c9 48 89 cb 0f 84 aa 00 00 00 48 8b 31
0x000000006d5dd977:   48 8b 4e 18 48 85 c9 74 06 ff 15 62 a9 03 00 48
0x000000006d5dd987:   83 bb b8 00 00 00 00 7e 16 48 8d 93 b8 00 00 00
0x000000006d5dd997:   4c 8d 83 e0 00 00 00 48 89 f1 e8 8a 4f fb ff 48
0x000000006d5dd9a7:   89 d9 e8 62 d8 ff ff 48 89 f1 c7 43 44 a3 0d f2
0x000000006d5dd9b7:   bd c7 83 80 00 00 00 ff ff ff ff c7 83 84 00 00
0x000000006d5dd9c7:   00 00 00 00 00 c6 83 8a 00 00 00 02 89 c2 c7 83
0x000000006d5dd9d7:   90 00 00 00 00 00 00 00 c7 43 7c 01 00 00 00 c6
0x000000006d5dd9e7:   83 8b 00 00 00 ff c7 83 9c 00 00 00 00 00 00 00
0x000000006d5dd9f7:   48 c7 83 c8 00 00 00 00 00 00 00 e8 c9 19 fb ff
0x000000006d5dda07:   48 8b 4e 18 48 85 c9 74 0e 89 44 24 28 ff 15 de
0x000000006d5dda17:   a8 03 00 8b 44 24 28 48 83 c4 38 5b 5e c3 66 66
0x000000006d5dda27:   2e 0f 1f 84 00 00 00 00 00 41 57 41 56 41 55 41
0x000000006d5dda37:   54 55 57 56 53 48 81 ec 78 05 00 00 0f 29 b4 24
0x000000006d5dda47:   40 05 00 00 0f 29 bc 24 50 05 00 00 44 0f 29 84
0x000000006d5dda57:   24 60 05 00 00 48 8d 91 98 00 00 00 48 89 cd 48
0x000000006d5dda67:   8b 31 4c 8b 51 08 4c 8b 71 10 8b 89 98 00 00 00 


Stack slot to memory mapping:
stack at sp + 0 slots: 0x0000024614698700 points into unknown readable memory: 0x0000000000000000 | 00 00 00 00 00 00 00 00
stack at sp + 1 slots: 0x0000007c00000002 is an unknown value
stack at sp + 2 slots: 0x0000024614a17c40 points into unknown readable memory: 0x0000000000000000 | 00 00 00 00 00 00 00 00
stack at sp + 3 slots: 0x0000007ce01ff310 is pointing into the stack for thread: 0x00000246144b4a00
stack at sp + 4 slots: 0x0000024614a17d40 points into unknown readable memory: 0x67726f5f00000002 | 02 00 00 00 5f 6f 72 67
stack at sp + 5 slots: 0x00007ffc41735320 jvm.dll
stack at sp + 6 slots: 0x00000246144b4a00 is a thread
stack at sp + 7 slots: {method} {0x00000246135ddb20} 'reset' '(J)I' in 'org/sqlite/core/NativeDB'


---------------  P R O C E S S  ---------------

Threads class SMR info:
_java_thread_list=0x0000024614673020, length=23, elements={
0x000002466d6810b0, 0x000002467fb63510, 0x000002467fb64390, 0x000002467fb72fa0,
0x000002467fb74a80, 0x000002467fb77550, 0x000002467fb77f10, 0x000002467fb792c0,
0x000002467fb79d70, 0x000002467fb89a70, 0x000002467fc84170, 0x0000024613f4e2e0,
0x0000024613f4e7c0, 0x0000024613e197e0, 0x00000246140d2c50, 0x0000024614232030,
0x00000246144b5420, 0x00000246144b6350, 0x00000246144b5930, 0x00000246144b4f10,
0x00000246144b4a00, 0x000002461cf840f0, 0x000002461cf87db0
}

Java Threads: ( => current thread )
  0x000002466d6810b0 JavaThread "main" [_thread_blocked, id=4276, stack(0x0000007cddd00000,0x0000007cdde00000)]
  0x000002467fb63510 JavaThread "Reference Handler" daemon [_thread_blocked, id=3516, stack(0x0000007cde400000,0x0000007cde500000)]
  0x000002467fb64390 JavaThread "Finalizer" daemon [_thread_blocked, id=11476, stack(0x0000007cde500000,0x0000007cde600000)]
  0x000002467fb72fa0 JavaThread "Signal Dispatcher" daemon [_thread_blocked, id=2592, stack(0x0000007cde600000,0x0000007cde700000)]
  0x000002467fb74a80 JavaThread "Attach Listener" daemon [_thread_blocked, id=7580, stack(0x0000007cde700000,0x0000007cde800000)]
  0x000002467fb77550 JavaThread "Service Thread" daemon [_thread_blocked, id=4552, stack(0x0000007cde800000,0x0000007cde900000)]
  0x000002467fb77f10 JavaThread "Monitor Deflation Thread" daemon [_thread_blocked, id=1540, stack(0x0000007cde900000,0x0000007cdea00000)]
  0x000002467fb792c0 JavaThread "C2 CompilerThread0" daemon [_thread_blocked, id=4968, stack(0x0000007cdea00000,0x0000007cdeb00000)]
  0x000002467fb79d70 JavaThread "C1 CompilerThread0" daemon [_thread_blocked, id=7184, stack(0x0000007cdeb00000,0x0000007cdec00000)]
  0x000002467fb89a70 JavaThread "Sweeper thread" daemon [_thread_blocked, id=13332, stack(0x0000007cdec00000,0x0000007cded00000)]
  0x000002467fc84170 JavaThread "Common-Cleaner" daemon [_thread_blocked, id=8380, stack(0x0000007cded00000,0x0000007cdee00000)]
  0x0000024613f4e2e0 JavaThread "Monitor Ctrl-Break" daemon [_thread_in_native, id=4312, stack(0x0000007cdf000000,0x0000007cdf100000)]
  0x0000024613f4e7c0 JavaThread "Notification Thread" daemon [_thread_blocked, id=2536, stack(0x0000007cdf100000,0x0000007cdf200000)]
  0x0000024613e197e0 JavaThread "QuantumRenderer-0" daemon [_thread_blocked, id=11448, stack(0x0000007cdf300000,0x0000007cdf400000)]
  0x00000246140d2c50 JavaThread "InvokeLaterDispatcher" daemon [_thread_blocked, id=3628, stack(0x0000007cdf500000,0x0000007cdf600000)]
  0x0000024614232030 JavaThread "JavaFX Application Thread" [_thread_in_native, id=14664, stack(0x0000007cdf600000,0x0000007cdf700000)]
  0x00000246144b5420 JavaThread "JavaFX-Launcher" [_thread_blocked, id=13240, stack(0x0000007cdf900000,0x0000007cdfa00000)]
  0x00000246144b6350 JavaThread "Thread-2" daemon [_thread_in_native, id=9244, stack(0x0000007cdf800000,0x0000007cdf900000)]
  0x00000246144b5930 JavaThread "Thread-4" [_thread_blocked, id=172, stack(0x0000007cdff00000,0x0000007ce0000000)]
  0x00000246144b4f10 JavaThread "Thread-5" [_thread_blocked, id=2024, stack(0x0000007ce0000000,0x0000007ce0100000)]
=>0x00000246144b4a00 JavaThread "Thread-6" [_thread_in_native, id=6308, stack(0x0000007ce0100000,0x0000007ce0200000)]
  0x000002461cf840f0 JavaThread "Prism Font Disposer" daemon [_thread_blocked, id=12828, stack(0x0000007ce0800000,0x0000007ce0900000)]
  0x000002461cf87db0 JavaThread "Cleaner-0" daemon [_thread_blocked, id=14628, stack(0x0000007ce0a00000,0x0000007ce0b00000)]

Other Threads:
  0x000002467fb5d8f0 VMThread "VM Thread" [stack: 0x0000007cde300000,0x0000007cde400000] [id=572]
  0x000002466d705d80 WatcherThread [stack: 0x0000007cdf200000,0x0000007cdf300000] [id=12152]
  0x000002466d6ec5e0 GCTaskThread "GC Thread#0" [stack: 0x0000007cdde00000,0x0000007cddf00000] [id=6860]
  0x00000246144d2bd0 GCTaskThread "GC Thread#1" [stack: 0x0000007cdfa00000,0x0000007cdfb00000] [id=4684]
  0x00000246144aeda0 GCTaskThread "GC Thread#2" [stack: 0x0000007cdfb00000,0x0000007cdfc00000] [id=9012]
  0x0000024614597c60 GCTaskThread "GC Thread#3" [stack: 0x0000007cdfc00000,0x0000007cdfd00000] [id=4072]
  0x0000024614261440 GCTaskThread "GC Thread#4" [stack: 0x0000007cdfd00000,0x0000007cdfe00000] [id=2508]
  0x0000024614261b80 GCTaskThread "GC Thread#5" [stack: 0x0000007cdfe00000,0x0000007cdff00000] [id=12500]
  0x000002461ce5a400 GCTaskThread "GC Thread#6" [stack: 0x0000007cdef00000,0x0000007cdf000000] [id=4248]
  0x0000024614a8eae0 GCTaskThread "GC Thread#7" [stack: 0x0000007ce0500000,0x0000007ce0600000] [id=7148]
  0x0000024615007310 GCTaskThread "GC Thread#8" [stack: 0x0000007ce0600000,0x0000007ce0700000] [id=11284]
  0x0000024614fecf70 GCTaskThread "GC Thread#9" [stack: 0x0000007ce0700000,0x0000007ce0800000] [id=14092]
  0x000002466d6fe300 ConcurrentGCThread "G1 Main Marker" [stack: 0x0000007cddf00000,0x0000007cde000000] [id=1552]
  0x000002466d6fed10 ConcurrentGCThread "G1 Conc#0" [stack: 0x0000007cde000000,0x0000007cde100000] [id=6480]
  0x000002467f6e76a0 ConcurrentGCThread "G1 Refine#0" [stack: 0x0000007cde100000,0x0000007cde200000] [id=8364]
  0x000002466d74dd80 ConcurrentGCThread "G1 Service" [stack: 0x0000007cde200000,0x0000007cde300000] [id=1580]

Threads with active compile tasks:

VM state: not at safepoint (normal execution)

VM Mutex/Monitor currently owned by a thread: None

Heap address: 0x0000000702400000, size: 4060 MB, Compressed Oops mode: Zero based, Oop shift amount: 3

CDS archive(s) mapped at: [0x0000000800000000-0x0000000800c00000-0x0000000800c00000), size 12582912, SharedBaseAddress: 0x0000000800000000, ArchiveRelocationMode: 0.
Compressed class space mapped at: 0x0000000800c00000-0x0000000840c00000, reserved size: 1073741824
Narrow klass base: 0x0000000800000000, Narrow klass shift: 0, Narrow klass range: 0x100000000

GC Precious Log:
 CPUs: 12 total, 12 available
 Memory: 16236M
 Large Page Support: Disabled
 NUMA Support: Disabled
 Compressed Oops: Enabled (Zero based)
 Heap Region Size: 2M
 Heap Min Capacity: 8M
 Heap Initial Capacity: 254M
 Heap Max Capacity: 4060M
 Pre-touch: Disabled
 Parallel Workers: 10
 Concurrent Workers: 3
 Concurrent Refinement Workers: 10
 Periodic GC: Disabled

Heap:
 garbage-first heap   total 260096K, used 46815K [0x0000000702400000, 0x0000000800000000)
  region size 2048K, 19 young (38912K), 3 survivors (6144K)
 Metaspace       used 18462K, committed 18752K, reserved 1064960K
  class space    used 2736K, committed 2880K, reserved 1048576K

Heap Regions: E=young(eden), S=young(survivor), O=old, HS=humongous(starts), HC=humongous(continues), CS=collection set, F=free, OA=open archive, CA=closed archive, TAMS=top-at-mark-start (previous, next)
|   0|0x0000000702400000, 0x0000000702600000, 0x0000000702600000|100%| O|  |TAMS 0x0000000702400000, 0x0000000702400000| Untracked 
|   1|0x0000000702600000, 0x0000000702800000, 0x0000000702800000|100%|HS|  |TAMS 0x0000000702600000, 0x0000000702600000| Complete 
|   2|0x0000000702800000, 0x0000000702a00000, 0x0000000702a00000|100%|HC|  |TAMS 0x0000000702800000, 0x0000000702800000| Complete 
|   3|0x0000000702a00000, 0x0000000702c00000, 0x0000000702c00000|100%| O|  |TAMS 0x0000000702a00000, 0x0000000702a00000| Untracked 
|   4|0x0000000702c00000, 0x0000000702d5b800, 0x0000000702e00000| 67%| O|  |TAMS 0x0000000702c00000, 0x0000000702c00000| Untracked 
|   5|0x0000000702e00000, 0x0000000703000000, 0x0000000703000000|100%|HS|  |TAMS 0x0000000702e00000, 0x0000000702e00000| Complete 
|   6|0x0000000703000000, 0x0000000703000000, 0x0000000703200000|  0%| F|  |TAMS 0x0000000703000000, 0x0000000703000000| Untracked 
|   7|0x0000000703200000, 0x0000000703200000, 0x0000000703400000|  0%| F|  |TAMS 0x0000000703200000, 0x0000000703200000| Untracked 
|   8|0x0000000703400000, 0x0000000703400000, 0x0000000703600000|  0%| F|  |TAMS 0x0000000703400000, 0x0000000703400000| Untracked 
|   9|0x0000000703600000, 0x0000000703600000, 0x0000000703800000|  0%| F|  |TAMS 0x0000000703600000, 0x0000000703600000| Untracked 
|  10|0x0000000703800000, 0x0000000703800000, 0x0000000703a00000|  0%| F|  |TAMS 0x0000000703800000, 0x0000000703800000| Untracked 
|  11|0x0000000703a00000, 0x0000000703a00000, 0x0000000703c00000|  0%| F|  |TAMS 0x0000000703a00000, 0x0000000703a00000| Untracked 
|  12|0x0000000703c00000, 0x0000000703c00000, 0x0000000703e00000|  0%| F|  |TAMS 0x0000000703c00000, 0x0000000703c00000| Untracked 
|  13|0x0000000703e00000, 0x0000000703e00000, 0x0000000704000000|  0%| F|  |TAMS 0x0000000703e00000, 0x0000000703e00000| Untracked 
|  14|0x0000000704000000, 0x0000000704000000, 0x0000000704200000|  0%| F|  |TAMS 0x0000000704000000, 0x0000000704000000| Untracked 
|  15|0x0000000704200000, 0x0000000704200000, 0x0000000704400000|  0%| F|  |TAMS 0x0000000704200000, 0x0000000704200000| Untracked 
|  16|0x0000000704400000, 0x0000000704400000, 0x0000000704600000|  0%| F|  |TAMS 0x0000000704400000, 0x0000000704400000| Untracked 
|  17|0x0000000704600000, 0x0000000704600000, 0x0000000704800000|  0%| F|  |TAMS 0x0000000704600000, 0x0000000704600000| Untracked 
|  18|0x0000000704800000, 0x0000000704800000, 0x0000000704a00000|  0%| F|  |TAMS 0x0000000704800000, 0x0000000704800000| Untracked 
|  19|0x0000000704a00000, 0x0000000704a00000, 0x0000000704c00000|  0%| F|  |TAMS 0x0000000704a00000, 0x0000000704a00000| Untracked 
|  20|0x0000000704c00000, 0x0000000704c00000, 0x0000000704e00000|  0%| F|  |TAMS 0x0000000704c00000, 0x0000000704c00000| Untracked 
|  21|0x0000000704e00000, 0x0000000704e00000, 0x0000000705000000|  0%| F|  |TAMS 0x0000000704e00000, 0x0000000704e00000| Untracked 
|  22|0x0000000705000000, 0x0000000705000000, 0x0000000705200000|  0%| F|  |TAMS 0x0000000705000000, 0x0000000705000000| Untracked 
|  23|0x0000000705200000, 0x0000000705200000, 0x0000000705400000|  0%| F|  |TAMS 0x0000000705200000, 0x0000000705200000| Untracked 
|  24|0x0000000705400000, 0x0000000705400000, 0x0000000705600000|  0%| F|  |TAMS 0x0000000705400000, 0x0000000705400000| Untracked 
|  25|0x0000000705600000, 0x0000000705600000, 0x0000000705800000|  0%| F|  |TAMS 0x0000000705600000, 0x0000000705600000| Untracked 
|  26|0x0000000705800000, 0x0000000705800000, 0x0000000705a00000|  0%| F|  |TAMS 0x0000000705800000, 0x0000000705800000| Untracked 
|  27|0x0000000705a00000, 0x0000000705a00000, 0x0000000705c00000|  0%| F|  |TAMS 0x0000000705a00000, 0x0000000705a00000| Untracked 
|  28|0x0000000705c00000, 0x0000000705c00000, 0x0000000705e00000|  0%| F|  |TAMS 0x0000000705c00000, 0x0000000705c00000| Untracked 
|  29|0x0000000705e00000, 0x0000000705e00000, 0x0000000706000000|  0%| F|  |TAMS 0x0000000705e00000, 0x0000000705e00000| Untracked 
|  30|0x0000000706000000, 0x0000000706000000, 0x0000000706200000|  0%| F|  |TAMS 0x0000000706000000, 0x0000000706000000| Untracked 
|  31|0x0000000706200000, 0x0000000706200000, 0x0000000706400000|  0%| F|  |TAMS 0x0000000706200000, 0x0000000706200000| Untracked 
|  32|0x0000000706400000, 0x0000000706400000, 0x0000000706600000|  0%| F|  |TAMS 0x0000000706400000, 0x0000000706400000| Untracked 
|  33|0x0000000706600000, 0x0000000706600000, 0x0000000706800000|  0%| F|  |TAMS 0x0000000706600000, 0x0000000706600000| Untracked 
|  34|0x0000000706800000, 0x0000000706800000, 0x0000000706a00000|  0%| F|  |TAMS 0x0000000706800000, 0x0000000706800000| Untracked 
|  35|0x0000000706a00000, 0x0000000706a00000, 0x0000000706c00000|  0%| F|  |TAMS 0x0000000706a00000, 0x0000000706a00000| Untracked 
|  36|0x0000000706c00000, 0x0000000706c00000, 0x0000000706e00000|  0%| F|  |TAMS 0x0000000706c00000, 0x0000000706c00000| Untracked 
|  37|0x0000000706e00000, 0x0000000706e00000, 0x0000000707000000|  0%| F|  |TAMS 0x0000000706e00000, 0x0000000706e00000| Untracked 
|  38|0x0000000707000000, 0x0000000707000000, 0x0000000707200000|  0%| F|  |TAMS 0x0000000707000000, 0x0000000707000000| Untracked 
|  39|0x0000000707200000, 0x0000000707200000, 0x0000000707400000|  0%| F|  |TAMS 0x0000000707200000, 0x0000000707200000| Untracked 
|  40|0x0000000707400000, 0x0000000707400000, 0x0000000707600000|  0%| F|  |TAMS 0x0000000707400000, 0x0000000707400000| Untracked 
|  41|0x0000000707600000, 0x0000000707600000, 0x0000000707800000|  0%| F|  |TAMS 0x0000000707600000, 0x0000000707600000| Untracked 
|  42|0x0000000707800000, 0x0000000707800000, 0x0000000707a00000|  0%| F|  |TAMS 0x0000000707800000, 0x0000000707800000| Untracked 
|  43|0x0000000707a00000, 0x0000000707a00000, 0x0000000707c00000|  0%| F|  |TAMS 0x0000000707a00000, 0x0000000707a00000| Untracked 
|  44|0x0000000707c00000, 0x0000000707c00000, 0x0000000707e00000|  0%| F|  |TAMS 0x0000000707c00000, 0x0000000707c00000| Untracked 
|  45|0x0000000707e00000, 0x0000000707e00000, 0x0000000708000000|  0%| F|  |TAMS 0x0000000707e00000, 0x0000000707e00000| Untracked 
|  46|0x0000000708000000, 0x0000000708000000, 0x0000000708200000|  0%| F|  |TAMS 0x0000000708000000, 0x0000000708000000| Untracked 
|  47|0x0000000708200000, 0x0000000708200000, 0x0000000708400000|  0%| F|  |TAMS 0x0000000708200000, 0x0000000708200000| Untracked 
|  48|0x0000000708400000, 0x0000000708400000, 0x0000000708600000|  0%| F|  |TAMS 0x0000000708400000, 0x0000000708400000| Untracked 
|  49|0x0000000708600000, 0x0000000708600000, 0x0000000708800000|  0%| F|  |TAMS 0x0000000708600000, 0x0000000708600000| Untracked 
|  50|0x0000000708800000, 0x0000000708800000, 0x0000000708a00000|  0%| F|  |TAMS 0x0000000708800000, 0x0000000708800000| Untracked 
|  51|0x0000000708a00000, 0x0000000708a00000, 0x0000000708c00000|  0%| F|  |TAMS 0x0000000708a00000, 0x0000000708a00000| Untracked 
|  52|0x0000000708c00000, 0x0000000708c00000, 0x0000000708e00000|  0%| F|  |TAMS 0x0000000708c00000, 0x0000000708c00000| Untracked 
|  53|0x0000000708e00000, 0x0000000708e00000, 0x0000000709000000|  0%| F|  |TAMS 0x0000000708e00000, 0x0000000708e00000| Untracked 
|  54|0x0000000709000000, 0x0000000709000000, 0x0000000709200000|  0%| F|  |TAMS 0x0000000709000000, 0x0000000709000000| Untracked 
|  55|0x0000000709200000, 0x0000000709200000, 0x0000000709400000|  0%| F|  |TAMS 0x0000000709200000, 0x0000000709200000| Untracked 
|  56|0x0000000709400000, 0x0000000709400000, 0x0000000709600000|  0%| F|  |TAMS 0x0000000709400000, 0x0000000709400000| Untracked 
|  57|0x0000000709600000, 0x0000000709600000, 0x0000000709800000|  0%| F|  |TAMS 0x0000000709600000, 0x0000000709600000| Untracked 
|  58|0x0000000709800000, 0x0000000709800000, 0x0000000709a00000|  0%| F|  |TAMS 0x0000000709800000, 0x0000000709800000| Untracked 
|  59|0x0000000709a00000, 0x0000000709a00000, 0x0000000709c00000|  0%| F|  |TAMS 0x0000000709a00000, 0x0000000709a00000| Untracked 
|  60|0x0000000709c00000, 0x0000000709c00000, 0x0000000709e00000|  0%| F|  |TAMS 0x0000000709c00000, 0x0000000709c00000| Untracked 
|  61|0x0000000709e00000, 0x0000000709e00000, 0x000000070a000000|  0%| F|  |TAMS 0x0000000709e00000, 0x0000000709e00000| Untracked 
|  62|0x000000070a000000, 0x000000070a000000, 0x000000070a200000|  0%| F|  |TAMS 0x000000070a000000, 0x000000070a000000| Untracked 
|  63|0x000000070a200000, 0x000000070a200000, 0x000000070a400000|  0%| F|  |TAMS 0x000000070a200000, 0x000000070a200000| Untracked 
|  64|0x000000070a400000, 0x000000070a400000, 0x000000070a600000|  0%| F|  |TAMS 0x000000070a400000, 0x000000070a400000| Untracked 
|  65|0x000000070a600000, 0x000000070a600000, 0x000000070a800000|  0%| F|  |TAMS 0x000000070a600000, 0x000000070a600000| Untracked 
|  66|0x000000070a800000, 0x000000070a800000, 0x000000070aa00000|  0%| F|  |TAMS 0x000000070a800000, 0x000000070a800000| Untracked 
|  67|0x000000070aa00000, 0x000000070aa00000, 0x000000070ac00000|  0%| F|  |TAMS 0x000000070aa00000, 0x000000070aa00000| Untracked 
|  68|0x000000070ac00000, 0x000000070ac00000, 0x000000070ae00000|  0%| F|  |TAMS 0x000000070ac00000, 0x000000070ac00000| Untracked 
|  69|0x000000070ae00000, 0x000000070ae00000, 0x000000070b000000|  0%| F|  |TAMS 0x000000070ae00000, 0x000000070ae00000| Untracked 
|  70|0x000000070b000000, 0x000000070b000000, 0x000000070b200000|  0%| F|  |TAMS 0x000000070b000000, 0x000000070b000000| Untracked 
|  71|0x000000070b200000, 0x000000070b200000, 0x000000070b400000|  0%| F|  |TAMS 0x000000070b200000, 0x000000070b200000| Untracked 
|  72|0x000000070b400000, 0x000000070b400000, 0x000000070b600000|  0%| F|  |TAMS 0x000000070b400000, 0x000000070b400000| Untracked 
|  73|0x000000070b600000, 0x000000070b600000, 0x000000070b800000|  0%| F|  |TAMS 0x000000070b600000, 0x000000070b600000| Untracked 
|  74|0x000000070b800000, 0x000000070b800000, 0x000000070ba00000|  0%| F|  |TAMS 0x000000070b800000, 0x000000070b800000| Untracked 
|  75|0x000000070ba00000, 0x000000070ba00000, 0x000000070bc00000|  0%| F|  |TAMS 0x000000070ba00000, 0x000000070ba00000| Untracked 
|  76|0x000000070bc00000, 0x000000070bc00000, 0x000000070be00000|  0%| F|  |TAMS 0x000000070bc00000, 0x000000070bc00000| Untracked 
|  77|0x000000070be00000, 0x000000070be00000, 0x000000070c000000|  0%| F|  |TAMS 0x000000070be00000, 0x000000070be00000| Untracked 
|  78|0x000000070c000000, 0x000000070c000000, 0x000000070c200000|  0%| F|  |TAMS 0x000000070c000000, 0x000000070c000000| Untracked 
|  79|0x000000070c200000, 0x000000070c200000, 0x000000070c400000|  0%| F|  |TAMS 0x000000070c200000, 0x000000070c200000| Untracked 
|  80|0x000000070c400000, 0x000000070c400000, 0x000000070c600000|  0%| F|  |TAMS 0x000000070c400000, 0x000000070c400000| Untracked 
|  81|0x000000070c600000, 0x000000070c600000, 0x000000070c800000|  0%| F|  |TAMS 0x000000070c600000, 0x000000070c600000| Untracked 
|  82|0x000000070c800000, 0x000000070c800000, 0x000000070ca00000|  0%| F|  |TAMS 0x000000070c800000, 0x000000070c800000| Untracked 
|  83|0x000000070ca00000, 0x000000070ca00000, 0x000000070cc00000|  0%| F|  |TAMS 0x000000070ca00000, 0x000000070ca00000| Untracked 
|  84|0x000000070cc00000, 0x000000070cc00000, 0x000000070ce00000|  0%| F|  |TAMS 0x000000070cc00000, 0x000000070cc00000| Untracked 
|  85|0x000000070ce00000, 0x000000070ce00000, 0x000000070d000000|  0%| F|  |TAMS 0x000000070ce00000, 0x000000070ce00000| Untracked 
|  86|0x000000070d000000, 0x000000070d000000, 0x000000070d200000|  0%| F|  |TAMS 0x000000070d000000, 0x000000070d000000| Untracked 
|  87|0x000000070d200000, 0x000000070d200000, 0x000000070d400000|  0%| F|  |TAMS 0x000000070d200000, 0x000000070d200000| Untracked 
|  88|0x000000070d400000, 0x000000070d400000, 0x000000070d600000|  0%| F|  |TAMS 0x000000070d400000, 0x000000070d400000| Untracked 
|  89|0x000000070d600000, 0x000000070d600000, 0x000000070d800000|  0%| F|  |TAMS 0x000000070d600000, 0x000000070d600000| Untracked 
|  90|0x000000070d800000, 0x000000070d800000, 0x000000070da00000|  0%| F|  |TAMS 0x000000070d800000, 0x000000070d800000| Untracked 
|  91|0x000000070da00000, 0x000000070da00000, 0x000000070dc00000|  0%| F|  |TAMS 0x000000070da00000, 0x000000070da00000| Untracked 
|  92|0x000000070dc00000, 0x000000070dc00000, 0x000000070de00000|  0%| F|  |TAMS 0x000000070dc00000, 0x000000070dc00000| Untracked 
|  93|0x000000070de00000, 0x000000070de00000, 0x000000070e000000|  0%| F|  |TAMS 0x000000070de00000, 0x000000070de00000| Untracked 
|  94|0x000000070e000000, 0x000000070e000000, 0x000000070e200000|  0%| F|  |TAMS 0x000000070e000000, 0x000000070e000000| Untracked 
|  95|0x000000070e200000, 0x000000070e200000, 0x000000070e400000|  0%| F|  |TAMS 0x000000070e200000, 0x000000070e200000| Untracked 
|  96|0x000000070e400000, 0x000000070e400000, 0x000000070e600000|  0%| F|  |TAMS 0x000000070e400000, 0x000000070e400000| Untracked 
|  97|0x000000070e600000, 0x000000070e600000, 0x000000070e800000|  0%| F|  |TAMS 0x000000070e600000, 0x000000070e600000| Untracked 
|  98|0x000000070e800000, 0x000000070e800000, 0x000000070ea00000|  0%| F|  |TAMS 0x000000070e800000, 0x000000070e800000| Untracked 
|  99|0x000000070ea00000, 0x000000070ea00000, 0x000000070ec00000|  0%| F|  |TAMS 0x000000070ea00000, 0x000000070ea00000| Untracked 
| 100|0x000000070ec00000, 0x000000070ec00000, 0x000000070ee00000|  0%| F|  |TAMS 0x000000070ec00000, 0x000000070ec00000| Untracked 
| 101|0x000000070ee00000, 0x000000070ee00000, 0x000000070f000000|  0%| F|  |TAMS 0x000000070ee00000, 0x000000070ee00000| Untracked 
| 102|0x000000070f000000, 0x000000070f000000, 0x000000070f200000|  0%| F|  |TAMS 0x000000070f000000, 0x000000070f000000| Untracked 
| 103|0x000000070f200000, 0x000000070f200000, 0x000000070f400000|  0%| F|  |TAMS 0x000000070f200000, 0x000000070f200000| Untracked 
| 104|0x000000070f400000, 0x000000070f400000, 0x000000070f600000|  0%| F|  |TAMS 0x000000070f400000, 0x000000070f400000| Untracked 
| 105|0x000000070f600000, 0x000000070f600000, 0x000000070f800000|  0%| F|  |TAMS 0x000000070f600000, 0x000000070f600000| Untracked 
| 106|0x000000070f800000, 0x000000070f800000, 0x000000070fa00000|  0%| F|  |TAMS 0x000000070f800000, 0x000000070f800000| Untracked 
| 107|0x000000070fa00000, 0x000000070fa5c4e0, 0x000000070fc00000| 18%| S|CS|TAMS 0x000000070fa00000, 0x000000070fa00000| Complete 
| 108|0x000000070fc00000, 0x000000070fe00000, 0x000000070fe00000|100%| S|CS|TAMS 0x000000070fc00000, 0x000000070fc00000| Complete 
| 109|0x000000070fe00000, 0x0000000710000000, 0x0000000710000000|100%| S|CS|TAMS 0x000000070fe00000, 0x000000070fe00000| Complete 
| 110|0x0000000710000000, 0x0000000710000000, 0x0000000710200000|  0%| F|  |TAMS 0x0000000710000000, 0x0000000710000000| Untracked 
| 111|0x0000000710200000, 0x0000000710400000, 0x0000000710400000|100%| E|  |TAMS 0x0000000710200000, 0x0000000710200000| Complete 
| 112|0x0000000710400000, 0x0000000710600000, 0x0000000710600000|100%| E|CS|TAMS 0x0000000710400000, 0x0000000710400000| Complete 
| 113|0x0000000710600000, 0x0000000710800000, 0x0000000710800000|100%| E|CS|TAMS 0x0000000710600000, 0x0000000710600000| Complete 
| 114|0x0000000710800000, 0x0000000710a00000, 0x0000000710a00000|100%| E|CS|TAMS 0x0000000710800000, 0x0000000710800000| Complete 
| 115|0x0000000710a00000, 0x0000000710c00000, 0x0000000710c00000|100%| E|CS|TAMS 0x0000000710a00000, 0x0000000710a00000| Complete 
| 116|0x0000000710c00000, 0x0000000710e00000, 0x0000000710e00000|100%| E|CS|TAMS 0x0000000710c00000, 0x0000000710c00000| Complete 
| 117|0x0000000710e00000, 0x0000000711000000, 0x0000000711000000|100%| E|CS|TAMS 0x0000000710e00000, 0x0000000710e00000| Complete 
| 118|0x0000000711000000, 0x0000000711200000, 0x0000000711200000|100%| E|CS|TAMS 0x0000000711000000, 0x0000000711000000| Complete 
| 119|0x0000000711200000, 0x0000000711400000, 0x0000000711400000|100%| E|CS|TAMS 0x0000000711200000, 0x0000000711200000| Complete 
| 120|0x0000000711400000, 0x0000000711600000, 0x0000000711600000|100%| E|CS|TAMS 0x0000000711400000, 0x0000000711400000| Complete 
| 121|0x0000000711600000, 0x0000000711800000, 0x0000000711800000|100%| E|CS|TAMS 0x0000000711600000, 0x0000000711600000| Complete 
| 122|0x0000000711800000, 0x0000000711a00000, 0x0000000711a00000|100%| E|CS|TAMS 0x0000000711800000, 0x0000000711800000| Complete 
| 123|0x0000000711a00000, 0x0000000711c00000, 0x0000000711c00000|100%| E|CS|TAMS 0x0000000711a00000, 0x0000000711a00000| Complete 
| 124|0x0000000711c00000, 0x0000000711e00000, 0x0000000711e00000|100%| E|CS|TAMS 0x0000000711c00000, 0x0000000711c00000| Complete 
| 125|0x0000000711e00000, 0x0000000712000000, 0x0000000712000000|100%| E|CS|TAMS 0x0000000711e00000, 0x0000000711e00000| Complete 
| 126|0x0000000712000000, 0x0000000712200000, 0x0000000712200000|100%| E|CS|TAMS 0x0000000712000000, 0x0000000712000000| Complete 

Card table byte_map: [0x0000024677ec0000,0x00000246786b0000] _byte_map_base: 0x00000246746ae000

Marking Bits (Prev, Next): (CMBitMap*) 0x000002466d6ecc00, (CMBitMap*) 0x000002466d6ecc40
 Prev Bits: [0x0000024678ea0000, 0x000002467ce10000)
 Next Bits: [0x000002460f000000, 0x0000024612f70000)

Polling page: 0x000002466d380000

Metaspace:

Usage:
  Non-class:     15.36 MB used.
      Class:      2.67 MB used.
       Both:     18.03 MB used.

Virtual space:
  Non-class space:       16.00 MB reserved,      15.50 MB ( 97%) committed,  2 nodes.
      Class space:        1.00 GB reserved,       2.81 MB ( <1%) committed,  1 nodes.
             Both:        1.02 GB reserved,      18.31 MB (  2%) committed. 

Chunk freelists:
   Non-Class:  224.00 KB
       Class:  1.20 MB
        Both:  1.42 MB

MaxMetaspaceSize: unlimited
CompressedClassSpaceSize: 1.00 GB
Initial GC threshold: 21.00 MB
Current GC threshold: 21.00 MB
CDS: on
MetaspaceReclaimPolicy: balanced
 - commit_granule_bytes: 65536.
 - commit_granule_words: 8192.
 - virtual_space_node_default_size: 1048576.
 - enlarge_chunks_in_place: 1.
 - new_chunks_are_fully_committed: 0.
 - uncommit_free_chunks: 1.
 - use_allocation_guard: 0.
 - handle_deallocations: 1.


Internal statistics:

num_allocs_failed_limit: 0.
num_arena_births: 234.
num_arena_deaths: 0.
num_vsnodes_births: 3.
num_vsnodes_deaths: 0.
num_space_committed: 293.
num_space_uncommitted: 0.
num_chunks_returned_to_freelist: 0.
num_chunks_taken_from_freelist: 858.
num_chunk_merges: 0.
num_chunk_splits: 588.
num_chunks_enlarged: 431.
num_purges: 0.
num_inconsistent_stats: 0.

CodeHeap 'non-profiled nmethods': size=120000Kb used=1266Kb max_used=1266Kb free=118733Kb
 bounds [0x0000024607ad0000, 0x0000024607d40000, 0x000002460f000000]
CodeHeap 'profiled nmethods': size=120000Kb used=5099Kb max_used=5099Kb free=114900Kb
 bounds [0x0000024600000000, 0x0000024600500000, 0x0000024607530000]
CodeHeap 'non-nmethods': size=5760Kb used=1440Kb max_used=1534Kb free=4319Kb
 bounds [0x0000024607530000, 0x00000246077a0000, 0x0000024607ad0000]
 total_blobs=3571 nmethods=2768 adapters=715
 compilation: enabled
              stopped_count=0, restarted_count=0
 full_count=0

Compilation events (20 events):
Event: 3.099 Thread 0x000002467fb79d70 2760       3       java.lang.StringLatin1::getChars (12 bytes)
Event: 3.100 Thread 0x000002467fb79d70 nmethod 2760 0x00000246004f5b10 code [0x00000246004f5ca0, 0x00000246004f5dc8]
Event: 3.120 Thread 0x000002467fb79d70 2761       3       java.lang.AbstractStringBuilder::append (45 bytes)
Event: 3.121 Thread 0x000002467fb79d70 nmethod 2761 0x00000246004f5e90 code [0x00000246004f6060, 0x00000246004f63a8]
Event: 4.023 Thread 0x000002467fb79d70 2763       3       java.lang.StringBuilder::append (8 bytes)
Event: 4.023 Thread 0x000002467fb79d70 nmethod 2763 0x00000246004f6510 code [0x00000246004f66a0, 0x00000246004f67e8]
Event: 4.612 Thread 0x000002467fb79d70 2764       3       com.sun.javafx.tk.quantum.QuantumToolkit::postPulse (133 bytes)
Event: 4.616 Thread 0x000002467fb79d70 nmethod 2764 0x00000246004f6890 code [0x00000246004f6c20, 0x00000246004f8248]
Event: 4.628 Thread 0x000002467fb79d70 2765       3       com.sun.javafx.tk.quantum.QuantumToolkit$$Lambda$105/0x0000000800c38ae8::run (8 bytes)
Event: 4.629 Thread 0x000002467fb79d70 nmethod 2765 0x00000246004f8a10 code [0x00000246004f8c00, 0x00000246004f8fa8]
Event: 4.629 Thread 0x000002467fb79d70 2766   !   3       com.sun.javafx.tk.quantum.QuantumToolkit::lambda$runToolkit$12 (16 bytes)
Event: 4.629 Thread 0x000002467fb79d70 nmethod 2766 0x00000246004f9190 code [0x00000246004f9360, 0x00000246004f9688]
Event: 5.507 Thread 0x000002467fb79d70 2767  s    3       com.sun.glass.ui.Timer::pause (18 bytes)
Event: 5.508 Thread 0x000002467fb79d70 nmethod 2767 0x00000246004f9810 code [0x00000246004f99c0, 0x00000246004f9c18]
Event: 5.508 Thread 0x000002467fb79d70 2768       3       com.sun.glass.ui.win.WinTimer::_pause (1 bytes)
Event: 5.508 Thread 0x000002467fb79d70 nmethod 2768 0x00000246004f9d10 code [0x00000246004f9ea0, 0x00000246004f9fb8]
Event: 6.202 Thread 0x000002467fb79d70 2769       3       java.lang.Throwable::<init> (34 bytes)
Event: 6.203 Thread 0x000002467fb79d70 nmethod 2769 0x00000246004fa090 code [0x00000246004fa260, 0x00000246004fa648]
Event: 6.203 Thread 0x000002467fb79d70 2770       3       java.lang.AbstractStringBuilder::putStringAt (12 bytes)
Event: 6.204 Thread 0x000002467fb79d70 nmethod 2770 0x00000246004fa710 code [0x00000246004fa8c0, 0x00000246004fab08]

GC Heap History (4 events):
Event: 0.544 GC heap before
{Heap before GC invocations=0 (full 0):
 garbage-first heap   total 260096K, used 20480K [0x0000000702400000, 0x0000000800000000)
  region size 2048K, 11 young (22528K), 0 survivors (0K)
 Metaspace       used 4532K, committed 4672K, reserved 1056768K
  class space    used 492K, committed 576K, reserved 1048576K
}
Event: 0.547 GC heap after
{Heap after GC invocations=1 (full 0):
 garbage-first heap   total 260096K, used 5364K [0x0000000702400000, 0x0000000800000000)
  region size 2048K, 2 young (4096K), 2 survivors (4096K)
 Metaspace       used 4532K, committed 4672K, reserved 1056768K
  class space    used 492K, committed 576K, reserved 1048576K
}
Event: 1.074 GC heap before
{Heap before GC invocations=1 (full 0):
 garbage-first heap   total 260096K, used 38132K [0x0000000702400000, 0x0000000800000000)
  region size 2048K, 17 young (34816K), 2 survivors (4096K)
 Metaspace       used 12600K, committed 12800K, reserved 1064960K
  class space    used 1683K, committed 1792K, reserved 1048576K
}
Event: 1.078 GC heap after
{Heap after GC invocations=2 (full 0):
 garbage-first heap   total 260096K, used 14047K [0x0000000702400000, 0x0000000800000000)
  region size 2048K, 3 young (6144K), 3 survivors (6144K)
 Metaspace       used 12600K, committed 12800K, reserved 1064960K
  class space    used 1683K, committed 1792K, reserved 1048576K
}

Dll operation events (20 events):
Event: 0.318 Loaded shared library C:\Users\User\.openjfx\cache\17.0.2-ea\api-ms-win-crt-math-l1-1-0.dll
Event: 0.320 Loaded shared library C:\Users\User\.openjfx\cache\17.0.2-ea\api-ms-win-crt-multibyte-l1-1-0.dll
Event: 0.323 Loaded shared library C:\Users\User\.openjfx\cache\17.0.2-ea\api-ms-win-crt-private-l1-1-0.dll
Event: 0.324 Loaded shared library C:\Users\User\.openjfx\cache\17.0.2-ea\api-ms-win-crt-process-l1-1-0.dll
Event: 0.326 Loaded shared library C:\Users\User\.openjfx\cache\17.0.2-ea\api-ms-win-crt-runtime-l1-1-0.dll
Event: 0.327 Loaded shared library C:\Users\User\.openjfx\cache\17.0.2-ea\api-ms-win-crt-stdio-l1-1-0.dll
Event: 0.329 Loaded shared library C:\Users\User\.openjfx\cache\17.0.2-ea\api-ms-win-crt-string-l1-1-0.dll
Event: 0.330 Loaded shared library C:\Users\User\.openjfx\cache\17.0.2-ea\api-ms-win-crt-time-l1-1-0.dll
Event: 0.332 Loaded shared library C:\Users\User\.openjfx\cache\17.0.2-ea\api-ms-win-crt-utility-l1-1-0.dll
Event: 0.343 Loaded shared library C:\Users\User\.openjfx\cache\17.0.2-ea\ucrtbase.dll
Event: 0.346 Loaded shared library C:\Users\User\.openjfx\cache\17.0.2-ea\vcruntime140.dll
Event: 0.348 Loaded shared library C:\Users\User\.openjfx\cache\17.0.2-ea\vcruntime140_1.dll
Event: 0.355 Loaded shared library C:\Users\User\.openjfx\cache\17.0.2-ea\msvcp140.dll
Event: 0.383 Loaded shared library C:\Users\User\.openjfx\cache\17.0.2-ea\prism_d3d.dll
Event: 0.432 Loaded shared library C:\Users\User\.openjfx\cache\17.0.2-ea\glass.dll
Event: 0.550 Loaded shared library C:\Users\User\.jdks\azul-17.0.6\bin\jimage.dll
Event: 0.668 Loaded shared library C:\Users\User\AppData\Local\Temp\sqlite-3.8.11.2-6eb43da8-d463-428c-9ec0-3d1736a36601-sqlitejdbc.dll
Event: 0.780 Loaded shared library C:\Users\User\.openjfx\cache\17.0.2-ea\javafx_font.dll
Event: 0.893 Loaded shared library C:\Users\User\.openjfx\cache\17.0.2-ea\javafx_iio.dll
Event: 0.942 Loaded shared library C:\Users\User\AppData\Local\Temp\jSerialComm\2.9.3\jSerialComm.dll

Deoptimization events (20 events):
Event: 3.098 Thread 0x00000246144b5930 Uncommon trap: trap_request=0xffffffde fr.pc=0x0000024607ae0784 relative=0x0000000000000064
Event: 3.098 Thread 0x00000246144b5930 Uncommon trap: reason=class_check action=maybe_recompile pc=0x0000024607ae0784 method=java.lang.Character.codePointAt(Ljava/lang/CharSequence;I)I @ 2 c2
Event: 3.098 Thread 0x00000246144b5930 DEOPT PACKING pc=0x0000024607ae0784 sp=0x0000007cdfffee80
Event: 3.098 Thread 0x00000246144b5930 DEOPT UNPACKING pc=0x00000246075869a3 sp=0x0000007cdfffee18 mode 2
Event: 3.098 Thread 0x00000246144b5930 Uncommon trap: trap_request=0xffffffde fr.pc=0x0000024607ae0784 relative=0x0000000000000064
Event: 3.098 Thread 0x00000246144b5930 Uncommon trap: reason=class_check action=maybe_recompile pc=0x0000024607ae0784 method=java.lang.Character.codePointAt(Ljava/lang/CharSequence;I)I @ 2 c2
Event: 3.098 Thread 0x00000246144b5930 DEOPT PACKING pc=0x0000024607ae0784 sp=0x0000007cdfffee80
Event: 3.099 Thread 0x00000246144b5930 DEOPT UNPACKING pc=0x00000246075869a3 sp=0x0000007cdfffee18 mode 2
Event: 3.099 Thread 0x00000246144b5930 Uncommon trap: trap_request=0xffffffde fr.pc=0x0000024607ae0784 relative=0x0000000000000064
Event: 3.099 Thread 0x00000246144b5930 Uncommon trap: reason=class_check action=maybe_recompile pc=0x0000024607ae0784 method=java.lang.Character.codePointAt(Ljava/lang/CharSequence;I)I @ 2 c2
Event: 3.099 Thread 0x00000246144b5930 DEOPT PACKING pc=0x0000024607ae0784 sp=0x0000007cdfffee80
Event: 3.099 Thread 0x00000246144b5930 DEOPT UNPACKING pc=0x00000246075869a3 sp=0x0000007cdfffee18 mode 2
Event: 3.099 Thread 0x00000246144b5930 Uncommon trap: trap_request=0xffffffde fr.pc=0x0000024607ae0784 relative=0x0000000000000064
Event: 3.099 Thread 0x00000246144b5930 Uncommon trap: reason=class_check action=maybe_recompile pc=0x0000024607ae0784 method=java.lang.Character.codePointAt(Ljava/lang/CharSequence;I)I @ 2 c2
Event: 3.099 Thread 0x00000246144b5930 DEOPT PACKING pc=0x0000024607ae0784 sp=0x0000007cdfffee80
Event: 3.099 Thread 0x00000246144b5930 DEOPT UNPACKING pc=0x00000246075869a3 sp=0x0000007cdfffee18 mode 2
Event: 3.120 Thread 0x00000246144b5930 Uncommon trap: trap_request=0xffffff45 fr.pc=0x0000024607b1d9e0 relative=0x0000000000000140
Event: 3.120 Thread 0x00000246144b5930 Uncommon trap: reason=unstable_if action=reinterpret pc=0x0000024607b1d9e0 method=java.lang.AbstractStringBuilder.putStringAt(ILjava/lang/String;II)V @ 8 c2
Event: 3.120 Thread 0x00000246144b5930 DEOPT PACKING pc=0x0000024607b1d9e0 sp=0x0000007cdfffef70
Event: 3.120 Thread 0x00000246144b5930 DEOPT UNPACKING pc=0x00000246075869a3 sp=0x0000007cdfffeeb8 mode 2

Classes unloaded (0 events):
No events

Classes redefined (0 events):
No events

Internal exceptions (20 events):
Event: 0.704 Thread 0x0000024614232030 Exception <a 'sun/nio/fs/WindowsException'{0x0000000711bbbc60}> (0x0000000711bbbc60) 
thrown [s\src\hotspot\share\prims\jni.cpp, line 516]
Event: 0.744 Thread 0x0000024614232030 Exception <a 'java/lang/NoSuchMethodError'{0x00000007116ee6f0}: 'java.lang.Object java.lang.invoke.DirectMethodHandle$Holder.invokeStaticInit(java.lang.Object, java.lang.Object, java.lang.Object, java.lang.Object)'> (0x00000007116ee6f0) 
thrown [s\src\hotspot\share\interpreter\linkResolver.cpp, line 759]
Event: 0.745 Thread 0x0000024614232030 Exception <a 'java/lang/NullPointerException'{0x00000007116fa3b8}> (0x00000007116fa3b8) 
thrown [s\src\hotspot\share\interpreter\linkResolver.cpp, line 1350]
Event: 0.765 Thread 0x0000024614232030 Exception <a 'java/lang/ClassNotFoundException'{0x0000000711503cd8}: com/sun/glass/ui/win/themes> (0x0000000711503cd8) 
thrown [s\src\hotspot\share\prims\jni.cpp, line 535]
Event: 0.766 Thread 0x0000024614232030 Exception <a 'java/lang/ClassNotFoundException'{0x000000071150fdf8}: com/sun/glass/ui/win/themes_pt> (0x000000071150fdf8) 
thrown [s\src\hotspot\share\prims\jni.cpp, line 535]
Event: 0.766 Thread 0x0000024614232030 Exception <a 'java/lang/ClassNotFoundException'{0x00000007115113a8}: com/sun/glass/ui/win/themes_pt_BR> (0x00000007115113a8) 
thrown [s\src\hotspot\share\prims\jni.cpp, line 535]
Event: 0.813 Thread 0x0000024614232030 Exception <a 'java/lang/NoSuchMethodError'{0x0000000710e2b7b8}: 'void java.lang.invoke.DirectMethodHandle$Holder.invokeStaticInit(java.lang.Object, java.lang.Object)'> (0x0000000710e2b7b8) 
thrown [s\src\hotspot\share\interpreter\linkResolver.cpp, line 759]
Event: 1.030 Thread 0x0000024614232030 Exception <a 'sun/nio/fs/WindowsException'{0x0000000710373b50}> (0x0000000710373b50) 
thrown [s\src\hotspot\share\prims\jni.cpp, line 516]
Event: 1.043 Thread 0x0000024614232030 Implicit null exception at 0x0000024607b47794 to 0x0000024607b47bd0
Event: 1.044 Thread 0x0000024614232030 Implicit null exception at 0x0000024607b46b8f to 0x0000024607b46f40
Event: 1.105 Thread 0x0000024614232030 Exception <a 'java/lang/NoSuchMethodError'{0x0000000711e86590}: 'int java.lang.invoke.DirectMethodHandle$Holder.invokeStaticInit(java.lang.Object, java.lang.Object)'> (0x0000000711e86590) 
thrown [s\src\hotspot\share\interpreter\linkResolver.cpp, line 759]
Event: 1.124 Thread 0x0000024614232030 Exception <a 'java/lang/NoSuchMethodError'{0x0000000711cf2e40}: 'void java.lang.invoke.DirectMethodHandle$Holder.invokeSpecial(java.lang.Object, java.lang.Object, java.lang.Object, java.lang.Object, java.lang.Object, java.lang.Object)'> (0x0000000711cf2e40) 
thrown [s\src\hotspot\share\interpreter\linkResolver.cpp, line 759]
Event: 1.136 Thread 0x0000024614232030 Exception <a 'java/lang/NoSuchMethodError'{0x0000000711de4760}: 'java.lang.Object java.lang.invoke.DirectMethodHandle$Holder.invokeInterface(java.lang.Object, java.lang.Object, java.lang.Object)'> (0x0000000711de4760) 
thrown [s\src\hotspot\share\interpreter\linkResolver.cpp, line 759]
Event: 1.136 Thread 0x0000024614232030 Exception <a 'java/lang/IncompatibleClassChangeError'{0x0000000711de80e8}: Found class java.lang.Object, but interface was expected> (0x0000000711de80e8) 
thrown [s\src\hotspot\share\interpreter\linkResolver.cpp, line 826]
Event: 1.215 Thread 0x0000024614232030 Exception <a 'java/lang/NoSuchMethodError'{0x0000000711472b40}: 'void java.lang.invoke.DirectMethodHandle$Holder.invokeSpecialIFC(java.lang.Object, java.lang.Object, java.lang.Object, java.lang.Object)'> (0x0000000711472b40) 
thrown [s\src\hotspot\share\interpreter\linkResolver.cpp, line 759]
Event: 1.219 Thread 0x0000024614232030 Exception <a 'java/lang/ClassNotFoundException'{0x00000007114b7f48}: com/sun/javafx/scene/control/skin/resources/controls> (0x00000007114b7f48) 
thrown [s\src\hotspot\share\prims\jni.cpp, line 535]
Event: 1.219 Thread 0x0000024614232030 Exception <a 'java/lang/ClassNotFoundException'{0x00000007114c61c0}: com/sun/javafx/scene/control/skin/resources/controls_pt> (0x00000007114c61c0) 
thrown [s\src\hotspot\share\prims\jni.cpp, line 535]
Event: 1.219 Thread 0x0000024614232030 Exception <a 'java/lang/ClassNotFoundException'{0x00000007114c7cd8}: com/sun/javafx/scene/control/skin/resources/controls_pt_BR> (0x00000007114c7cd8) 
thrown [s\src\hotspot\share\prims\jni.cpp, line 535]
Event: 1.236 Thread 0x0000024614232030 Exception <a 'java/lang/NoSuchMethodError'{0x0000000711344838}: 'int java.lang.invoke.DirectMethodHandle$Holder.invokeSpecial(java.lang.Object, java.lang.Object, int)'> (0x0000000711344838) 
thrown [s\src\hotspot\share\interpreter\linkResolver.cpp, line 759]
Event: 1.358 Thread 0x0000024614232030 Exception <a 'java/lang/NoSuchMethodError'{0x0000000710b7d1e8}: 'java.lang.Object java.lang.invoke.DirectMethodHandle$Holder.newInvokeSpecial(java.lang.Object, java.lang.Object, int)'> (0x0000000710b7d1e8) 
thrown [s\src\hotspot\share\interpreter\linkResolver.cpp, line 759]

VM Operations (20 events):
Event: 0.682 Executing VM operation: HandshakeAllThreads
Event: 0.683 Executing VM operation: HandshakeAllThreads done
Event: 0.853 Executing VM operation: ICBufferFull
Event: 0.853 Executing VM operation: ICBufferFull done
Event: 0.853 Executing VM operation: HandshakeAllThreads
Event: 0.853 Executing VM operation: HandshakeAllThreads done
Event: 0.922 Executing VM operation: HandshakeAllThreads
Event: 0.922 Executing VM operation: HandshakeAllThreads done
Event: 1.023 Executing VM operation: HandshakeAllThreads
Event: 1.023 Executing VM operation: HandshakeAllThreads done
Event: 1.074 Executing VM operation: G1CollectForAllocation
Event: 1.078 Executing VM operation: G1CollectForAllocation done
Event: 1.238 Executing VM operation: ICBufferFull
Event: 1.238 Executing VM operation: ICBufferFull done
Event: 1.381 Executing VM operation: ICBufferFull
Event: 1.381 Executing VM operation: ICBufferFull done
Event: 2.382 Executing VM operation: Cleanup
Event: 2.382 Executing VM operation: Cleanup done
Event: 4.383 Executing VM operation: Cleanup
Event: 4.383 Executing VM operation: Cleanup done

Events (20 events):
Event: 1.449 loading class jdk/internal/reflect/UnsafeQualifiedStaticObjectFieldAccessorImpl
Event: 1.449 loading class jdk/internal/reflect/UnsafeQualifiedStaticFieldAccessorImpl
Event: 1.449 loading class jdk/internal/reflect/UnsafeQualifiedStaticFieldAccessorImpl done
Event: 1.449 loading class jdk/internal/reflect/UnsafeQualifiedStaticObjectFieldAccessorImpl done
Event: 2.016 Thread 0x000002467fda7490 Thread exited: 0x000002467fda7490
Event: 2.016 Thread 0x000002467fda6f40 Thread exited: 0x000002467fda6f40
Event: 3.013 loading class java/io/PrintWriter
Event: 3.014 loading class java/io/PrintWriter done
Event: 3.015 loading class java/io/InterruptedIOException
Event: 3.015 loading class java/io/InterruptedIOException done
Event: 3.037 loading class java/util/Scanner
Event: 3.039 loading class java/util/Scanner done
Event: 3.042 loading class java/util/Scanner$PatternLRUCache
Event: 3.042 loading class java/util/Scanner$PatternLRUCache done
Event: 3.099 loading class java/util/regex/Matcher$ImmutableMatchResult
Event: 3.099 loading class java/util/regex/Matcher$ImmutableMatchResult done
Event: 6.202 loading class java/lang/Throwable$WrappedPrintStream
Event: 6.202 loading class java/lang/Throwable$PrintStreamOrWriter
Event: 6.202 loading class java/lang/Throwable$PrintStreamOrWriter done
Event: 6.203 loading class java/lang/Throwable$WrappedPrintStream done


Dynamic libraries:
0x00007ff60a160000 - 0x00007ff60a16e000 	C:\Users\User\.jdks\azul-17.0.6\bin\java.exe
0x00007ffcbb270000 - 0x00007ffcbb468000 	C:\Windows\SYSTEM32\ntdll.dll
0x00007ffcba1d0000 - 0x00007ffcba28f000 	C:\Windows\System32\KERNEL32.DLL
0x00007ffcb8f30000 - 0x00007ffcb920a000 	C:\Windows\System32\KERNELBASE.dll
0x00007ffcb8ba0000 - 0x00007ffcb8ca0000 	C:\Windows\System32\ucrtbase.dll
0x00007ffcae450000 - 0x00007ffcae46b000 	C:\Users\User\.jdks\azul-17.0.6\bin\VCRUNTIME140.dll
0x00007ffcad5e0000 - 0x00007ffcad5f8000 	C:\Users\User\.jdks\azul-17.0.6\bin\jli.dll
0x00007ffcb9980000 - 0x00007ffcb9b1d000 	C:\Windows\System32\USER32.dll
0x00007ffcb9210000 - 0x00007ffcb9232000 	C:\Windows\System32\win32u.dll
0x00007ffca11a0000 - 0x00007ffca143a000 	C:\Windows\WinSxS\amd64_microsoft.windows.common-controls_6595b64144ccf1df_6.0.19041.1110_none_60b5254171f9507e\COMCTL32.dll
0x00007ffcba4c0000 - 0x00007ffcba4eb000 	C:\Windows\System32\GDI32.dll
0x00007ffcba4f0000 - 0x00007ffcba58e000 	C:\Windows\System32\msvcrt.dll
0x00007ffcb8d40000 - 0x00007ffcb8e50000 	C:\Windows\System32\gdi32full.dll
0x00007ffcb8ca0000 - 0x00007ffcb8d3d000 	C:\Windows\System32\msvcp_win.dll
0x00007ffcb9b20000 - 0x00007ffcb9b50000 	C:\Windows\System32\IMM32.DLL
0x00007ffcae480000 - 0x00007ffcae48c000 	C:\Users\User\.jdks\azul-17.0.6\bin\vcruntime140_1.dll
0x00007ffca5700000 - 0x00007ffca578d000 	C:\Users\User\.jdks\azul-17.0.6\bin\msvcp140.dll
0x00007ffc413b0000 - 0x00007ffc42015000 	C:\Users\User\.jdks\azul-17.0.6\bin\server\jvm.dll
0x00007ffcb9b50000 - 0x00007ffcb9bfe000 	C:\Windows\System32\ADVAPI32.dll
0x00007ffcb9f70000 - 0x00007ffcba00c000 	C:\Windows\System32\sechost.dll
0x00007ffcbadd0000 - 0x00007ffcbaef6000 	C:\Windows\System32\RPCRT4.dll
0x00007ffca7350000 - 0x00007ffca7359000 	C:\Windows\SYSTEM32\WSOCK32.dll
0x00007ffcbb160000 - 0x00007ffcbb1cb000 	C:\Windows\System32\WS2_32.dll
0x00007ffca5970000 - 0x00007ffca5997000 	C:\Windows\SYSTEM32\WINMM.dll
0x00007ffcb2610000 - 0x00007ffcb261a000 	C:\Windows\SYSTEM32\VERSION.dll
0x00007ffcb6780000 - 0x00007ffcb6792000 	C:\Windows\SYSTEM32\kernel.appcore.dll
0x00007ffcad5d0000 - 0x00007ffcad5da000 	C:\Users\User\.jdks\azul-17.0.6\bin\jimage.dll
0x00007ffcb1a10000 - 0x00007ffcb1bf4000 	C:\Windows\SYSTEM32\DBGHELP.DLL
0x00007ffcb1780000 - 0x00007ffcb17b4000 	C:\Windows\SYSTEM32\dbgcore.DLL
0x00007ffcb9240000 - 0x00007ffcb92c2000 	C:\Windows\System32\bcryptPrimitives.dll
0x00007ffcad240000 - 0x00007ffcad24e000 	C:\Users\User\.jdks\azul-17.0.6\bin\instrument.dll
0x00007ffcac140000 - 0x00007ffcac165000 	C:\Users\User\.jdks\azul-17.0.6\bin\java.dll
0x00007ffca4b70000 - 0x00007ffca4c47000 	C:\Users\User\.jdks\azul-17.0.6\bin\jsvml.dll
0x00007ffcba680000 - 0x00007ffcbadc4000 	C:\Windows\System32\SHELL32.dll
0x00007ffcb6a60000 - 0x00007ffcb71f3000 	C:\Windows\SYSTEM32\windows.storage.dll
0x00007ffcb9c10000 - 0x00007ffcb9f64000 	C:\Windows\System32\combase.dll
0x00007ffcb83e0000 - 0x00007ffcb840e000 	C:\Windows\SYSTEM32\Wldp.dll
0x00007ffcbaf00000 - 0x00007ffcbafad000 	C:\Windows\System32\SHCORE.dll
0x00007ffcbb1d0000 - 0x00007ffcbb225000 	C:\Windows\System32\shlwapi.dll
0x00007ffcb88c0000 - 0x00007ffcb88df000 	C:\Windows\SYSTEM32\profapi.dll
0x00007ffcad5b0000 - 0x00007ffcad5c9000 	C:\Users\User\.jdks\azul-17.0.6\bin\net.dll
0x00007ffcb1650000 - 0x00007ffcb175a000 	C:\Windows\SYSTEM32\WINHTTP.dll
0x00007ffcb8140000 - 0x00007ffcb81aa000 	C:\Windows\system32\mswsock.dll
0x00007ffcad2c0000 - 0x00007ffcad2d6000 	C:\Users\User\.jdks\azul-17.0.6\bin\nio.dll
0x00007ffca7750000 - 0x00007ffca7768000 	C:\Users\User\.jdks\azul-17.0.6\bin\zip.dll
0x00007ffca7620000 - 0x00007ffca763a000 	C:\Program Files\JetBrains\IntelliJ IDEA Community Edition 2022.3.3\bin\breakgen64.dll
0x0000024612f90000 - 0x0000024612f93000 	C:\Users\User\.openjfx\cache\17.0.2-ea\api-ms-win-core-console-l1-1-0.dll
0x0000024612fa0000 - 0x0000024612fa3000 	C:\Users\User\.openjfx\cache\17.0.2-ea\api-ms-win-core-console-l1-2-0.dll
0x0000024612fb0000 - 0x0000024612fb3000 	C:\Users\User\.openjfx\cache\17.0.2-ea\api-ms-win-core-datetime-l1-1-0.dll
0x0000024612fc0000 - 0x0000024612fc3000 	C:\Users\User\.openjfx\cache\17.0.2-ea\api-ms-win-core-debug-l1-1-0.dll
0x0000024612fd0000 - 0x0000024612fd3000 	C:\Users\User\.openjfx\cache\17.0.2-ea\api-ms-win-core-errorhandling-l1-1-0.dll
0x0000024612fe0000 - 0x0000024612fe4000 	C:\Users\User\.openjfx\cache\17.0.2-ea\api-ms-win-core-file-l1-1-0.dll
0x0000024612ff0000 - 0x0000024612ff3000 	C:\Users\User\.openjfx\cache\17.0.2-ea\api-ms-win-core-file-l1-2-0.dll
0x00000246150e0000 - 0x00000246150e3000 	C:\Users\User\.openjfx\cache\17.0.2-ea\api-ms-win-core-file-l2-1-0.dll
0x00000246150f0000 - 0x00000246150f3000 	C:\Users\User\.openjfx\cache\17.0.2-ea\api-ms-win-core-handle-l1-1-0.dll
0x0000024615100000 - 0x0000024615103000 	C:\Users\User\.openjfx\cache\17.0.2-ea\api-ms-win-core-heap-l1-1-0.dll
0x0000024615110000 - 0x0000024615113000 	C:\Users\User\.openjfx\cache\17.0.2-ea\api-ms-win-core-interlocked-l1-1-0.dll
0x0000024615120000 - 0x0000024615123000 	C:\Users\User\.openjfx\cache\17.0.2-ea\api-ms-win-core-libraryloader-l1-1-0.dll
0x0000024615130000 - 0x0000024615133000 	C:\Users\User\.openjfx\cache\17.0.2-ea\api-ms-win-core-localization-l1-2-0.dll
0x0000024615140000 - 0x0000024615143000 	C:\Users\User\.openjfx\cache\17.0.2-ea\api-ms-win-core-memory-l1-1-0.dll
0x0000024615150000 - 0x0000024615153000 	C:\Users\User\.openjfx\cache\17.0.2-ea\api-ms-win-core-namedpipe-l1-1-0.dll
0x0000024615160000 - 0x0000024615163000 	C:\Users\User\.openjfx\cache\17.0.2-ea\api-ms-win-core-processenvironment-l1-1-0.dll
0x0000024615170000 - 0x0000024615173000 	C:\Users\User\.openjfx\cache\17.0.2-ea\api-ms-win-core-processthreads-l1-1-0.dll
0x0000024615180000 - 0x0000024615183000 	C:\Users\User\.openjfx\cache\17.0.2-ea\api-ms-win-core-processthreads-l1-1-1.dll
0x0000024615190000 - 0x0000024615193000 	C:\Users\User\.openjfx\cache\17.0.2-ea\api-ms-win-core-profile-l1-1-0.dll
0x00000246151a0000 - 0x00000246151a3000 	C:\Users\User\.openjfx\cache\17.0.2-ea\api-ms-win-core-rtlsupport-l1-1-0.dll
0x00000246151b0000 - 0x00000246151b3000 	C:\Users\User\.openjfx\cache\17.0.2-ea\api-ms-win-core-string-l1-1-0.dll
0x00000246151c0000 - 0x00000246151c3000 	C:\Users\User\.openjfx\cache\17.0.2-ea\api-ms-win-core-synch-l1-1-0.dll
0x00000246151d0000 - 0x00000246151d3000 	C:\Users\User\.openjfx\cache\17.0.2-ea\api-ms-win-core-synch-l1-2-0.dll
0x00000246151e0000 - 0x00000246151e3000 	C:\Users\User\.openjfx\cache\17.0.2-ea\api-ms-win-core-sysinfo-l1-1-0.dll
0x00000246151f0000 - 0x00000246151f3000 	C:\Users\User\.openjfx\cache\17.0.2-ea\api-ms-win-core-timezone-l1-1-0.dll
0x0000024615200000 - 0x0000024615203000 	C:\Users\User\.openjfx\cache\17.0.2-ea\api-ms-win-core-util-l1-1-0.dll
0x0000024615210000 - 0x0000024615213000 	C:\Users\User\.openjfx\cache\17.0.2-ea\api-ms-win-crt-conio-l1-1-0.dll
0x0000024615220000 - 0x0000024615224000 	C:\Users\User\.openjfx\cache\17.0.2-ea\api-ms-win-crt-convert-l1-1-0.dll
0x0000024615230000 - 0x0000024615233000 	C:\Users\User\.openjfx\cache\17.0.2-ea\api-ms-win-crt-environment-l1-1-0.dll
0x0000024615240000 - 0x0000024615243000 	C:\Users\User\.openjfx\cache\17.0.2-ea\api-ms-win-crt-filesystem-l1-1-0.dll
0x0000024615250000 - 0x0000024615253000 	C:\Users\User\.openjfx\cache\17.0.2-ea\api-ms-win-crt-heap-l1-1-0.dll
0x0000024615260000 - 0x0000024615263000 	C:\Users\User\.openjfx\cache\17.0.2-ea\api-ms-win-crt-locale-l1-1-0.dll
0x0000024615270000 - 0x0000024615275000 	C:\Users\User\.openjfx\cache\17.0.2-ea\api-ms-win-crt-math-l1-1-0.dll
0x0000024615280000 - 0x0000024615285000 	C:\Users\User\.openjfx\cache\17.0.2-ea\api-ms-win-crt-multibyte-l1-1-0.dll
0x0000024615290000 - 0x00000246152a0000 	C:\Users\User\.openjfx\cache\17.0.2-ea\api-ms-win-crt-private-l1-1-0.dll
0x00000246152a0000 - 0x00000246152a3000 	C:\Users\User\.openjfx\cache\17.0.2-ea\api-ms-win-crt-process-l1-1-0.dll
0x00000246152b0000 - 0x00000246152b4000 	C:\Users\User\.openjfx\cache\17.0.2-ea\api-ms-win-crt-runtime-l1-1-0.dll
0x00000246152c0000 - 0x00000246152c4000 	C:\Users\User\.openjfx\cache\17.0.2-ea\api-ms-win-crt-stdio-l1-1-0.dll
0x00000246152d0000 - 0x00000246152d4000 	C:\Users\User\.openjfx\cache\17.0.2-ea\api-ms-win-crt-string-l1-1-0.dll
0x00000246152e0000 - 0x00000246152e3000 	C:\Users\User\.openjfx\cache\17.0.2-ea\api-ms-win-crt-time-l1-1-0.dll
0x00000246152f0000 - 0x00000246152f3000 	C:\Users\User\.openjfx\cache\17.0.2-ea\api-ms-win-crt-utility-l1-1-0.dll
0x00007ffc8aee0000 - 0x00007ffc8afdc000 	C:\Users\User\.openjfx\cache\17.0.2-ea\ucrtbase.dll
0x00007ffca57f0000 - 0x00007ffca580a000 	C:\Users\User\.openjfx\cache\17.0.2-ea\vcruntime140.dll
0x00007ffca4cb0000 - 0x00007ffca4cbc000 	C:\Users\User\.openjfx\cache\17.0.2-ea\vcruntime140_1.dll
0x00007ffca47c0000 - 0x00007ffca484d000 	C:\Users\User\.openjfx\cache\17.0.2-ea\msvcp140.dll
0x00007ffca4b40000 - 0x00007ffca4b6a000 	C:\Users\User\.openjfx\cache\17.0.2-ea\prism_d3d.dll
0x00007ffcb0390000 - 0x00007ffcb055d000 	C:\Windows\system32\d3d9.dll
0x00007ffcb6750000 - 0x00007ffcb677f000 	C:\Windows\SYSTEM32\dwmapi.dll
0x00007ffcb62f0000 - 0x00007ffcb638e000 	C:\Windows\system32\uxtheme.dll
0x00007ffca1440000 - 0x00007ffca1557000 	C:\Windows\System32\DriverStore\FileRepository\nv_dispig.inf_amd64_ee20464bb4ac57f4\nvldumdx.dll
0x00007ffcb8570000 - 0x00007ffcb8582000 	C:\Windows\SYSTEM32\msasn1.dll
0x00007ffcb23d0000 - 0x00007ffcb2401000 	C:\Windows\SYSTEM32\cryptnet.dll
0x00007ffcb89f0000 - 0x00007ffcb8b46000 	C:\Windows\System32\CRYPT32.dll
0x00007ffcb21b0000 - 0x00007ffcb22f8000 	C:\Windows\SYSTEM32\drvstore.dll
0x00007ffcb8730000 - 0x00007ffcb875c000 	C:\Windows\SYSTEM32\devobj.dll
0x00007ffcb8b50000 - 0x00007ffcb8b9e000 	C:\Windows\System32\cfgmgr32.dll
0x00007ffcb8330000 - 0x00007ffcb833c000 	C:\Windows\SYSTEM32\cryptbase.dll
0x00007ffcb8980000 - 0x00007ffcb89e7000 	C:\Windows\System32\WINTRUST.DLL
0x00007ffcba4a0000 - 0x00007ffcba4bd000 	C:\Windows\System32\imagehlp.dll
0x00007ffcb8340000 - 0x00007ffcb8358000 	C:\Windows\SYSTEM32\CRYPTSP.dll
0x00007ffcb79f0000 - 0x00007ffcb7a24000 	C:\Windows\system32\rsaenh.dll
0x00007ffcb8e50000 - 0x00007ffcb8e77000 	C:\Windows\System32\bcrypt.dll
0x00007ffc4a920000 - 0x00007ffc4c12a000 	C:\Windows\System32\DriverStore\FileRepository\nv_dispig.inf_amd64_ee20464bb4ac57f4\nvd3dumx.dll
0x00007ffc97740000 - 0x00007ffc97782000 	C:\Users\User\.openjfx\cache\17.0.2-ea\glass.dll
0x00007ffcba010000 - 0x00007ffcba0ea000 	C:\Windows\System32\COMDLG32.dll
0x00007ffcb97a0000 - 0x00007ffcb98ca000 	C:\Windows\System32\ole32.dll
0x00007ffcba0f0000 - 0x00007ffcba1bd000 	C:\Windows\System32\OLEAUT32.dll
0x00007ffcbafc0000 - 0x00007ffcbb0d4000 	C:\Windows\System32\MSCTF.dll
0x00007ffcb7210000 - 0x00007ffcb7233000 	C:\Windows\SYSTEM32\gpapi.dll
0x00007ffca4f60000 - 0x00007ffca4f9b000 	C:\Windows\SYSTEM32\dxcore.dll
0x00007ffcb8880000 - 0x00007ffcb88ae000 	C:\Windows\SYSTEM32\USERENV.dll
0x00007ffcb7de0000 - 0x00007ffcb7e1c000 	C:\Windows\SYSTEM32\IPHLPAPI.DLL
0x00007ffcba1c0000 - 0x00007ffcba1c8000 	C:\Windows\System32\NSI.dll
0x00007ffcb3280000 - 0x00007ffcb3297000 	C:\Windows\SYSTEM32\dhcpcsvc6.DLL
0x00007ffcb3260000 - 0x00007ffcb327d000 	C:\Windows\SYSTEM32\dhcpcsvc.DLL
0x00007ffcb7e20000 - 0x00007ffcb7eeb000 	C:\Windows\SYSTEM32\DNSAPI.dll
0x000000006d580000 - 0x000000006d63d000 	C:\Users\User\AppData\Local\Temp\sqlite-3.8.11.2-6eb43da8-d463-428c-9ec0-3d1736a36601-sqlitejdbc.dll
0x00007ffca47a0000 - 0x00007ffca47b4000 	C:\Users\User\.openjfx\cache\17.0.2-ea\javafx_font.dll
0x00007ffc9d2f0000 - 0x00007ffc9d56f000 	C:\Windows\SYSTEM32\dwrite.dll
0x00007ffca3910000 - 0x00007ffca393d000 	C:\Users\User\.openjfx\cache\17.0.2-ea\javafx_iio.dll
0x00007ffc97690000 - 0x00007ffc976c4000 	C:\Users\User\AppData\Local\Temp\jSerialComm\2.9.3\jSerialComm.dll
0x00007ffcb92d0000 - 0x00007ffcb9738000 	C:\Windows\System32\SETUPAPI.dll

dbghelp: loaded successfully - version: 4.0.5 - missing functions: none
symbol engine: initialized successfully - sym options: 0x614 - pdb path: .;C:\Users\User\.jdks\azul-17.0.6\bin;C:\Windows\SYSTEM32;C:\Windows\WinSxS\amd64_microsoft.windows.common-controls_6595b64144ccf1df_6.0.19041.1110_none_60b5254171f9507e;C:\Users\User\.jdks\azul-17.0.6\bin\server;C:\Program Files\JetBrains\IntelliJ IDEA Community Edition 2022.3.3\bin;C:\Users\User\.openjfx\cache\17.0.2-ea;C:\Windows\System32\DriverStore\FileRepository\nv_dispig.inf_amd64_ee20464bb4ac57f4;C:\Users\User\AppData\Local\Temp;C:\Users\User\AppData\Local\Temp\jSerialComm\2.9.3;C:\Program Files\Common Files\Microsoft Shared\Ink

VM Arguments:
jvm_args: -javaagent:C:\Program Files\JetBrains\IntelliJ IDEA Community Edition 2022.3.3\lib\idea_rt.jar=58241:C:\Program Files\JetBrains\IntelliJ IDEA Community Edition 2022.3.3\bin -Dfile.encoding=UTF-8 --module-path=C:\Projetos_Biopdi\mBioLabv2\target\classes;C:\Users\User\.m2\repository\org\xerial\sqlite-jdbc\3.8.11.2\sqlite-jdbc-3.8.11.2.jar;C:\Users\User\.m2\repository\org\openjfx\javafx-fxml\17.0.2\javafx-fxml-17.0.2-win.jar;C:\Users\User\.m2\repository\org\openjfx\javafx-graphics\17.0.2\javafx-graphics-17.0.2-win.jar;C:\Users\User\.m2\repository\org\openjfx\javafx-controls\17.0.2\javafx-controls-17.0.2-win.jar;C:\Users\User\.m2\repository\org\openjfx\javafx-base\17.0.2\javafx-base-17.0.2-win.jar;C:\Users\User\.m2\repository\com\fazecast\jSerialComm\2.9.3\jSerialComm-2.9.3.jar -Djdk.module.main=br.com.biopdi.mbiolabv2 
java_command: br.com.biopdi.mbiolabv2/br.com.biopdi.mbiolabv2.mBioLabv2Application
java_class_path (initial): C:\Users\User\.m2\repository\org\openjfx\javafx-controls\17.0.2\javafx-controls-17.0.2.jar;C:\Users\User\.m2\repository\org\openjfx\javafx-graphics\17.0.2\javafx-graphics-17.0.2.jar;C:\Users\User\.m2\repository\org\openjfx\javafx-base\17.0.2\javafx-base-17.0.2.jar;C:\Users\User\.m2\repository\org\openjfx\javafx-fxml\17.0.2\javafx-fxml-17.0.2.jar;C:\Users\User\.m2\repository\org\springframework\boot\spring-boot-starter-data-jpa\2.7.0\spring-boot-starter-data-jpa-2.7.0.jar;C:\Users\User\.m2\repository\org\springframework\boot\spring-boot-starter-aop\2.7.0\spring-boot-starter-aop-2.7.0.jar;C:\Users\User\.m2\repository\org\springframework\boot\spring-boot-starter\2.7.0\spring-boot-starter-2.7.0.jar;C:\Users\User\.m2\repository\org\springframework\boot\spring-boot\2.7.0\spring-boot-2.7.0.jar;C:\Users\User\.m2\repository\org\springframework\boot\spring-boot-autoconfigure\2.7.0\spring-boot-autoconfigure-2.7.0.jar;C:\Users\User\.m2\repository\org\springframework\boot\spring-boot-starter-logging\2.7.0\spring-boot-starter-logging-2.7.0.jar;C:\Users\User\.m2\repository\ch\qos\logback\logback-classic\1.2.11\logback-classic-1.2.11.jar;C:\Users\User\.m2\repository\ch\qos\logback\logback-core\1.2.11\logback-core-1.2.11.jar;C:\Users\User\.m2\repository\org\apache\logging\log4j\log4j-to-slf4j\2.17.2\log4j-to-slf4j-2.17.2.jar;C:\Users\User\.m2\repository\org\apache\logging\log4j\log4j-api\2.17.2\log4j-api-2.17.2.jar;C:\Users\User\.m2\repository\org\slf4j\jul-to-slf4j\1.7.36\jul-to-slf4j-1.7.36.jar;C:\Users\User\.m2\repository\jakarta\annotation\jakarta.annotation-api\1.3.5\jakarta.annotation-api-1.3.5.jar;C:\Users\User\.m2\repository\org\yaml\snakeyaml\1.30\snakeyaml-1.30.jar;C:\Users\User\.m2\repository\org\springframework\spring-aop\5.3.20\spring-aop-5.3.20.jar;C:\Users\User\.m2\repository\org\aspectj\aspectjweaver\1.9.7\aspectjweaver-1.9.7.jar;C:\Users\User\.m2\repository\org\springframework\boot\spring-boot-starter-jdbc\2.7.0\spring-boot-starter-jdbc-
Launcher Type: SUN_STANDARD

[Global flags]
     intx CICompilerCount                          = 4                                         {product} {ergonomic}
     uint ConcGCThreads                            = 3                                         {product} {ergonomic}
     uint G1ConcRefinementThreads                  = 10                                        {product} {ergonomic}
   size_t G1HeapRegionSize                         = 2097152                                   {product} {ergonomic}
    uintx GCDrainStackTargetSize                   = 64                                        {product} {ergonomic}
   size_t InitialHeapSize                          = 266338304                                 {product} {ergonomic}
   size_t MarkStackSize                            = 4194304                                   {product} {ergonomic}
   size_t MaxHeapSize                              = 4257218560                                {product} {ergonomic}
   size_t MaxNewSize                               = 2554331136                                {product} {ergonomic}
   size_t MinHeapDeltaBytes                        = 2097152                                   {product} {ergonomic}
   size_t MinHeapSize                              = 8388608                                   {product} {ergonomic}
    uintx NonNMethodCodeHeapSize                   = 5839372                                {pd product} {ergonomic}
    uintx NonProfiledCodeHeapSize                  = 122909434                              {pd product} {ergonomic}
    uintx ProfiledCodeHeapSize                     = 122909434                              {pd product} {ergonomic}
    uintx ReservedCodeCacheSize                    = 251658240                              {pd product} {ergonomic}
     bool SegmentedCodeCache                       = true                                      {product} {ergonomic}
   size_t SoftMaxHeapSize                          = 4257218560                             {manageable} {ergonomic}
     bool UseCompressedClassPointers               = true                           {product lp64_product} {ergonomic}
     bool UseCompressedOops                        = true                           {product lp64_product} {ergonomic}
     bool UseG1GC                                  = true                                      {product} {ergonomic}
     bool UseLargePagesIndividualAllocation        = false                                  {pd product} {ergonomic}

Logging:
Log output configuration:
 #0: stdout all=warning uptime,level,tags
 #1: stderr all=off uptime,level,tags

Environment Variables:
JAVA_HOME=C:\Program Files\Java\jdk1.8.0_202
PATH=C:\Program Files (x86)\Common Files\Oracle\Java\javapath;C:\Windows\system32;C:\Windows;C:\Windows\System32\Wbem;C:\Windows\System32\WindowsPowerShell\v1.0\;C:\Windows\System32\OpenSSH\;C:\Program Files\Microsoft SQL Server\150\Tools\Binn\;C:\Program Files\dotnet\;C:\Program Files (x86)\IVI Foundation\VISA\WinNT\Bin\;C:\Program Files\IVI Foundation\VISA\Win64\Bin\;C:\Program Files (x86)\IVI Foundation\VISA\WinNT\Bin;C:\Program Files\Git\cmd;C:\Program Files\Amazon\AWSCLIV2\;C:\Program Files\MySQL\MySQL Shell 8.0\bin\;C:\Users\User\AppData\Local\Microsoft\WindowsApps;C:\Program Files\Java\jdk1.8.0_202\bin;C:\Users\User\.dotnet\tools
USERNAME=User
OS=Windows_NT
PROCESSOR_IDENTIFIER=Intel64 Family 6 Model 165 Stepping 3, GenuineIntel
TMP=C:\Users\User\AppData\Local\Temp
TEMP=C:\Users\User\AppData\Local\Temp



---------------  S Y S T E M  ---------------

OS:
 Windows 10 , 64 bit Build 19041 (10.0.19041.2788)
OS uptime: 0 days 21:41 hours

CPU: total 12 (initial active 12) (6 cores per cpu, 2 threads per core) family 6 model 165 stepping 3 microcode 0xea, cx8, cmov, fxsr, ht, mmx, 3dnowpref, sse, sse2, sse3, ssse3, sse4.1, sse4.2, popcnt, lzcnt, tsc, tscinvbit, avx, avx2, aes, erms, clmul, bmi1, bmi2, adx, fma, vzeroupper, clflush, clflushopt

Memory: 4k page, system-wide physical 16236M (8313M free)
TotalPageFile size 21612M (AvailPageFile size 8795M)
current process WorkingSet (physical memory assigned to process): 153M, peak: 194M
current process commit charge ("private bytes"): 443M, peak: 482M

vm_info: OpenJDK 64-Bit Server VM (17.0.6+10-LTS) for windows-amd64 JRE (17.0.6+10-LTS) (Zulu17.40+19-CA), built on Jan  4 2023 14:58:55 by "zulu_re" with MS VC++ 16.10 / 16.11 (VS2019)

END.
