#
# A fatal error has been detected by the Java Runtime Environment:
#
#  EXCEPTION_ACCESS_VIOLATION (0xc0000005) at pc=0x000000006d5dd977, pid=10808, tid=16220
#
# JRE version: OpenJDK Runtime Environment Zulu17.40+19-CA (17.0.6+10) (build 17.0.6+10-LTS)
# Java VM: OpenJDK 64-Bit Server VM Zulu17.40+19-CA (17.0.6+10-LTS, mixed mode, sharing, tiered, compressed oops, compressed class ptrs, g1 gc, windows-amd64)
# Problematic frame:
# C  0x000000006d5dd977
#
# No core dump will be written. Minidumps are not enabled by default on client versions of Windows
#
# If you would like to submit a bug report, please visit:
#   http://www.azul.com/support/
# The crash happened outside the Java Virtual Machine in native code.
# See problematic frame for where to report the bug.
#

---------------  S U M M A R Y ------------

Command Line: -javaagent:C:\Program Files\JetBrains\IntelliJ IDEA Community Edition 2022.3.3\lib\idea_rt.jar=59807:C:\Program Files\JetBrains\IntelliJ IDEA Community Edition 2022.3.3\bin -Dfile.encoding=UTF-8 --module-path=C:\Users\User\.m2\repository\org\openjfx\javafx-fxml\17.0.2\javafx-fxml-17.0.2-win.jar;C:\Projetos_Biopdi\mBioLabv2\target\classes;C:\Users\User\.m2\repository\com\fazecast\jSerialComm\2.9.3\jSerialComm-2.9.3.jar;C:\Users\User\.m2\repository\org\openjfx\javafx-controls\17.0.2\javafx-controls-17.0.2-win.jar;C:\Users\User\.m2\repository\org\xerial\sqlite-jdbc\3.8.11.2\sqlite-jdbc-3.8.11.2.jar;C:\Users\User\.m2\repository\org\openjfx\javafx-graphics\17.0.2\javafx-graphics-17.0.2-win.jar;C:\Users\User\.m2\repository\org\openjfx\javafx-base\17.0.2\javafx-base-17.0.2-win.jar -Djdk.module.main=br.com.biopdi.mbiolabv2 br.com.biopdi.mbiolabv2/br.com.biopdi.mbiolabv2.mBioLabv2Application

Host: Intel(R) Core(TM) i5-10400F CPU @ 2.90GHz, 12 cores, 15G,  Windows 10 , 64 bit Build 19041 (10.0.19041.2788)
Time: Mon Apr 24 12:01:56 2023 Hora oficial do Brasil elapsed time: 8.349555 seconds (0d 0h 0m 8s)

---------------  T H R E A D  ---------------

Current thread (0x000001fbcd349fa0):  JavaThread "Thread-4" [_thread_in_native, id=16220, stack(0x0000004c83100000,0x0000004c83200000)]

Stack: [0x0000004c83100000,0x0000004c83200000],  sp=0x0000004c831ff440,  free space=1021k
Native frames: (J=compiled Java code, j=interpreted, Vv=VM code, C=native code)
C  0x000000006d5dd977

Java frames: (J=compiled Java code, j=interpreted, Vv=VM code)
J 3332  org.sqlite.core.NativeDB.reset(J)I sqlite.jdbc@3.8.11.2 (0 bytes) @ 0x000001fbb7d51d63 [0x000001fbb7d51d20+0x0000000000000043]
J 3630 c1 org.sqlite.core.CoreResultSet.close()V sqlite.jdbc@3.8.11.2 (110 bytes) @ 0x000001fbb0857da4 [0x000001fbb0857be0+0x00000000000001c4]
j  org.sqlite.jdbc3.JDBC3PreparedStatement.executeUpdate()I+25 sqlite.jdbc@3.8.11.2
j  br.com.biopdi.mbiolabv2.controller.repository.dao.SystemVariableDAO.update(Lbr/com/biopdi/mbiolabv2/model/bean/SystemVariable;)V+40 br.com.biopdi.mbiolabv2
j  br.com.biopdi.mbiolabv2.controller.SceneController.EssaySceneController.FPReadingThread()V+72 br.com.biopdi.mbiolabv2
j  br.com.biopdi.mbiolabv2.controller.SceneController.EssaySceneController.lambda$autoConnect$1()V+7 br.com.biopdi.mbiolabv2
j  br.com.biopdi.mbiolabv2.controller.SceneController.EssaySceneController$$Lambda$373+0x0000000800e32ff0.run()V+4 br.com.biopdi.mbiolabv2
j  java.lang.Thread.run()V+11 java.base@17.0.6
v  ~StubRoutines::call_stub

siginfo: EXCEPTION_ACCESS_VIOLATION (0xc0000005), reading address 0x0000000000000018


Register to memory mapping:

RIP=0x000000006d5dd977 points into unknown readable memory: 48
RAX=0x0 is NULL
RBX=0x000001fbd26d75c8 points into unknown readable memory: 0x000001fbd7bce188 | 88 e1 bc d7 fb 01 00 00
RCX=0x000001fbd26d75c8 points into unknown readable memory: 0x000001fbd7bce188 | 88 e1 bc d7 fb 01 00 00
RDX=0x0000004c831ff4b0 is pointing into the stack for thread: 0x000001fbcd349fa0
RSP=0x0000004c831ff440 is pointing into the stack for thread: 0x000001fbcd349fa0
RBP=0x0000004c831ff4f0 is pointing into the stack for thread: 0x000001fbcd349fa0
RSI=0x0 is NULL
RDI=0x000000070f92aee8 is an oop: org.sqlite.core.NativeDB 
{0x000000070f92aee8} - klass: 'org/sqlite/core/NativeDB'
 - ---- fields (total size 7 words):
 - 'conn' 'Lorg/sqlite/SQLiteConnection;' @12  a 'org/sqlite/SQLiteConnection'{0x000000070f92aa88} (e1f25551)
 - 'begin' 'J' @16  0 (0 0)
 - 'commit' 'J' @24  0 (0 0)
 - private final 'stmts' 'Ljava/util/Map;' @32  a 'java/util/HashMap'{0x000000070f92af20} (e1f255e4)
 - 'pointer' 'J' @40  0 (0 0)
 - private final 'udfdatalist' 'J' @48  0 (0 0)
R8 =0x000001fbd26d75c8 points into unknown readable memory: 0x0000000000000000 | 00 00 00 00 00 00 00 00
R9 =0x0000000000000001 is an unknown value
R10=0x000000006d582250 points into unknown readable memory: 0x0005b708e9c1894c | 4c 89 c1 e9 08 b7 05 00
R11=0x0000004c831ff1d0 is pointing into the stack for thread: 0x000001fbcd349fa0
R12=0x0 is NULL
R13=0x0000004c831ff4e0 is pointing into the stack for thread: 0x000001fbcd349fa0
R14=0x0000004c831ff4b0 is pointing into the stack for thread: 0x000001fbcd349fa0
R15=0x000001fbcd349fa0 is a thread


Registers:
RAX=0x0000000000000000, RBX=0x000001fbd26d75c8, RCX=0x000001fbd26d75c8, RDX=0x0000004c831ff4b0
RSP=0x0000004c831ff440, RBP=0x0000004c831ff4f0, RSI=0x0000000000000000, RDI=0x000000070f92aee8
R8 =0x000001fbd26d75c8, R9 =0x0000000000000001, R10=0x000000006d582250, R11=0x0000004c831ff1d0
R12=0x0000000000000000, R13=0x0000004c831ff4e0, R14=0x0000004c831ff4b0, R15=0x000001fbcd349fa0
RIP=0x000000006d5dd977, EFLAGS=0x0000000000010202

Top of Stack: (sp=0x0000004c831ff440)
0x0000004c831ff440:   000000070f92aee8 000001fbcd349fa0
0x0000004c831ff450:   000000070f92aee8 000001fbb7d51fc2
0x0000004c831ff460:   0000004c831ff4f0 000001fbd26d75c8
0x0000004c831ff470:   000000070f92aee8 000000070f92aee8
0x0000004c831ff480:   000001fbd26d75c8 000001fbb7d51e35
0x0000004c831ff490:   00000000000005c2 000001fbb765b90a
0x0000004c831ff4a0:   000001fbd4d17958 00000000000000bd
0x0000004c831ff4b0:   000000070f92aee8 000001fbb76494fe
0x0000004c831ff4c0:   000000070f92bd60 0000000000000001
0x0000004c831ff4d0:   000000070f92bd48 0000004c831ff4d8
0x0000004c831ff4e0:   0000000000000003 0000004c831ff540
0x0000004c831ff4f0:   0000004c831ff5a8 000001fbb0857da4
0x0000004c831ff500:   0000000711bebe60 000001fbd4d18548
0x0000004c831ff510:   0000000000000000 0000004c831ff530
0x0000004c831ff520:   0000004c831ff590 000000070f92bc88
0x0000004c831ff530:   000000070f92bd60 0000000000000002 

Instructions: (pc=0x000000006d5dd977)
0x000000006d5dd877:   48 83 c4 20 5b c3 0f 1f 00 53 48 83 ec 20 48 8b
0x000000006d5dd887:   01 48 89 cb 48 8b 48 18 48 81 c1 d0 01 00 00 e8
0x000000006d5dd897:   c5 ff ff ff 48 8d 4b 08 e8 5c df ff ff 48 8b 4b
0x000000006d5dd8a7:   60 e8 13 fd fa ff 48 8b 4b 78 e8 0a fd fa ff 48
0x000000006d5dd8b7:   8b 8b a0 00 00 00 e8 fe fc fa ff 48 89 d9 e8 f6
0x000000006d5dd8c7:   fc fa ff 31 c0 48 83 c4 20 5b c3 66 66 66 66 66
0x000000006d5dd8d7:   2e 0f 1f 84 00 00 00 00 00 57 56 53 48 83 ec 20
0x000000006d5dd8e7:   48 89 cb 48 8b 49 10 e8 cd db ff ff 48 8b 4b 18
0x000000006d5dd8f7:   e8 74 df ff ff 48 8b 73 28 48 85 f6 75 0e eb 26
0x000000006d5dd907:   66 0f 1f 84 00 00 00 00 00 48 89 fe 48 8b 4e 18
0x000000006d5dd917:   48 8b 7e 10 e8 a0 fc fa ff 48 89 f1 e8 98 fc fa
0x000000006d5dd927:   ff 48 85 ff 75 e3 48 8b 4b 40 48 c7 43 28 00 00
0x000000006d5dd937:   00 00 e8 82 fc fa ff 48 8b 4b 78 e8 79 05 fb ff
0x000000006d5dd947:   48 89 d9 e8 71 fc fa ff 31 c0 48 83 c4 20 5b 5e
0x000000006d5dd957:   5f c3 0f 1f 80 00 00 00 00 56 53 48 83 ec 38 31
0x000000006d5dd967:   c0 48 85 c9 48 89 cb 0f 84 aa 00 00 00 48 8b 31
0x000000006d5dd977:   48 8b 4e 18 48 85 c9 74 06 ff 15 62 a9 03 00 48
0x000000006d5dd987:   83 bb b8 00 00 00 00 7e 16 48 8d 93 b8 00 00 00
0x000000006d5dd997:   4c 8d 83 e0 00 00 00 48 89 f1 e8 8a 4f fb ff 48
0x000000006d5dd9a7:   89 d9 e8 62 d8 ff ff 48 89 f1 c7 43 44 a3 0d f2
0x000000006d5dd9b7:   bd c7 83 80 00 00 00 ff ff ff ff c7 83 84 00 00
0x000000006d5dd9c7:   00 00 00 00 00 c6 83 8a 00 00 00 02 89 c2 c7 83
0x000000006d5dd9d7:   90 00 00 00 00 00 00 00 c7 43 7c 01 00 00 00 c6
0x000000006d5dd9e7:   83 8b 00 00 00 ff c7 83 9c 00 00 00 00 00 00 00
0x000000006d5dd9f7:   48 c7 83 c8 00 00 00 00 00 00 00 e8 c9 19 fb ff
0x000000006d5dda07:   48 8b 4e 18 48 85 c9 74 0e 89 44 24 28 ff 15 de
0x000000006d5dda17:   a8 03 00 8b 44 24 28 48 83 c4 38 5b 5e c3 66 66
0x000000006d5dda27:   2e 0f 1f 84 00 00 00 00 00 41 57 41 56 41 55 41
0x000000006d5dda37:   54 55 57 56 53 48 81 ec 78 05 00 00 0f 29 b4 24
0x000000006d5dda47:   40 05 00 00 0f 29 bc 24 50 05 00 00 44 0f 29 84
0x000000006d5dda57:   24 60 05 00 00 48 8d 91 98 00 00 00 48 89 cd 48
0x000000006d5dda67:   8b 31 4c 8b 51 08 4c 8b 71 10 8b 89 98 00 00 00 


Stack slot to memory mapping:
stack at sp + 0 slots: 0x000000070f92aee8 is an oop: org.sqlite.core.NativeDB 
{0x000000070f92aee8} - klass: 'org/sqlite/core/NativeDB'
 - ---- fields (total size 7 words):
 - 'conn' 'Lorg/sqlite/SQLiteConnection;' @12  a 'org/sqlite/SQLiteConnection'{0x000000070f92aa88} (e1f25551)
 - 'begin' 'J' @16  0 (0 0)
 - 'commit' 'J' @24  0 (0 0)
 - private final 'stmts' 'Ljava/util/Map;' @32  a 'java/util/HashMap'{0x000000070f92af20} (e1f255e4)
 - 'pointer' 'J' @40  0 (0 0)
 - private final 'udfdatalist' 'J' @48  0 (0 0)
stack at sp + 1 slots: 0x000001fbcd349fa0 is a thread
stack at sp + 2 slots: 0x000000070f92aee8 is an oop: org.sqlite.core.NativeDB 
{0x000000070f92aee8} - klass: 'org/sqlite/core/NativeDB'
 - ---- fields (total size 7 words):
 - 'conn' 'Lorg/sqlite/SQLiteConnection;' @12  a 'org/sqlite/SQLiteConnection'{0x000000070f92aa88} (e1f25551)
 - 'begin' 'J' @16  0 (0 0)
 - 'commit' 'J' @24  0 (0 0)
 - private final 'stmts' 'Ljava/util/Map;' @32  a 'java/util/HashMap'{0x000000070f92af20} (e1f255e4)
 - 'pointer' 'J' @40  0 (0 0)
 - private final 'udfdatalist' 'J' @48  0 (0 0)
stack at sp + 3 slots: 0x000001fbb7d51fc2 is at entry_point+674 in (nmethod*)0x000001fbb7d51b90
stack at sp + 4 slots: 0x0000004c831ff4f0 is pointing into the stack for thread: 0x000001fbcd349fa0
stack at sp + 5 slots: 0x000001fbd26d75c8 points into unknown readable memory: 0x000001fbd7bce188 | 88 e1 bc d7 fb 01 00 00
stack at sp + 6 slots: 0x000000070f92aee8 is an oop: org.sqlite.core.NativeDB 
{0x000000070f92aee8} - klass: 'org/sqlite/core/NativeDB'
 - ---- fields (total size 7 words):
 - 'conn' 'Lorg/sqlite/SQLiteConnection;' @12  a 'org/sqlite/SQLiteConnection'{0x000000070f92aa88} (e1f25551)
 - 'begin' 'J' @16  0 (0 0)
 - 'commit' 'J' @24  0 (0 0)
 - private final 'stmts' 'Ljava/util/Map;' @32  a 'java/util/HashMap'{0x000000070f92af20} (e1f255e4)
 - 'pointer' 'J' @40  0 (0 0)
 - private final 'udfdatalist' 'J' @48  0 (0 0)
stack at sp + 7 slots: 0x000000070f92aee8 is an oop: org.sqlite.core.NativeDB 
{0x000000070f92aee8} - klass: 'org/sqlite/core/NativeDB'
 - ---- fields (total size 7 words):
 - 'conn' 'Lorg/sqlite/SQLiteConnection;' @12  a 'org/sqlite/SQLiteConnection'{0x000000070f92aa88} (e1f25551)
 - 'begin' 'J' @16  0 (0 0)
 - 'commit' 'J' @24  0 (0 0)
 - private final 'stmts' 'Ljava/util/Map;' @32  a 'java/util/HashMap'{0x000000070f92af20} (e1f255e4)
 - 'pointer' 'J' @40  0 (0 0)
 - private final 'udfdatalist' 'J' @48  0 (0 0)


---------------  P R O C E S S  ---------------

Threads class SMR info:
_java_thread_list=0x000001fbcdebfb10, length=21, elements={
0x000001fba8588f20, 0x000001fbcb9b7590, 0x000001fbcb9b8410, 0x000001fbcb9c9030,
0x000001fbcb9cab10, 0x000001fbcb9cd5e0, 0x000001fbcb9cdfa0, 0x000001fbcb9ced40,
0x000001fbcb9d2cf0, 0x000001fbcb9deb20, 0x000001fbcbab5770, 0x000001fbccca1940,
0x000001fbccab9f60, 0x000001fbccea9870, 0x000001fbccf164b0, 0x000001fbccf175b0,
0x000001fbcd34a9c0, 0x000001fbcd34c820, 0x000001fbcd34aed0, 0x000001fbcd349a90,
0x000001fbcd349fa0
}

Java Threads: ( => current thread )
  0x000001fba8588f20 JavaThread "main" [_thread_blocked, id=11584, stack(0x0000004c81f00000,0x0000004c82000000)]
  0x000001fbcb9b7590 JavaThread "Reference Handler" daemon [_thread_blocked, id=3012, stack(0x0000004c82600000,0x0000004c82700000)]
  0x000001fbcb9b8410 JavaThread "Finalizer" daemon [_thread_blocked, id=14276, stack(0x0000004c82700000,0x0000004c82800000)]
  0x000001fbcb9c9030 JavaThread "Signal Dispatcher" daemon [_thread_blocked, id=12636, stack(0x0000004c82800000,0x0000004c82900000)]
  0x000001fbcb9cab10 JavaThread "Attach Listener" daemon [_thread_blocked, id=13316, stack(0x0000004c82900000,0x0000004c82a00000)]
  0x000001fbcb9cd5e0 JavaThread "Service Thread" daemon [_thread_blocked, id=9976, stack(0x0000004c82a00000,0x0000004c82b00000)]
  0x000001fbcb9cdfa0 JavaThread "Monitor Deflation Thread" daemon [_thread_blocked, id=6624, stack(0x0000004c82b00000,0x0000004c82c00000)]
  0x000001fbcb9ced40 JavaThread "C2 CompilerThread0" daemon [_thread_in_native, id=7016, stack(0x0000004c82c00000,0x0000004c82d00000)]
  0x000001fbcb9d2cf0 JavaThread "C1 CompilerThread0" daemon [_thread_blocked, id=10452, stack(0x0000004c82d00000,0x0000004c82e00000)]
  0x000001fbcb9deb20 JavaThread "Sweeper thread" daemon [_thread_blocked, id=14516, stack(0x0000004c82e00000,0x0000004c82f00000)]
  0x000001fbcbab5770 JavaThread "Common-Cleaner" daemon [_thread_blocked, id=8668, stack(0x0000004c82f00000,0x0000004c83000000)]
  0x000001fbccca1940 JavaThread "Monitor Ctrl-Break" daemon [_thread_in_native, id=5560, stack(0x0000004c83200000,0x0000004c83300000)]
  0x000001fbccab9f60 JavaThread "Notification Thread" daemon [_thread_blocked, id=15444, stack(0x0000004c83300000,0x0000004c83400000)]
  0x000001fbccea9870 JavaThread "QuantumRenderer-0" daemon [_thread_blocked, id=9520, stack(0x0000004c83500000,0x0000004c83600000)]
  0x000001fbccf164b0 JavaThread "InvokeLaterDispatcher" daemon [_thread_blocked, id=8360, stack(0x0000004c83700000,0x0000004c83800000)]
  0x000001fbccf175b0 JavaThread "JavaFX Application Thread" [_thread_in_native, id=7616, stack(0x0000004c83800000,0x0000004c83900000)]
  0x000001fbcd34a9c0 JavaThread "JavaFX-Launcher" [_thread_blocked, id=5496, stack(0x0000004c83b00000,0x0000004c83c00000)]
  0x000001fbcd34c820 JavaThread "Thread-2" daemon [_thread_in_native, id=4236, stack(0x0000004c83a00000,0x0000004c83b00000)]
  0x000001fbcd34aed0 JavaThread "Prism Font Disposer" daemon [_thread_blocked, id=9084, stack(0x0000004c84400000,0x0000004c84500000)]
  0x000001fbcd349a90 JavaThread "Cleaner-0" daemon [_thread_blocked, id=14332, stack(0x0000004c84900000,0x0000004c84a00000)]
=>0x000001fbcd349fa0 JavaThread "Thread-4" [_thread_in_native, id=16220, stack(0x0000004c83100000,0x0000004c83200000)]

Other Threads:
  0x000001fbcb34e840 VMThread "VM Thread" [stack: 0x0000004c82500000,0x0000004c82600000] [id=15996]
  0x000001fba8609900 WatcherThread [stack: 0x0000004c83400000,0x0000004c83500000] [id=10188]
  0x000001fba85f5110 GCTaskThread "GC Thread#0" [stack: 0x0000004c82000000,0x0000004c82100000] [id=13144]
  0x000001fbccf34f60 GCTaskThread "GC Thread#1" [stack: 0x0000004c83c00000,0x0000004c83d00000] [id=15944]
  0x000001fbcd457b20 GCTaskThread "GC Thread#2" [stack: 0x0000004c83d00000,0x0000004c83e00000] [id=4200]
  0x000001fbcd457de0 GCTaskThread "GC Thread#3" [stack: 0x0000004c83e00000,0x0000004c83f00000] [id=3480]
  0x000001fbcd4580a0 GCTaskThread "GC Thread#4" [stack: 0x0000004c83f00000,0x0000004c84000000] [id=15740]
  0x000001fbcd458360 GCTaskThread "GC Thread#5" [stack: 0x0000004c84000000,0x0000004c84100000] [id=760]
  0x000001fbcd3a8880 GCTaskThread "GC Thread#6" [stack: 0x0000004c84500000,0x0000004c84600000] [id=11508]
  0x000001fbd52afce0 GCTaskThread "GC Thread#7" [stack: 0x0000004c84600000,0x0000004c84700000] [id=3384]
  0x000001fbd5c613c0 GCTaskThread "GC Thread#8" [stack: 0x0000004c84700000,0x0000004c84800000] [id=16084]
  0x000001fbd5c622a0 GCTaskThread "GC Thread#9" [stack: 0x0000004c84800000,0x0000004c84900000] [id=13080]
  0x000001fba645df50 ConcurrentGCThread "G1 Main Marker" [stack: 0x0000004c82100000,0x0000004c82200000] [id=7176]
  0x000001fba645e960 ConcurrentGCThread "G1 Conc#0" [stack: 0x0000004c82200000,0x0000004c82300000] [id=15852]
  0x000001fba86422a0 ConcurrentGCThread "G1 Refine#0" [stack: 0x0000004c82300000,0x0000004c82400000] [id=10652]
  0x000001fba8642cd0 ConcurrentGCThread "G1 Service" [stack: 0x0000004c82400000,0x0000004c82500000] [id=4648]

Threads with active compile tasks:
C2 CompilerThread0     8382 3804   !   4       org.sqlite.SQLiteConfig::apply (247 bytes)

VM state: not at safepoint (normal execution)

VM Mutex/Monitor currently owned by a thread: None

Heap address: 0x0000000702400000, size: 4060 MB, Compressed Oops mode: Zero based, Oop shift amount: 3

CDS archive(s) mapped at: [0x0000000800000000-0x0000000800c00000-0x0000000800c00000), size 12582912, SharedBaseAddress: 0x0000000800000000, ArchiveRelocationMode: 0.
Compressed class space mapped at: 0x0000000800c00000-0x0000000840c00000, reserved size: 1073741824
Narrow klass base: 0x0000000800000000, Narrow klass shift: 0, Narrow klass range: 0x100000000

GC Precious Log:
 CPUs: 12 total, 12 available
 Memory: 16236M
 Large Page Support: Disabled
 NUMA Support: Disabled
 Compressed Oops: Enabled (Zero based)
 Heap Region Size: 2M
 Heap Min Capacity: 8M
 Heap Initial Capacity: 254M
 Heap Max Capacity: 4060M
 Pre-touch: Disabled
 Parallel Workers: 10
 Concurrent Workers: 3
 Concurrent Refinement Workers: 10
 Periodic GC: Disabled

Heap:
 garbage-first heap   total 260096K, used 50471K [0x0000000702400000, 0x0000000800000000)
  region size 2048K, 23 young (47104K), 3 survivors (6144K)
 Metaspace       used 19256K, committed 19520K, reserved 1073152K
  class space    used 2743K, committed 2880K, reserved 1048576K

Heap Regions: E=young(eden), S=young(survivor), O=old, HS=humongous(starts), HC=humongous(continues), CS=collection set, F=free, OA=open archive, CA=closed archive, TAMS=top-at-mark-start (previous, next)
|   0|0x0000000702400000, 0x0000000702600000, 0x0000000702600000|100%| O|  |TAMS 0x0000000702400000, 0x0000000702400000| Untracked 
|   1|0x0000000702600000, 0x0000000702800000, 0x0000000702800000|100%| O|  |TAMS 0x0000000702600000, 0x0000000702600000| Untracked 
|   2|0x0000000702800000, 0x000000070292b000, 0x0000000702a00000| 58%| O|  |TAMS 0x0000000702800000, 0x0000000702800000| Untracked 
|   3|0x0000000702a00000, 0x0000000702c00000, 0x0000000702c00000|100%|HS|  |TAMS 0x0000000702a00000, 0x0000000702a00000| Complete 
|   4|0x0000000702c00000, 0x0000000702c00000, 0x0000000702e00000|  0%| F|  |TAMS 0x0000000702c00000, 0x0000000702c00000| Untracked 
|   5|0x0000000702e00000, 0x0000000702e00000, 0x0000000703000000|  0%| F|  |TAMS 0x0000000702e00000, 0x0000000702e00000| Untracked 
|   6|0x0000000703000000, 0x0000000703000000, 0x0000000703200000|  0%| F|  |TAMS 0x0000000703000000, 0x0000000703000000| Untracked 
|   7|0x0000000703200000, 0x0000000703200000, 0x0000000703400000|  0%| F|  |TAMS 0x0000000703200000, 0x0000000703200000| Untracked 
|   8|0x0000000703400000, 0x0000000703400000, 0x0000000703600000|  0%| F|  |TAMS 0x0000000703400000, 0x0000000703400000| Untracked 
|   9|0x0000000703600000, 0x0000000703600000, 0x0000000703800000|  0%| F|  |TAMS 0x0000000703600000, 0x0000000703600000| Untracked 
|  10|0x0000000703800000, 0x0000000703800000, 0x0000000703a00000|  0%| F|  |TAMS 0x0000000703800000, 0x0000000703800000| Untracked 
|  11|0x0000000703a00000, 0x0000000703a00000, 0x0000000703c00000|  0%| F|  |TAMS 0x0000000703a00000, 0x0000000703a00000| Untracked 
|  12|0x0000000703c00000, 0x0000000703c00000, 0x0000000703e00000|  0%| F|  |TAMS 0x0000000703c00000, 0x0000000703c00000| Untracked 
|  13|0x0000000703e00000, 0x0000000703e00000, 0x0000000704000000|  0%| F|  |TAMS 0x0000000703e00000, 0x0000000703e00000| Untracked 
|  14|0x0000000704000000, 0x0000000704000000, 0x0000000704200000|  0%| F|  |TAMS 0x0000000704000000, 0x0000000704000000| Untracked 
|  15|0x0000000704200000, 0x0000000704200000, 0x0000000704400000|  0%| F|  |TAMS 0x0000000704200000, 0x0000000704200000| Untracked 
|  16|0x0000000704400000, 0x0000000704400000, 0x0000000704600000|  0%| F|  |TAMS 0x0000000704400000, 0x0000000704400000| Untracked 
|  17|0x0000000704600000, 0x0000000704600000, 0x0000000704800000|  0%| F|  |TAMS 0x0000000704600000, 0x0000000704600000| Untracked 
|  18|0x0000000704800000, 0x0000000704800000, 0x0000000704a00000|  0%| F|  |TAMS 0x0000000704800000, 0x0000000704800000| Untracked 
|  19|0x0000000704a00000, 0x0000000704a00000, 0x0000000704c00000|  0%| F|  |TAMS 0x0000000704a00000, 0x0000000704a00000| Untracked 
|  20|0x0000000704c00000, 0x0000000704c00000, 0x0000000704e00000|  0%| F|  |TAMS 0x0000000704c00000, 0x0000000704c00000| Untracked 
|  21|0x0000000704e00000, 0x0000000704e00000, 0x0000000705000000|  0%| F|  |TAMS 0x0000000704e00000, 0x0000000704e00000| Untracked 
|  22|0x0000000705000000, 0x0000000705000000, 0x0000000705200000|  0%| F|  |TAMS 0x0000000705000000, 0x0000000705000000| Untracked 
|  23|0x0000000705200000, 0x0000000705200000, 0x0000000705400000|  0%| F|  |TAMS 0x0000000705200000, 0x0000000705200000| Untracked 
|  24|0x0000000705400000, 0x0000000705400000, 0x0000000705600000|  0%| F|  |TAMS 0x0000000705400000, 0x0000000705400000| Untracked 
|  25|0x0000000705600000, 0x0000000705600000, 0x0000000705800000|  0%| F|  |TAMS 0x0000000705600000, 0x0000000705600000| Untracked 
|  26|0x0000000705800000, 0x0000000705800000, 0x0000000705a00000|  0%| F|  |TAMS 0x0000000705800000, 0x0000000705800000| Untracked 
|  27|0x0000000705a00000, 0x0000000705a00000, 0x0000000705c00000|  0%| F|  |TAMS 0x0000000705a00000, 0x0000000705a00000| Untracked 
|  28|0x0000000705c00000, 0x0000000705c00000, 0x0000000705e00000|  0%| F|  |TAMS 0x0000000705c00000, 0x0000000705c00000| Untracked 
|  29|0x0000000705e00000, 0x0000000705e00000, 0x0000000706000000|  0%| F|  |TAMS 0x0000000705e00000, 0x0000000705e00000| Untracked 
|  30|0x0000000706000000, 0x0000000706000000, 0x0000000706200000|  0%| F|  |TAMS 0x0000000706000000, 0x0000000706000000| Untracked 
|  31|0x0000000706200000, 0x0000000706200000, 0x0000000706400000|  0%| F|  |TAMS 0x0000000706200000, 0x0000000706200000| Untracked 
|  32|0x0000000706400000, 0x0000000706400000, 0x0000000706600000|  0%| F|  |TAMS 0x0000000706400000, 0x0000000706400000| Untracked 
|  33|0x0000000706600000, 0x0000000706600000, 0x0000000706800000|  0%| F|  |TAMS 0x0000000706600000, 0x0000000706600000| Untracked 
|  34|0x0000000706800000, 0x0000000706800000, 0x0000000706a00000|  0%| F|  |TAMS 0x0000000706800000, 0x0000000706800000| Untracked 
|  35|0x0000000706a00000, 0x0000000706a00000, 0x0000000706c00000|  0%| F|  |TAMS 0x0000000706a00000, 0x0000000706a00000| Untracked 
|  36|0x0000000706c00000, 0x0000000706c00000, 0x0000000706e00000|  0%| F|  |TAMS 0x0000000706c00000, 0x0000000706c00000| Untracked 
|  37|0x0000000706e00000, 0x0000000706e00000, 0x0000000707000000|  0%| F|  |TAMS 0x0000000706e00000, 0x0000000706e00000| Untracked 
|  38|0x0000000707000000, 0x0000000707000000, 0x0000000707200000|  0%| F|  |TAMS 0x0000000707000000, 0x0000000707000000| Untracked 
|  39|0x0000000707200000, 0x0000000707200000, 0x0000000707400000|  0%| F|  |TAMS 0x0000000707200000, 0x0000000707200000| Untracked 
|  40|0x0000000707400000, 0x0000000707400000, 0x0000000707600000|  0%| F|  |TAMS 0x0000000707400000, 0x0000000707400000| Untracked 
|  41|0x0000000707600000, 0x0000000707600000, 0x0000000707800000|  0%| F|  |TAMS 0x0000000707600000, 0x0000000707600000| Untracked 
|  42|0x0000000707800000, 0x0000000707800000, 0x0000000707a00000|  0%| F|  |TAMS 0x0000000707800000, 0x0000000707800000| Untracked 
|  43|0x0000000707a00000, 0x0000000707a00000, 0x0000000707c00000|  0%| F|  |TAMS 0x0000000707a00000, 0x0000000707a00000| Untracked 
|  44|0x0000000707c00000, 0x0000000707c00000, 0x0000000707e00000|  0%| F|  |TAMS 0x0000000707c00000, 0x0000000707c00000| Untracked 
|  45|0x0000000707e00000, 0x0000000707e00000, 0x0000000708000000|  0%| F|  |TAMS 0x0000000707e00000, 0x0000000707e00000| Untracked 
|  46|0x0000000708000000, 0x0000000708000000, 0x0000000708200000|  0%| F|  |TAMS 0x0000000708000000, 0x0000000708000000| Untracked 
|  47|0x0000000708200000, 0x0000000708200000, 0x0000000708400000|  0%| F|  |TAMS 0x0000000708200000, 0x0000000708200000| Untracked 
|  48|0x0000000708400000, 0x0000000708400000, 0x0000000708600000|  0%| F|  |TAMS 0x0000000708400000, 0x0000000708400000| Untracked 
|  49|0x0000000708600000, 0x0000000708600000, 0x0000000708800000|  0%| F|  |TAMS 0x0000000708600000, 0x0000000708600000| Untracked 
|  50|0x0000000708800000, 0x0000000708800000, 0x0000000708a00000|  0%| F|  |TAMS 0x0000000708800000, 0x0000000708800000| Untracked 
|  51|0x0000000708a00000, 0x0000000708a00000, 0x0000000708c00000|  0%| F|  |TAMS 0x0000000708a00000, 0x0000000708a00000| Untracked 
|  52|0x0000000708c00000, 0x0000000708c00000, 0x0000000708e00000|  0%| F|  |TAMS 0x0000000708c00000, 0x0000000708c00000| Untracked 
|  53|0x0000000708e00000, 0x0000000708e00000, 0x0000000709000000|  0%| F|  |TAMS 0x0000000708e00000, 0x0000000708e00000| Untracked 
|  54|0x0000000709000000, 0x0000000709000000, 0x0000000709200000|  0%| F|  |TAMS 0x0000000709000000, 0x0000000709000000| Untracked 
|  55|0x0000000709200000, 0x0000000709200000, 0x0000000709400000|  0%| F|  |TAMS 0x0000000709200000, 0x0000000709200000| Untracked 
|  56|0x0000000709400000, 0x0000000709400000, 0x0000000709600000|  0%| F|  |TAMS 0x0000000709400000, 0x0000000709400000| Untracked 
|  57|0x0000000709600000, 0x0000000709600000, 0x0000000709800000|  0%| F|  |TAMS 0x0000000709600000, 0x0000000709600000| Untracked 
|  58|0x0000000709800000, 0x0000000709800000, 0x0000000709a00000|  0%| F|  |TAMS 0x0000000709800000, 0x0000000709800000| Untracked 
|  59|0x0000000709a00000, 0x0000000709a00000, 0x0000000709c00000|  0%| F|  |TAMS 0x0000000709a00000, 0x0000000709a00000| Untracked 
|  60|0x0000000709c00000, 0x0000000709c00000, 0x0000000709e00000|  0%| F|  |TAMS 0x0000000709c00000, 0x0000000709c00000| Untracked 
|  61|0x0000000709e00000, 0x0000000709e00000, 0x000000070a000000|  0%| F|  |TAMS 0x0000000709e00000, 0x0000000709e00000| Untracked 
|  62|0x000000070a000000, 0x000000070a000000, 0x000000070a200000|  0%| F|  |TAMS 0x000000070a000000, 0x000000070a000000| Untracked 
|  63|0x000000070a200000, 0x000000070a200000, 0x000000070a400000|  0%| F|  |TAMS 0x000000070a200000, 0x000000070a200000| Untracked 
|  64|0x000000070a400000, 0x000000070a400000, 0x000000070a600000|  0%| F|  |TAMS 0x000000070a400000, 0x000000070a400000| Untracked 
|  65|0x000000070a600000, 0x000000070a600000, 0x000000070a800000|  0%| F|  |TAMS 0x000000070a600000, 0x000000070a600000| Untracked 
|  66|0x000000070a800000, 0x000000070a800000, 0x000000070aa00000|  0%| F|  |TAMS 0x000000070a800000, 0x000000070a800000| Untracked 
|  67|0x000000070aa00000, 0x000000070aa00000, 0x000000070ac00000|  0%| F|  |TAMS 0x000000070aa00000, 0x000000070aa00000| Untracked 
|  68|0x000000070ac00000, 0x000000070ac00000, 0x000000070ae00000|  0%| F|  |TAMS 0x000000070ac00000, 0x000000070ac00000| Untracked 
|  69|0x000000070ae00000, 0x000000070ae00000, 0x000000070b000000|  0%| F|  |TAMS 0x000000070ae00000, 0x000000070ae00000| Untracked 
|  70|0x000000070b000000, 0x000000070b000000, 0x000000070b200000|  0%| F|  |TAMS 0x000000070b000000, 0x000000070b000000| Untracked 
|  71|0x000000070b200000, 0x000000070b200000, 0x000000070b400000|  0%| F|  |TAMS 0x000000070b200000, 0x000000070b200000| Untracked 
|  72|0x000000070b400000, 0x000000070b400000, 0x000000070b600000|  0%| F|  |TAMS 0x000000070b400000, 0x000000070b400000| Untracked 
|  73|0x000000070b600000, 0x000000070b600000, 0x000000070b800000|  0%| F|  |TAMS 0x000000070b600000, 0x000000070b600000| Untracked 
|  74|0x000000070b800000, 0x000000070b800000, 0x000000070ba00000|  0%| F|  |TAMS 0x000000070b800000, 0x000000070b800000| Untracked 
|  75|0x000000070ba00000, 0x000000070ba00000, 0x000000070bc00000|  0%| F|  |TAMS 0x000000070ba00000, 0x000000070ba00000| Untracked 
|  76|0x000000070bc00000, 0x000000070bc00000, 0x000000070be00000|  0%| F|  |TAMS 0x000000070bc00000, 0x000000070bc00000| Untracked 
|  77|0x000000070be00000, 0x000000070be00000, 0x000000070c000000|  0%| F|  |TAMS 0x000000070be00000, 0x000000070be00000| Untracked 
|  78|0x000000070c000000, 0x000000070c000000, 0x000000070c200000|  0%| F|  |TAMS 0x000000070c000000, 0x000000070c000000| Untracked 
|  79|0x000000070c200000, 0x000000070c200000, 0x000000070c400000|  0%| F|  |TAMS 0x000000070c200000, 0x000000070c200000| Untracked 
|  80|0x000000070c400000, 0x000000070c400000, 0x000000070c600000|  0%| F|  |TAMS 0x000000070c400000, 0x000000070c400000| Untracked 
|  81|0x000000070c600000, 0x000000070c600000, 0x000000070c800000|  0%| F|  |TAMS 0x000000070c600000, 0x000000070c600000| Untracked 
|  82|0x000000070c800000, 0x000000070c800000, 0x000000070ca00000|  0%| F|  |TAMS 0x000000070c800000, 0x000000070c800000| Untracked 
|  83|0x000000070ca00000, 0x000000070ca00000, 0x000000070cc00000|  0%| F|  |TAMS 0x000000070ca00000, 0x000000070ca00000| Untracked 
|  84|0x000000070cc00000, 0x000000070cc00000, 0x000000070ce00000|  0%| F|  |TAMS 0x000000070cc00000, 0x000000070cc00000| Untracked 
|  85|0x000000070ce00000, 0x000000070ce00000, 0x000000070d000000|  0%| F|  |TAMS 0x000000070ce00000, 0x000000070ce00000| Untracked 
|  86|0x000000070d000000, 0x000000070d000000, 0x000000070d200000|  0%| F|  |TAMS 0x000000070d000000, 0x000000070d000000| Untracked 
|  87|0x000000070d200000, 0x000000070d200000, 0x000000070d400000|  0%| F|  |TAMS 0x000000070d200000, 0x000000070d200000| Untracked 
|  88|0x000000070d400000, 0x000000070d400000, 0x000000070d600000|  0%| F|  |TAMS 0x000000070d400000, 0x000000070d400000| Untracked 
|  89|0x000000070d600000, 0x000000070d600000, 0x000000070d800000|  0%| F|  |TAMS 0x000000070d600000, 0x000000070d600000| Untracked 
|  90|0x000000070d800000, 0x000000070d800000, 0x000000070da00000|  0%| F|  |TAMS 0x000000070d800000, 0x000000070d800000| Untracked 
|  91|0x000000070da00000, 0x000000070da00000, 0x000000070dc00000|  0%| F|  |TAMS 0x000000070da00000, 0x000000070da00000| Untracked 
|  92|0x000000070dc00000, 0x000000070dc00000, 0x000000070de00000|  0%| F|  |TAMS 0x000000070dc00000, 0x000000070dc00000| Untracked 
|  93|0x000000070de00000, 0x000000070de00000, 0x000000070e000000|  0%| F|  |TAMS 0x000000070de00000, 0x000000070de00000| Untracked 
|  94|0x000000070e000000, 0x000000070e000000, 0x000000070e200000|  0%| F|  |TAMS 0x000000070e000000, 0x000000070e000000| Untracked 
|  95|0x000000070e200000, 0x000000070e200000, 0x000000070e400000|  0%| F|  |TAMS 0x000000070e200000, 0x000000070e200000| Untracked 
|  96|0x000000070e400000, 0x000000070e400000, 0x000000070e600000|  0%| F|  |TAMS 0x000000070e400000, 0x000000070e400000| Untracked 
|  97|0x000000070e600000, 0x000000070e600000, 0x000000070e800000|  0%| F|  |TAMS 0x000000070e600000, 0x000000070e600000| Untracked 
|  98|0x000000070e800000, 0x000000070e800000, 0x000000070ea00000|  0%| F|  |TAMS 0x000000070e800000, 0x000000070e800000| Untracked 
|  99|0x000000070ea00000, 0x000000070ea00000, 0x000000070ec00000|  0%| F|  |TAMS 0x000000070ea00000, 0x000000070ea00000| Untracked 
| 100|0x000000070ec00000, 0x000000070ec00000, 0x000000070ee00000|  0%| F|  |TAMS 0x000000070ec00000, 0x000000070ec00000| Untracked 
| 101|0x000000070ee00000, 0x000000070ee00000, 0x000000070f000000|  0%| F|  |TAMS 0x000000070ee00000, 0x000000070ee00000| Untracked 
| 102|0x000000070f000000, 0x000000070f000000, 0x000000070f200000|  0%| F|  |TAMS 0x000000070f000000, 0x000000070f000000| Untracked 
| 103|0x000000070f200000, 0x000000070f200000, 0x000000070f400000|  0%| F|  |TAMS 0x000000070f200000, 0x000000070f200000| Untracked 
| 104|0x000000070f400000, 0x000000070f600000, 0x000000070f600000|100%| E|  |TAMS 0x000000070f400000, 0x000000070f400000| Complete 
| 105|0x000000070f600000, 0x000000070f800000, 0x000000070f800000|100%| E|CS|TAMS 0x000000070f600000, 0x000000070f600000| Complete 
| 106|0x000000070f800000, 0x000000070fa00000, 0x000000070fa00000|100%| E|CS|TAMS 0x000000070f800000, 0x000000070f800000| Complete 
| 107|0x000000070fa00000, 0x000000070fa1ec18, 0x000000070fc00000|  6%| S|CS|TAMS 0x000000070fa00000, 0x000000070fa00000| Complete 
| 108|0x000000070fc00000, 0x000000070fe00000, 0x000000070fe00000|100%| S|CS|TAMS 0x000000070fc00000, 0x000000070fc00000| Complete 
| 109|0x000000070fe00000, 0x0000000710000000, 0x0000000710000000|100%| S|CS|TAMS 0x000000070fe00000, 0x000000070fe00000| Complete 
| 110|0x0000000710000000, 0x0000000710200000, 0x0000000710200000|100%| E|CS|TAMS 0x0000000710000000, 0x0000000710000000| Complete 
| 111|0x0000000710200000, 0x0000000710400000, 0x0000000710400000|100%| E|CS|TAMS 0x0000000710200000, 0x0000000710200000| Complete 
| 112|0x0000000710400000, 0x0000000710600000, 0x0000000710600000|100%| E|CS|TAMS 0x0000000710400000, 0x0000000710400000| Complete 
| 113|0x0000000710600000, 0x0000000710800000, 0x0000000710800000|100%| E|CS|TAMS 0x0000000710600000, 0x0000000710600000| Complete 
| 114|0x0000000710800000, 0x0000000710a00000, 0x0000000710a00000|100%| E|CS|TAMS 0x0000000710800000, 0x0000000710800000| Complete 
| 115|0x0000000710a00000, 0x0000000710c00000, 0x0000000710c00000|100%| E|CS|TAMS 0x0000000710a00000, 0x0000000710a00000| Complete 
| 116|0x0000000710c00000, 0x0000000710e00000, 0x0000000710e00000|100%| E|CS|TAMS 0x0000000710c00000, 0x0000000710c00000| Complete 
| 117|0x0000000710e00000, 0x0000000711000000, 0x0000000711000000|100%| E|CS|TAMS 0x0000000710e00000, 0x0000000710e00000| Complete 
| 118|0x0000000711000000, 0x0000000711200000, 0x0000000711200000|100%| E|CS|TAMS 0x0000000711000000, 0x0000000711000000| Complete 
| 119|0x0000000711200000, 0x0000000711400000, 0x0000000711400000|100%| E|CS|TAMS 0x0000000711200000, 0x0000000711200000| Complete 
| 120|0x0000000711400000, 0x0000000711600000, 0x0000000711600000|100%| E|CS|TAMS 0x0000000711400000, 0x0000000711400000| Complete 
| 121|0x0000000711600000, 0x0000000711800000, 0x0000000711800000|100%| E|CS|TAMS 0x0000000711600000, 0x0000000711600000| Complete 
| 122|0x0000000711800000, 0x0000000711a00000, 0x0000000711a00000|100%| E|CS|TAMS 0x0000000711800000, 0x0000000711800000| Complete 
| 123|0x0000000711a00000, 0x0000000711c00000, 0x0000000711c00000|100%| E|CS|TAMS 0x0000000711a00000, 0x0000000711a00000| Complete 
| 124|0x0000000711c00000, 0x0000000711e00000, 0x0000000711e00000|100%| E|CS|TAMS 0x0000000711c00000, 0x0000000711c00000| Complete 
| 125|0x0000000711e00000, 0x0000000712000000, 0x0000000712000000|100%| E|CS|TAMS 0x0000000711e00000, 0x0000000711e00000| Complete 
| 126|0x0000000712000000, 0x0000000712200000, 0x0000000712200000|100%| E|CS|TAMS 0x0000000712000000, 0x0000000712000000| Complete 

Card table byte_map: [0x000001fbbfe50000,0x000001fbc0640000] _byte_map_base: 0x000001fbbc63e000

Marking Bits (Prev, Next): (CMBitMap*) 0x000001fba85f5730, (CMBitMap*) 0x000001fba85f5770
 Prev Bits: [0x000001fbc0e30000, 0x000001fbc4da0000)
 Next Bits: [0x000001fbc4da0000, 0x000001fbc8d10000)

Polling page: 0x000001fba6550000

Metaspace:

Usage:
  Non-class:     16.13 MB used.
      Class:      2.68 MB used.
       Both:     18.81 MB used.

Virtual space:
  Non-class space:       24.00 MB reserved,      16.25 MB ( 68%) committed,  3 nodes.
      Class space:        1.00 GB reserved,       2.81 MB ( <1%) committed,  1 nodes.
             Both:        1.02 GB reserved,      19.06 MB (  2%) committed. 

Chunk freelists:
   Non-Class:  3.62 MB
       Class:  1.20 MB
        Both:  4.83 MB

MaxMetaspaceSize: unlimited
CompressedClassSpaceSize: 1.00 GB
Initial GC threshold: 21.00 MB
Current GC threshold: 21.00 MB
CDS: on
MetaspaceReclaimPolicy: balanced
 - commit_granule_bytes: 65536.
 - commit_granule_words: 8192.
 - virtual_space_node_default_size: 1048576.
 - enlarge_chunks_in_place: 1.
 - new_chunks_are_fully_committed: 0.
 - uncommit_free_chunks: 1.
 - use_allocation_guard: 0.
 - handle_deallocations: 1.


Internal statistics:

num_allocs_failed_limit: 0.
num_arena_births: 230.
num_arena_deaths: 0.
num_vsnodes_births: 4.
num_vsnodes_deaths: 0.
num_space_committed: 305.
num_space_uncommitted: 0.
num_chunks_returned_to_freelist: 0.
num_chunks_taken_from_freelist: 869.
num_chunk_merges: 0.
num_chunk_splits: 602.
num_chunks_enlarged: 458.
num_purges: 0.
num_inconsistent_stats: 0.

CodeHeap 'non-profiled nmethods': size=120000Kb used=1589Kb max_used=1589Kb free=118410Kb
 bounds [0x000001fbb7be0000, 0x000001fbb7e50000, 0x000001fbbf110000]
CodeHeap 'profiled nmethods': size=120000Kb used=7903Kb max_used=7903Kb free=112096Kb
 bounds [0x000001fbb0110000, 0x000001fbb08d0000, 0x000001fbb7640000]
CodeHeap 'non-nmethods': size=5760Kb used=1444Kb max_used=1529Kb free=4316Kb
 bounds [0x000001fbb7640000, 0x000001fbb78b0000, 0x000001fbb7be0000]
 total_blobs=4615 nmethods=3803 adapters=722
 compilation: enabled
              stopped_count=0, restarted_count=0
 full_count=0

Compilation events (20 events):
Event: 8.240 Thread 0x000001fbcb9d2cf0 nmethod 3791 0x000001fbb08c5210 code [0x000001fbb08c53a0, 0x000001fbb08c5558]
Event: 8.240 Thread 0x000001fbcb9d2cf0 3792       3       sun.util.calendar.ZoneInfo::hashCode (10 bytes)
Event: 8.240 Thread 0x000001fbcb9d2cf0 nmethod 3792 0x000001fbb08c5610 code [0x000001fbb08c57a0, 0x000001fbb08c5918]
Event: 8.240 Thread 0x000001fbcb9d2cf0 3793       3       java.io.File::getAbsoluteFile (38 bytes)
Event: 8.240 Thread 0x000001fbcb9d2cf0 nmethod 3793 0x000001fbb08c5a10 code [0x000001fbb08c5c00, 0x000001fbb08c6088]
Event: 8.240 Thread 0x000001fbcb9d2cf0 3794       3       java.io.File::getParentFile (41 bytes)
Event: 8.240 Thread 0x000001fbcb9d2cf0 nmethod 3794 0x000001fbb08c6210 code [0x000001fbb08c63e0, 0x000001fbb08c67f8]
Event: 8.240 Thread 0x000001fbcb9d2cf0 3795       3       java.io.File::getParent (65 bytes)
Event: 8.241 Thread 0x000001fbcb9d2cf0 nmethod 3795 0x000001fbb08c6910 code [0x000001fbb08c6b40, 0x000001fbb08c7258]
Event: 8.241 Thread 0x000001fbcb9d2cf0 3799       3       java.util.Properties::keySet (12 bytes)
Event: 8.241 Thread 0x000001fbcb9d2cf0 nmethod 3799 0x000001fbb08c7510 code [0x000001fbb08c7700, 0x000001fbb08c7cd8]
Event: 8.259 Thread 0x000001fbcb9ced40 3800       4       java.lang.StringLatin1::indexOf (121 bytes)
Event: 8.263 Thread 0x000001fbcb9ced40 nmethod 3800 0x000001fbb7d6b810 code [0x000001fbb7d6b9a0, 0x000001fbb7d6bf18]
Event: 8.271 Thread 0x000001fbcb9ced40 3801       4       java.lang.AbstractStringBuilder::append (45 bytes)
Event: 8.275 Thread 0x000001fbcb9ced40 nmethod 3801 0x000001fbb7d6c190 code [0x000001fbb7d6c340, 0x000001fbb7d6cb48]
Event: 8.275 Thread 0x000001fbcb9ced40 3802       4       java.util.stream.Sink::begin (1 bytes)
Event: 8.276 Thread 0x000001fbcb9ced40 nmethod 3802 0x000001fbb7d6cf10 code [0x000001fbb7d6d080, 0x000001fbb7d6d0f8]
Event: 8.282 Thread 0x000001fbcb9ced40 3803       4       java.util.concurrent.atomic.AtomicInteger::incrementAndGet (14 bytes)
Event: 8.282 Thread 0x000001fbcb9ced40 nmethod 3803 0x000001fbb7d6d210 code [0x000001fbb7d6d380, 0x000001fbb7d6d418]
Event: 8.294 Thread 0x000001fbcb9ced40 3804   !   4       org.sqlite.SQLiteConfig::apply (247 bytes)

GC Heap History (4 events):
Event: 0.457 GC heap before
{Heap before GC invocations=0 (full 0):
 garbage-first heap   total 260096K, used 20480K [0x0000000702400000, 0x0000000800000000)
  region size 2048K, 11 young (22528K), 0 survivors (0K)
 Metaspace       used 4536K, committed 4672K, reserved 1056768K
  class space    used 493K, committed 576K, reserved 1048576K
}
Event: 0.460 GC heap after
{Heap after GC invocations=1 (full 0):
 garbage-first heap   total 260096K, used 5044K [0x0000000702400000, 0x0000000800000000)
  region size 2048K, 2 young (4096K), 2 survivors (4096K)
 Metaspace       used 4536K, committed 4672K, reserved 1056768K
  class space    used 493K, committed 576K, reserved 1048576K
}
Event: 0.871 GC heap before
{Heap before GC invocations=1 (full 0):
 garbage-first heap   total 260096K, used 33716K [0x0000000702400000, 0x0000000800000000)
  region size 2048K, 17 young (34816K), 2 survivors (4096K)
 Metaspace       used 12468K, committed 12672K, reserved 1064960K
  class space    used 1670K, committed 1792K, reserved 1048576K
}
Event: 0.875 GC heap after
{Heap after GC invocations=2 (full 0):
 garbage-first heap   total 260096K, used 9511K [0x0000000702400000, 0x0000000800000000)
  region size 2048K, 3 young (6144K), 3 survivors (6144K)
 Metaspace       used 12468K, committed 12672K, reserved 1064960K
  class space    used 1670K, committed 1792K, reserved 1048576K
}

Dll operation events (20 events):
Event: 0.254 Loaded shared library C:\Users\User\.openjfx\cache\17.0.2-ea\api-ms-win-crt-locale-l1-1-0.dll
Event: 0.255 Loaded shared library C:\Users\User\.openjfx\cache\17.0.2-ea\api-ms-win-crt-math-l1-1-0.dll
Event: 0.257 Loaded shared library C:\Users\User\.openjfx\cache\17.0.2-ea\api-ms-win-crt-multibyte-l1-1-0.dll
Event: 0.258 Loaded shared library C:\Users\User\.openjfx\cache\17.0.2-ea\api-ms-win-crt-private-l1-1-0.dll
Event: 0.260 Loaded shared library C:\Users\User\.openjfx\cache\17.0.2-ea\api-ms-win-crt-process-l1-1-0.dll
Event: 0.261 Loaded shared library C:\Users\User\.openjfx\cache\17.0.2-ea\api-ms-win-crt-runtime-l1-1-0.dll
Event: 0.262 Loaded shared library C:\Users\User\.openjfx\cache\17.0.2-ea\api-ms-win-crt-stdio-l1-1-0.dll
Event: 0.264 Loaded shared library C:\Users\User\.openjfx\cache\17.0.2-ea\api-ms-win-crt-string-l1-1-0.dll
Event: 0.265 Loaded shared library C:\Users\User\.openjfx\cache\17.0.2-ea\api-ms-win-crt-time-l1-1-0.dll
Event: 0.267 Loaded shared library C:\Users\User\.openjfx\cache\17.0.2-ea\api-ms-win-crt-utility-l1-1-0.dll
Event: 0.280 Loaded shared library C:\Users\User\.openjfx\cache\17.0.2-ea\ucrtbase.dll
Event: 0.282 Loaded shared library C:\Users\User\.openjfx\cache\17.0.2-ea\vcruntime140.dll
Event: 0.284 Loaded shared library C:\Users\User\.openjfx\cache\17.0.2-ea\vcruntime140_1.dll
Event: 0.289 Loaded shared library C:\Users\User\.openjfx\cache\17.0.2-ea\msvcp140.dll
Event: 0.314 Loaded shared library C:\Users\User\.openjfx\cache\17.0.2-ea\prism_d3d.dll
Event: 0.362 Loaded shared library C:\Users\User\.openjfx\cache\17.0.2-ea\glass.dll
Event: 0.479 Loaded shared library C:\Users\User\.jdks\azul-17.0.6\bin\jimage.dll
Event: 0.595 Loaded shared library C:\Users\User\.openjfx\cache\17.0.2-ea\javafx_font.dll
Event: 2.899 Loaded shared library C:\Users\User\AppData\Local\Temp\sqlite-3.8.11.2-987f7e44-7c4a-4414-b366-ae1c5ed27cc1-sqlitejdbc.dll
Event: 2.977 Loaded shared library C:\Users\User\AppData\Local\Temp\jSerialComm\2.9.3\jSerialComm.dll

Deoptimization events (20 events):
Event: 4.056 Thread 0x000001fbcd349fa0 Uncommon trap: trap_request=0xffffffde fr.pc=0x000001fbb7becb04 relative=0x0000000000000064
Event: 4.056 Thread 0x000001fbcd349fa0 Uncommon trap: reason=class_check action=maybe_recompile pc=0x000001fbb7becb04 method=java.lang.Character.codePointAt(Ljava/lang/CharSequence;I)I @ 2 c2
Event: 4.056 Thread 0x000001fbcd349fa0 DEOPT PACKING pc=0x000001fbb7becb04 sp=0x0000004c831ff180
Event: 4.056 Thread 0x000001fbcd349fa0 DEOPT UNPACKING pc=0x000001fbb76969a3 sp=0x0000004c831ff118 mode 2
Event: 4.056 Thread 0x000001fbcd349fa0 Uncommon trap: trap_request=0xffffffde fr.pc=0x000001fbb7becb04 relative=0x0000000000000064
Event: 4.056 Thread 0x000001fbcd349fa0 Uncommon trap: reason=class_check action=maybe_recompile pc=0x000001fbb7becb04 method=java.lang.Character.codePointAt(Ljava/lang/CharSequence;I)I @ 2 c2
Event: 4.056 Thread 0x000001fbcd349fa0 DEOPT PACKING pc=0x000001fbb7becb04 sp=0x0000004c831ff180
Event: 4.056 Thread 0x000001fbcd349fa0 DEOPT UNPACKING pc=0x000001fbb76969a3 sp=0x0000004c831ff118 mode 2
Event: 4.072 Thread 0x000001fbcd349fa0 Uncommon trap: trap_request=0xffffff45 fr.pc=0x000001fbb7c2dee0 relative=0x0000000000000140
Event: 4.072 Thread 0x000001fbcd349fa0 Uncommon trap: reason=unstable_if action=reinterpret pc=0x000001fbb7c2dee0 method=java.lang.AbstractStringBuilder.putStringAt(ILjava/lang/String;II)V @ 8 c2
Event: 4.072 Thread 0x000001fbcd349fa0 DEOPT PACKING pc=0x000001fbb7c2dee0 sp=0x0000004c831ff280
Event: 4.072 Thread 0x000001fbcd349fa0 DEOPT UNPACKING pc=0x000001fbb76969a3 sp=0x0000004c831ff1c8 mode 2
Event: 4.135 Thread 0x000001fbcd349fa0 Uncommon trap: trap_request=0xffffffde fr.pc=0x000001fbb7becb04 relative=0x0000000000000064
Event: 4.135 Thread 0x000001fbcd349fa0 Uncommon trap: reason=class_check action=maybe_recompile pc=0x000001fbb7becb04 method=java.lang.Character.codePointAt(Ljava/lang/CharSequence;I)I @ 2 c2
Event: 4.135 Thread 0x000001fbcd349fa0 DEOPT PACKING pc=0x000001fbb7becb04 sp=0x0000004c831ff180
Event: 4.135 Thread 0x000001fbcd349fa0 DEOPT UNPACKING pc=0x000001fbb76969a3 sp=0x0000004c831ff118 mode 2
Event: 4.135 Thread 0x000001fbcd349fa0 Uncommon trap: trap_request=0xffffffde fr.pc=0x000001fbb7becb04 relative=0x0000000000000064
Event: 4.135 Thread 0x000001fbcd349fa0 Uncommon trap: reason=class_check action=maybe_recompile pc=0x000001fbb7becb04 method=java.lang.Character.codePointAt(Ljava/lang/CharSequence;I)I @ 2 c2
Event: 4.135 Thread 0x000001fbcd349fa0 DEOPT PACKING pc=0x000001fbb7becb04 sp=0x0000004c831ff180
Event: 4.135 Thread 0x000001fbcd349fa0 DEOPT UNPACKING pc=0x000001fbb76969a3 sp=0x0000004c831ff118 mode 2

Classes unloaded (0 events):
No events

Classes redefined (0 events):
No events

Internal exceptions (20 events):
Event: 0.580 Thread 0x000001fbccf175b0 Exception <a 'java/lang/ClassNotFoundException'{0x0000000711700590}: com/sun/glass/ui/win/themes_pt_BR> (0x0000000711700590) 
thrown [s\src\hotspot\share\prims\jni.cpp, line 535]
Event: 0.630 Thread 0x000001fbccf175b0 Exception <a 'java/lang/NoSuchMethodError'{0x0000000711020410}: 'void java.lang.invoke.DirectMethodHandle$Holder.invokeStaticInit(java.lang.Object, java.lang.Object)'> (0x0000000711020410) 
thrown [s\src\hotspot\share\interpreter\linkResolver.cpp, line 759]
Event: 0.689 Thread 0x000001fbccf175b0 Exception <a 'sun/nio/fs/WindowsException'{0x0000000710c52be0}> (0x0000000710c52be0) 
thrown [s\src\hotspot\share\prims\jni.cpp, line 516]
Event: 0.789 Thread 0x000001fbccf175b0 Exception <a 'java/lang/NoSuchMethodError'{0x0000000710269498}: 'java.lang.Object java.lang.invoke.DirectMethodHandle$Holder.invokeInterface(java.lang.Object, java.lang.Object, java.lang.Object)'> (0x0000000710269498) 
thrown [s\src\hotspot\share\interpreter\linkResolver.cpp, line 759]
Event: 0.789 Thread 0x000001fbccf175b0 Exception <a 'java/lang/IncompatibleClassChangeError'{0x000000071026ce20}: Found class java.lang.Object, but interface was expected> (0x000000071026ce20) 
thrown [s\src\hotspot\share\interpreter\linkResolver.cpp, line 826]
Event: 0.831 Thread 0x000001fbccf175b0 Exception <a 'java/lang/NoSuchMethodError'{0x000000071002bc60}: 'java.lang.Object java.lang.invoke.DirectMethodHandle$Holder.newInvokeSpecial(java.lang.Object, java.lang.Object, int)'> (0x000000071002bc60) 
thrown [s\src\hotspot\share\interpreter\linkResolver.cpp, line 759]
Event: 0.846 Thread 0x000001fbccea9870 Exception <a 'java/lang/NoSuchMethodError'{0x00000007100c96d0}: 'int java.lang.invoke.DirectMethodHandle$Holder.invokeStaticInit(java.lang.Object, java.lang.Object)'> (0x00000007100c96d0) 
thrown [s\src\hotspot\share\interpreter\linkResolver.cpp, line 759]
Event: 2.638 Thread 0x000001fbccf175b0 Exception <a 'java/lang/NoSuchMethodError'{0x0000000711ff6050}: 'long java.lang.invoke.DirectMethodHandle$Holder.invokeStatic(java.lang.Object, java.lang.Object, java.lang.Object)'> (0x0000000711ff6050) 
thrown [s\src\hotspot\share\interpreter\linkResolver.cpp, line 759]
Event: 2.638 Thread 0x000001fbccf175b0 Exception <a 'java/lang/NoSuchMethodError'{0x0000000711ff97f8}: 'long java.lang.invoke.DirectMethodHandle$Holder.invokeStaticInit(java.lang.Object, java.lang.Object, java.lang.Object)'> (0x0000000711ff97f8) 
thrown [s\src\hotspot\share\interpreter\linkResolver.cpp, line 759]
Event: 2.640 Thread 0x000001fbccf175b0 Exception <a 'java/lang/NoSuchMethodError'{0x0000000711d04f48}: 'java.lang.Object java.lang.invoke.DirectMethodHandle$Holder.newInvokeSpecial(java.lang.Object, java.lang.Object, long)'> (0x0000000711d04f48) 
thrown [s\src\hotspot\share\interpreter\linkResolver.cpp, line 759]
Event: 2.640 Thread 0x000001fbccf175b0 Exception <a 'java/lang/NoSuchMethodError'{0x0000000711d08ab8}: 'java.lang.Object java.lang.invoke.Invokers$Holder.linkToTargetMethod(java.lang.Object, long, java.lang.Object)'> (0x0000000711d08ab8) 
thrown [s\src\hotspot\share\interpreter\linkResolver.cpp, line 759]
Event: 2.816 Thread 0x000001fbccf175b0 Exception <a 'sun/nio/fs/WindowsException'{0x0000000711df6d70}> (0x0000000711df6d70) 
thrown [s\src\hotspot\share\prims\jni.cpp, line 516]
Event: 2.829 Thread 0x000001fbccf175b0 Exception <a 'java/lang/NoSuchMethodError'{0x0000000711ad2140}: 'java.lang.Object java.lang.invoke.DirectMethodHandle$Holder.invokeStaticInit(java.lang.Object, int, int, int, int)'> (0x0000000711ad2140) 
thrown [s\src\hotspot\share\interpreter\linkResolver.cpp, line 759]
Event: 2.846 Thread 0x000001fbccf175b0 Exception <a 'java/lang/NoSuchMethodError'{0x0000000711b77670}: 'java.lang.Object java.lang.invoke.DirectMethodHandle$Holder.invokeStaticInit(java.lang.Object, java.lang.Object, int, int, int, int)'> (0x0000000711b77670) 
thrown [s\src\hotspot\share\interpreter\linkResolver.cpp, line 759]
Event: 2.936 Thread 0x000001fbccf175b0 Exception <a 'java/lang/NoSuchMethodError'{0x000000071166b028}: 'void java.lang.invoke.DirectMethodHandle$Holder.invokeSpecial(java.lang.Object, java.lang.Object, java.lang.Object, java.lang.Object, java.lang.Object, java.lang.Object)'> (0x000000071166b028) 
thrown [s\src\hotspot\share\interpreter\linkResolver.cpp, line 759]
Event: 3.007 Thread 0x000001fbccf175b0 Exception <a 'java/lang/ClassNotFoundException'{0x0000000711055d00}: com/sun/javafx/scene/control/skin/resources/controls> (0x0000000711055d00) 
thrown [s\src\hotspot\share\prims\jni.cpp, line 535]
Event: 3.007 Thread 0x000001fbccf175b0 Exception <a 'java/lang/ClassNotFoundException'{0x0000000711063c88}: com/sun/javafx/scene/control/skin/resources/controls_pt> (0x0000000711063c88) 
thrown [s\src\hotspot\share\prims\jni.cpp, line 535]
Event: 3.007 Thread 0x000001fbccf175b0 Exception <a 'java/lang/ClassNotFoundException'{0x00000007110654b0}: com/sun/javafx/scene/control/skin/resources/controls_pt_BR> (0x00000007110654b0) 
thrown [s\src\hotspot\share\prims\jni.cpp, line 535]
Event: 3.086 Thread 0x000001fbccf175b0 Exception <a 'java/lang/NoSuchMethodError'{0x0000000710afdb10}: 'void java.lang.invoke.DirectMethodHandle$Holder.invokeSpecialIFC(java.lang.Object, java.lang.Object, java.lang.Object, java.lang.Object)'> (0x0000000710afdb10) 
thrown [s\src\hotspot\share\interpreter\linkResolver.cpp, line 759]
Event: 3.110 Thread 0x000001fbccf175b0 Exception <a 'java/lang/NoSuchMethodError'{0x00000007108b6ab8}: 'int java.lang.invoke.DirectMethodHandle$Holder.invokeSpecial(java.lang.Object, java.lang.Object, int)'> (0x00000007108b6ab8) 
thrown [s\src\hotspot\share\interpreter\linkResolver.cpp, line 759]

VM Operations (20 events):
Event: 3.024 Executing VM operation: HandshakeAllThreads
Event: 3.024 Executing VM operation: HandshakeAllThreads done
Event: 3.024 Executing VM operation: HandshakeAllThreads
Event: 3.024 Executing VM operation: HandshakeAllThreads done
Event: 3.049 Executing VM operation: HandshakeAllThreads
Event: 3.049 Executing VM operation: HandshakeAllThreads done
Event: 3.080 Executing VM operation: HandshakeAllThreads
Event: 3.080 Executing VM operation: HandshakeAllThreads done
Event: 3.168 Executing VM operation: ICBufferFull
Event: 3.168 Executing VM operation: ICBufferFull done
Event: 3.592 Executing VM operation: ICBufferFull
Event: 3.593 Executing VM operation: ICBufferFull done
Event: 4.593 Executing VM operation: Cleanup
Event: 4.593 Executing VM operation: Cleanup done
Event: 5.594 Executing VM operation: Cleanup
Event: 5.594 Executing VM operation: Cleanup done
Event: 6.594 Executing VM operation: Cleanup
Event: 6.595 Executing VM operation: Cleanup done
Event: 7.595 Executing VM operation: Cleanup
Event: 7.595 Executing VM operation: Cleanup done

Events (20 events):
Event: 3.080 loading class java/util/stream/IntPipeline$1$1 done
Event: 3.088 Thread 0x000001fbce0540b0 Thread added: 0x000001fbce0540b0
Event: 3.136 loading class java/text/FieldPosition$Delegate
Event: 3.136 loading class java/text/FieldPosition$Delegate done
Event: 3.156 loading class java/util/ComparableTimSort
Event: 3.156 loading class java/util/ComparableTimSort done
Event: 3.322 Thread 0x000001fbce0540b0 Thread exited: 0x000001fbce0540b0
Event: 3.342 Thread 0x000001fbcd6964b0 Thread exited: 0x000001fbcd6964b0
Event: 3.560 Thread 0x000001fbce026a80 Thread added: 0x000001fbce026a80
Event: 3.880 Thread 0x000001fbce026a80 Thread exited: 0x000001fbce026a80
Event: 3.986 loading class java/io/PrintWriter
Event: 3.986 loading class java/io/PrintWriter done
Event: 3.987 loading class java/io/InterruptedIOException
Event: 3.987 loading class java/io/InterruptedIOException done
Event: 4.000 loading class java/util/Scanner
Event: 4.000 loading class java/util/Scanner done
Event: 4.001 loading class java/util/Scanner$PatternLRUCache
Event: 4.001 loading class java/util/Scanner$PatternLRUCache done
Event: 4.057 loading class java/util/regex/Matcher$ImmutableMatchResult
Event: 4.057 loading class java/util/regex/Matcher$ImmutableMatchResult done


Dynamic libraries:
0x00007ff61b960000 - 0x00007ff61b96e000 	C:\Users\User\.jdks\azul-17.0.6\bin\java.exe
0x00007ff8af3d0000 - 0x00007ff8af5c8000 	C:\Windows\SYSTEM32\ntdll.dll
0x00007ff8ad600000 - 0x00007ff8ad6bf000 	C:\Windows\System32\KERNEL32.DLL
0x00007ff8ad050000 - 0x00007ff8ad32a000 	C:\Windows\System32\KERNELBASE.dll
0x00007ff8ad330000 - 0x00007ff8ad430000 	C:\Windows\System32\ucrtbase.dll
0x00007ff862110000 - 0x00007ff862128000 	C:\Users\User\.jdks\azul-17.0.6\bin\jli.dll
0x00007ff862130000 - 0x00007ff86214b000 	C:\Users\User\.jdks\azul-17.0.6\bin\VCRUNTIME140.dll
0x00007ff8af1e0000 - 0x00007ff8af37d000 	C:\Windows\System32\USER32.dll
0x00007ff8acbf0000 - 0x00007ff8acc12000 	C:\Windows\System32\win32u.dll
0x00007ff89add0000 - 0x00007ff89b06a000 	C:\Windows\WinSxS\amd64_microsoft.windows.common-controls_6595b64144ccf1df_6.0.19041.1110_none_60b5254171f9507e\COMCTL32.dll
0x00007ff8af110000 - 0x00007ff8af13b000 	C:\Windows\System32\GDI32.dll
0x00007ff8ad560000 - 0x00007ff8ad5fe000 	C:\Windows\System32\msvcrt.dll
0x00007ff8acae0000 - 0x00007ff8acbf0000 	C:\Windows\System32\gdi32full.dll
0x00007ff8acc20000 - 0x00007ff8accbd000 	C:\Windows\System32\msvcp_win.dll
0x00007ff8ae2b0000 - 0x00007ff8ae2e0000 	C:\Windows\System32\IMM32.DLL
0x00007ff88e6e0000 - 0x00007ff88e6ec000 	C:\Users\User\.jdks\azul-17.0.6\bin\vcruntime140_1.dll
0x00007ff862080000 - 0x00007ff86210d000 	C:\Users\User\.jdks\azul-17.0.6\bin\msvcp140.dll
0x00007ff861410000 - 0x00007ff862075000 	C:\Users\User\.jdks\azul-17.0.6\bin\server\jvm.dll
0x00007ff8ad4b0000 - 0x00007ff8ad55e000 	C:\Windows\System32\ADVAPI32.dll
0x00007ff8af140000 - 0x00007ff8af1dc000 	C:\Windows\System32\sechost.dll
0x00007ff8ae2e0000 - 0x00007ff8ae406000 	C:\Windows\System32\RPCRT4.dll
0x00007ff8a5530000 - 0x00007ff8a553a000 	C:\Windows\SYSTEM32\VERSION.dll
0x00007ff896e00000 - 0x00007ff896e09000 	C:\Windows\SYSTEM32\WSOCK32.dll
0x00007ff8a1810000 - 0x00007ff8a1837000 	C:\Windows\SYSTEM32\WINMM.dll
0x00007ff8adb70000 - 0x00007ff8adbdb000 	C:\Windows\System32\WS2_32.dll
0x00007ff8aa9c0000 - 0x00007ff8aa9d2000 	C:\Windows\SYSTEM32\kernel.appcore.dll
0x00007ff889ba0000 - 0x00007ff889baa000 	C:\Users\User\.jdks\azul-17.0.6\bin\jimage.dll
0x00007ff8a0100000 - 0x00007ff8a02e4000 	C:\Windows\SYSTEM32\DBGHELP.DLL
0x00007ff897bb0000 - 0x00007ff897be4000 	C:\Windows\SYSTEM32\dbgcore.DLL
0x00007ff8ace90000 - 0x00007ff8acf12000 	C:\Windows\System32\bcryptPrimitives.dll
0x00007ff8a8a30000 - 0x00007ff8a8a3e000 	C:\Users\User\.jdks\azul-17.0.6\bin\instrument.dll
0x00007ff8613e0000 - 0x00007ff861405000 	C:\Users\User\.jdks\azul-17.0.6\bin\java.dll
0x00007ff861300000 - 0x00007ff8613d7000 	C:\Users\User\.jdks\azul-17.0.6\bin\jsvml.dll
0x00007ff8ae9c0000 - 0x00007ff8af104000 	C:\Windows\System32\SHELL32.dll
0x00007ff8aabc0000 - 0x00007ff8ab353000 	C:\Windows\SYSTEM32\windows.storage.dll
0x00007ff8ae4c0000 - 0x00007ff8ae814000 	C:\Windows\System32\combase.dll
0x00007ff8ac540000 - 0x00007ff8ac56e000 	C:\Windows\SYSTEM32\Wldp.dll
0x00007ff8ada40000 - 0x00007ff8adaed000 	C:\Windows\System32\SHCORE.dll
0x00007ff8ae820000 - 0x00007ff8ae875000 	C:\Windows\System32\shlwapi.dll
0x00007ff8aca20000 - 0x00007ff8aca3f000 	C:\Windows\SYSTEM32\profapi.dll
0x00007ff861230000 - 0x00007ff861249000 	C:\Users\User\.jdks\azul-17.0.6\bin\net.dll
0x00007ff8a4eb0000 - 0x00007ff8a4fba000 	C:\Windows\SYSTEM32\WINHTTP.dll
0x00007ff8ac2a0000 - 0x00007ff8ac30a000 	C:\Windows\system32\mswsock.dll
0x00007ff861210000 - 0x00007ff861226000 	C:\Users\User\.jdks\azul-17.0.6\bin\nio.dll
0x00007ff8611f0000 - 0x00007ff861208000 	C:\Users\User\.jdks\azul-17.0.6\bin\zip.dll
0x00007ff88d540000 - 0x00007ff88d55a000 	C:\Program Files\JetBrains\IntelliJ IDEA Community Edition 2022.3.3\bin\breakgen64.dll
0x000001fba8510000 - 0x000001fba8513000 	C:\Users\User\.openjfx\cache\17.0.2-ea\api-ms-win-core-console-l1-1-0.dll
0x000001fba8520000 - 0x000001fba8523000 	C:\Users\User\.openjfx\cache\17.0.2-ea\api-ms-win-core-console-l1-2-0.dll
0x000001fba8530000 - 0x000001fba8533000 	C:\Users\User\.openjfx\cache\17.0.2-ea\api-ms-win-core-datetime-l1-1-0.dll
0x000001fba8540000 - 0x000001fba8543000 	C:\Users\User\.openjfx\cache\17.0.2-ea\api-ms-win-core-debug-l1-1-0.dll
0x000001fbcbed0000 - 0x000001fbcbed3000 	C:\Users\User\.openjfx\cache\17.0.2-ea\api-ms-win-core-errorhandling-l1-1-0.dll
0x000001fbcbee0000 - 0x000001fbcbee4000 	C:\Users\User\.openjfx\cache\17.0.2-ea\api-ms-win-core-file-l1-1-0.dll
0x000001fbcbef0000 - 0x000001fbcbef3000 	C:\Users\User\.openjfx\cache\17.0.2-ea\api-ms-win-core-file-l1-2-0.dll
0x000001fbcbf00000 - 0x000001fbcbf03000 	C:\Users\User\.openjfx\cache\17.0.2-ea\api-ms-win-core-file-l2-1-0.dll
0x000001fbcbf10000 - 0x000001fbcbf13000 	C:\Users\User\.openjfx\cache\17.0.2-ea\api-ms-win-core-handle-l1-1-0.dll
0x000001fbcbf20000 - 0x000001fbcbf23000 	C:\Users\User\.openjfx\cache\17.0.2-ea\api-ms-win-core-heap-l1-1-0.dll
0x000001fbcbf30000 - 0x000001fbcbf33000 	C:\Users\User\.openjfx\cache\17.0.2-ea\api-ms-win-core-interlocked-l1-1-0.dll
0x000001fbcbf40000 - 0x000001fbcbf43000 	C:\Users\User\.openjfx\cache\17.0.2-ea\api-ms-win-core-libraryloader-l1-1-0.dll
0x000001fbcbf50000 - 0x000001fbcbf53000 	C:\Users\User\.openjfx\cache\17.0.2-ea\api-ms-win-core-localization-l1-2-0.dll
0x000001fbcbf60000 - 0x000001fbcbf63000 	C:\Users\User\.openjfx\cache\17.0.2-ea\api-ms-win-core-memory-l1-1-0.dll
0x000001fbcbf70000 - 0x000001fbcbf73000 	C:\Users\User\.openjfx\cache\17.0.2-ea\api-ms-win-core-namedpipe-l1-1-0.dll
0x000001fbcbf80000 - 0x000001fbcbf83000 	C:\Users\User\.openjfx\cache\17.0.2-ea\api-ms-win-core-processenvironment-l1-1-0.dll
0x000001fbcbf90000 - 0x000001fbcbf93000 	C:\Users\User\.openjfx\cache\17.0.2-ea\api-ms-win-core-processthreads-l1-1-0.dll
0x000001fbcbfa0000 - 0x000001fbcbfa3000 	C:\Users\User\.openjfx\cache\17.0.2-ea\api-ms-win-core-processthreads-l1-1-1.dll
0x000001fbcbfb0000 - 0x000001fbcbfb3000 	C:\Users\User\.openjfx\cache\17.0.2-ea\api-ms-win-core-profile-l1-1-0.dll
0x000001fbcbfc0000 - 0x000001fbcbfc3000 	C:\Users\User\.openjfx\cache\17.0.2-ea\api-ms-win-core-rtlsupport-l1-1-0.dll
0x000001fbcbfd0000 - 0x000001fbcbfd3000 	C:\Users\User\.openjfx\cache\17.0.2-ea\api-ms-win-core-string-l1-1-0.dll
0x000001fbcbfe0000 - 0x000001fbcbfe3000 	C:\Users\User\.openjfx\cache\17.0.2-ea\api-ms-win-core-synch-l1-1-0.dll
0x000001fbcbff0000 - 0x000001fbcbff3000 	C:\Users\User\.openjfx\cache\17.0.2-ea\api-ms-win-core-synch-l1-2-0.dll
0x000001fbcd000000 - 0x000001fbcd003000 	C:\Users\User\.openjfx\cache\17.0.2-ea\api-ms-win-core-sysinfo-l1-1-0.dll
0x000001fbcd010000 - 0x000001fbcd013000 	C:\Users\User\.openjfx\cache\17.0.2-ea\api-ms-win-core-timezone-l1-1-0.dll
0x000001fbcd020000 - 0x000001fbcd023000 	C:\Users\User\.openjfx\cache\17.0.2-ea\api-ms-win-core-util-l1-1-0.dll
0x000001fbcd030000 - 0x000001fbcd033000 	C:\Users\User\.openjfx\cache\17.0.2-ea\api-ms-win-crt-conio-l1-1-0.dll
0x000001fbcd040000 - 0x000001fbcd044000 	C:\Users\User\.openjfx\cache\17.0.2-ea\api-ms-win-crt-convert-l1-1-0.dll
0x000001fbcd050000 - 0x000001fbcd053000 	C:\Users\User\.openjfx\cache\17.0.2-ea\api-ms-win-crt-environment-l1-1-0.dll
0x000001fbcd060000 - 0x000001fbcd063000 	C:\Users\User\.openjfx\cache\17.0.2-ea\api-ms-win-crt-filesystem-l1-1-0.dll
0x000001fbcd070000 - 0x000001fbcd073000 	C:\Users\User\.openjfx\cache\17.0.2-ea\api-ms-win-crt-heap-l1-1-0.dll
0x000001fbcd080000 - 0x000001fbcd083000 	C:\Users\User\.openjfx\cache\17.0.2-ea\api-ms-win-crt-locale-l1-1-0.dll
0x000001fbcd090000 - 0x000001fbcd095000 	C:\Users\User\.openjfx\cache\17.0.2-ea\api-ms-win-crt-math-l1-1-0.dll
0x000001fbcd0a0000 - 0x000001fbcd0a5000 	C:\Users\User\.openjfx\cache\17.0.2-ea\api-ms-win-crt-multibyte-l1-1-0.dll
0x000001fbcd0b0000 - 0x000001fbcd0c0000 	C:\Users\User\.openjfx\cache\17.0.2-ea\api-ms-win-crt-private-l1-1-0.dll
0x000001fbcd0c0000 - 0x000001fbcd0c3000 	C:\Users\User\.openjfx\cache\17.0.2-ea\api-ms-win-crt-process-l1-1-0.dll
0x000001fbcd0d0000 - 0x000001fbcd0d4000 	C:\Users\User\.openjfx\cache\17.0.2-ea\api-ms-win-crt-runtime-l1-1-0.dll
0x000001fbcd0e0000 - 0x000001fbcd0e4000 	C:\Users\User\.openjfx\cache\17.0.2-ea\api-ms-win-crt-stdio-l1-1-0.dll
0x000001fbcd0f0000 - 0x000001fbcd0f4000 	C:\Users\User\.openjfx\cache\17.0.2-ea\api-ms-win-crt-string-l1-1-0.dll
0x000001fbcd100000 - 0x000001fbcd103000 	C:\Users\User\.openjfx\cache\17.0.2-ea\api-ms-win-crt-time-l1-1-0.dll
0x000001fbcd110000 - 0x000001fbcd113000 	C:\Users\User\.openjfx\cache\17.0.2-ea\api-ms-win-crt-utility-l1-1-0.dll
0x00007ff8536d0000 - 0x00007ff8537cc000 	C:\Users\User\.openjfx\cache\17.0.2-ea\ucrtbase.dll
0x00007ff88d160000 - 0x00007ff88d17a000 	C:\Users\User\.openjfx\cache\17.0.2-ea\vcruntime140.dll
0x00007ff8967b0000 - 0x00007ff8967bc000 	C:\Users\User\.openjfx\cache\17.0.2-ea\vcruntime140_1.dll
0x00007ff883510000 - 0x00007ff88359d000 	C:\Users\User\.openjfx\cache\17.0.2-ea\msvcp140.dll
0x00007ff88b330000 - 0x00007ff88b35a000 	C:\Users\User\.openjfx\cache\17.0.2-ea\prism_d3d.dll
0x00007ff89ebb0000 - 0x00007ff89ed7d000 	C:\Windows\system32\d3d9.dll
0x00007ff8aa6d0000 - 0x00007ff8aa6ff000 	C:\Windows\SYSTEM32\dwmapi.dll
0x00007ff8aa450000 - 0x00007ff8aa4ee000 	C:\Windows\system32\uxtheme.dll
0x00007ff8a1db0000 - 0x00007ff8a1ec7000 	C:\Windows\System32\DriverStore\FileRepository\nv_dispig.inf_amd64_ee20464bb4ac57f4\nvldumdx.dll
0x00007ff8ac6d0000 - 0x00007ff8ac6e2000 	C:\Windows\SYSTEM32\msasn1.dll
0x00007ff8a54f0000 - 0x00007ff8a5521000 	C:\Windows\SYSTEM32\cryptnet.dll
0x00007ff8acd30000 - 0x00007ff8ace86000 	C:\Windows\System32\CRYPT32.dll
0x00007ff8a52a0000 - 0x00007ff8a53e8000 	C:\Windows\SYSTEM32\drvstore.dll
0x00007ff8ac890000 - 0x00007ff8ac8bc000 	C:\Windows\SYSTEM32\devobj.dll
0x00007ff8acf20000 - 0x00007ff8acf6e000 	C:\Windows\System32\cfgmgr32.dll
0x00007ff8ac4b0000 - 0x00007ff8ac4bc000 	C:\Windows\SYSTEM32\cryptbase.dll
0x00007ff8accc0000 - 0x00007ff8acd27000 	C:\Windows\System32\WINTRUST.DLL
0x00007ff8adb50000 - 0x00007ff8adb6d000 	C:\Windows\System32\imagehlp.dll
0x00007ff8ac490000 - 0x00007ff8ac4a8000 	C:\Windows\SYSTEM32\CRYPTSP.dll
0x00007ff8abb50000 - 0x00007ff8abb84000 	C:\Windows\system32\rsaenh.dll
0x00007ff8ad020000 - 0x00007ff8ad047000 	C:\Windows\System32\bcrypt.dll
0x00007ff84c840000 - 0x00007ff84e04a000 	C:\Windows\System32\DriverStore\FileRepository\nv_dispig.inf_amd64_ee20464bb4ac57f4\nvd3dumx.dll
0x00007ff889cb0000 - 0x00007ff889cf2000 	C:\Users\User\.openjfx\cache\17.0.2-ea\glass.dll
0x00007ff8ad6c0000 - 0x00007ff8ad79a000 	C:\Windows\System32\COMDLG32.dll
0x00007ff8ae890000 - 0x00007ff8ae9ba000 	C:\Windows\System32\ole32.dll
0x00007ff8add70000 - 0x00007ff8ade3d000 	C:\Windows\System32\OLEAUT32.dll
0x00007ff8adc50000 - 0x00007ff8add64000 	C:\Windows\System32\MSCTF.dll
0x00007ff8ab370000 - 0x00007ff8ab393000 	C:\Windows\SYSTEM32\gpapi.dll
0x00007ff8a2660000 - 0x00007ff8a269b000 	C:\Windows\SYSTEM32\dxcore.dll
0x00007ff889e50000 - 0x00007ff889e64000 	C:\Users\User\.openjfx\cache\17.0.2-ea\javafx_font.dll
0x00007ff8874c0000 - 0x00007ff88773f000 	C:\Windows\SYSTEM32\dwrite.dll
0x00007ff8ae410000 - 0x00007ff8ae4b9000 	C:\Windows\System32\clbcatq.dll
0x00007ff8a6570000 - 0x00007ff8a6724000 	C:\Windows\SYSTEM32\WindowsCodecs.dll
0x00007ff8861a0000 - 0x00007ff8861de000 	C:\Windows\system32\dataexchange.dll
0x00007ff8a8f00000 - 0x00007ff8a9163000 	C:\Windows\system32\d3d11.dll
0x00007ff8a9810000 - 0x00007ff8a99f3000 	C:\Windows\system32\dcomp.dll
0x00007ff8ab3a0000 - 0x00007ff8ab493000 	C:\Windows\system32\dxgi.dll
0x00007ff8a6040000 - 0x00007ff8a6240000 	C:\Windows\system32\twinapi.appcore.dll
0x00007ff8948a0000 - 0x00007ff8948d4000 	C:\Program Files\Common Files\Microsoft Shared\Ink\rtscom.dll
0x00007ff892810000 - 0x00007ff892909000 	C:\Windows\SYSTEM32\textinputframework.dll
0x00007ff8a9d80000 - 0x00007ff8aa0de000 	C:\Windows\System32\CoreUIComponents.dll

dbghelp: loaded successfully - version: 4.0.5 - missing functions: none
symbol engine: initialized successfully - sym options: 0x614 - pdb path: .;C:\Users\User\.jdks\azul-17.0.6\bin;C:\Windows\SYSTEM32;C:\Windows\WinSxS\amd64_microsoft.windows.common-controls_6595b64144ccf1df_6.0.19041.1110_none_60b5254171f9507e;C:\Users\User\.jdks\azul-17.0.6\bin\server;C:\Program Files\JetBrains\IntelliJ IDEA Community Edition 2022.3.3\bin;C:\Users\User\.openjfx\cache\17.0.2-ea;C:\Windows\System32\DriverStore\FileRepository\nv_dispig.inf_amd64_ee20464bb4ac57f4;C:\Program Files\Common Files\Microsoft Shared\Ink;C:\Users\User\AppData\Local\Temp;C:\Users\User\AppData\Local\Temp\jSerialComm\2.9.3

VM Arguments:
jvm_args: -javaagent:C:\Program Files\JetBrains\IntelliJ IDEA Community Edition 2022.3.3\lib\idea_rt.jar=59807:C:\Program Files\JetBrains\IntelliJ IDEA Community Edition 2022.3.3\bin -Dfile.encoding=UTF-8 --module-path=C:\Users\User\.m2\repository\org\openjfx\javafx-fxml\17.0.2\javafx-fxml-17.0.2-win.jar;C:\Projetos_Biopdi\mBioLabv2\target\classes;C:\Users\User\.m2\repository\com\fazecast\jSerialComm\2.9.3\jSerialComm-2.9.3.jar;C:\Users\User\.m2\repository\org\openjfx\javafx-controls\17.0.2\javafx-controls-17.0.2-win.jar;C:\Users\User\.m2\repository\org\xerial\sqlite-jdbc\3.8.11.2\sqlite-jdbc-3.8.11.2.jar;C:\Users\User\.m2\repository\org\openjfx\javafx-graphics\17.0.2\javafx-graphics-17.0.2-win.jar;C:\Users\User\.m2\repository\org\openjfx\javafx-base\17.0.2\javafx-base-17.0.2-win.jar -Djdk.module.main=br.com.biopdi.mbiolabv2 
java_command: br.com.biopdi.mbiolabv2/br.com.biopdi.mbiolabv2.mBioLabv2Application
java_class_path (initial): C:\Users\User\.m2\repository\org\openjfx\javafx-controls\17.0.2\javafx-controls-17.0.2.jar;C:\Users\User\.m2\repository\org\openjfx\javafx-graphics\17.0.2\javafx-graphics-17.0.2.jar;C:\Users\User\.m2\repository\org\openjfx\javafx-base\17.0.2\javafx-base-17.0.2.jar;C:\Users\User\.m2\repository\org\openjfx\javafx-fxml\17.0.2\javafx-fxml-17.0.2.jar;C:\Users\User\.m2\repository\org\springframework\boot\spring-boot-starter-data-jpa\2.7.0\spring-boot-starter-data-jpa-2.7.0.jar;C:\Users\User\.m2\repository\org\springframework\boot\spring-boot-starter-aop\2.7.0\spring-boot-starter-aop-2.7.0.jar;C:\Users\User\.m2\repository\org\springframework\boot\spring-boot-starter\2.7.0\spring-boot-starter-2.7.0.jar;C:\Users\User\.m2\repository\org\springframework\boot\spring-boot\2.7.0\spring-boot-2.7.0.jar;C:\Users\User\.m2\repository\org\springframework\boot\spring-boot-autoconfigure\2.7.0\spring-boot-autoconfigure-2.7.0.jar;C:\Users\User\.m2\repository\org\springframework\boot\spring-boot-starter-logging\2.7.0\spring-boot-starter-logging-2.7.0.jar;C:\Users\User\.m2\repository\ch\qos\logback\logback-classic\1.2.11\logback-classic-1.2.11.jar;C:\Users\User\.m2\repository\ch\qos\logback\logback-core\1.2.11\logback-core-1.2.11.jar;C:\Users\User\.m2\repository\org\apache\logging\log4j\log4j-to-slf4j\2.17.2\log4j-to-slf4j-2.17.2.jar;C:\Users\User\.m2\repository\org\apache\logging\log4j\log4j-api\2.17.2\log4j-api-2.17.2.jar;C:\Users\User\.m2\repository\org\slf4j\jul-to-slf4j\1.7.36\jul-to-slf4j-1.7.36.jar;C:\Users\User\.m2\repository\jakarta\annotation\jakarta.annotation-api\1.3.5\jakarta.annotation-api-1.3.5.jar;C:\Users\User\.m2\repository\org\yaml\snakeyaml\1.30\snakeyaml-1.30.jar;C:\Users\User\.m2\repository\org\springframework\spring-aop\5.3.20\spring-aop-5.3.20.jar;C:\Users\User\.m2\repository\org\aspectj\aspectjweaver\1.9.7\aspectjweaver-1.9.7.jar;C:\Users\User\.m2\repository\org\springframework\boot\spring-boot-starter-jdbc\2.7.0\spring-boot-starter-jdbc-
Launcher Type: SUN_STANDARD

[Global flags]
     intx CICompilerCount                          = 4                                         {product} {ergonomic}
     uint ConcGCThreads                            = 3                                         {product} {ergonomic}
     uint G1ConcRefinementThreads                  = 10                                        {product} {ergonomic}
   size_t G1HeapRegionSize                         = 2097152                                   {product} {ergonomic}
    uintx GCDrainStackTargetSize                   = 64                                        {product} {ergonomic}
   size_t InitialHeapSize                          = 266338304                                 {product} {ergonomic}
   size_t MarkStackSize                            = 4194304                                   {product} {ergonomic}
   size_t MaxHeapSize                              = 4257218560                                {product} {ergonomic}
   size_t MaxNewSize                               = 2554331136                                {product} {ergonomic}
   size_t MinHeapDeltaBytes                        = 2097152                                   {product} {ergonomic}
   size_t MinHeapSize                              = 8388608                                   {product} {ergonomic}
    uintx NonNMethodCodeHeapSize                   = 5839372                                {pd product} {ergonomic}
    uintx NonProfiledCodeHeapSize                  = 122909434                              {pd product} {ergonomic}
    uintx ProfiledCodeHeapSize                     = 122909434                              {pd product} {ergonomic}
    uintx ReservedCodeCacheSize                    = 251658240                              {pd product} {ergonomic}
     bool SegmentedCodeCache                       = true                                      {product} {ergonomic}
   size_t SoftMaxHeapSize                          = 4257218560                             {manageable} {ergonomic}
     bool UseCompressedClassPointers               = true                           {product lp64_product} {ergonomic}
     bool UseCompressedOops                        = true                           {product lp64_product} {ergonomic}
     bool UseG1GC                                  = true                                      {product} {ergonomic}
     bool UseLargePagesIndividualAllocation        = false                                  {pd product} {ergonomic}

Logging:
Log output configuration:
 #0: stdout all=warning uptime,level,tags
 #1: stderr all=off uptime,level,tags

Environment Variables:
JAVA_HOME=C:\Program Files\Java\jdk1.8.0_202
PATH=C:\Program Files (x86)\Common Files\Oracle\Java\javapath;C:\Windows\system32;C:\Windows;C:\Windows\System32\Wbem;C:\Windows\System32\WindowsPowerShell\v1.0\;C:\Windows\System32\OpenSSH\;C:\Program Files\Microsoft SQL Server\150\Tools\Binn\;C:\Program Files\dotnet\;C:\Program Files (x86)\IVI Foundation\VISA\WinNT\Bin\;C:\Program Files\IVI Foundation\VISA\Win64\Bin\;C:\Program Files (x86)\IVI Foundation\VISA\WinNT\Bin;C:\Program Files\Git\cmd;C:\Program Files\Amazon\AWSCLIV2\;C:\Program Files\MySQL\MySQL Shell 8.0\bin\;C:\Users\User\AppData\Local\Microsoft\WindowsApps;C:\Program Files\Java\jdk1.8.0_202\bin;C:\Users\User\.dotnet\tools
USERNAME=User
OS=Windows_NT
PROCESSOR_IDENTIFIER=Intel64 Family 6 Model 165 Stepping 3, GenuineIntel
TMP=C:\Users\User\AppData\Local\Temp
TEMP=C:\Users\User\AppData\Local\Temp



---------------  S Y S T E M  ---------------

OS:
 Windows 10 , 64 bit Build 19041 (10.0.19041.2788)
OS uptime: 0 days 4:45 hours

CPU: total 12 (initial active 12) (6 cores per cpu, 2 threads per core) family 6 model 165 stepping 3 microcode 0xea, cx8, cmov, fxsr, ht, mmx, 3dnowpref, sse, sse2, sse3, ssse3, sse4.1, sse4.2, popcnt, lzcnt, tsc, tscinvbit, avx, avx2, aes, erms, clmul, bmi1, bmi2, adx, fma, vzeroupper, clflush, clflushopt

Memory: 4k page, system-wide physical 16236M (7695M free)
TotalPageFile size 21100M (AvailPageFile size 7157M)
current process WorkingSet (physical memory assigned to process): 172M, peak: 176M
current process commit charge ("private bytes"): 454M, peak: 461M

vm_info: OpenJDK 64-Bit Server VM (17.0.6+10-LTS) for windows-amd64 JRE (17.0.6+10-LTS) (Zulu17.40+19-CA), built on Jan  4 2023 14:58:55 by "zulu_re" with MS VC++ 16.10 / 16.11 (VS2019)

END.
