#
# A fatal error has been detected by the Java Runtime Environment:
#
#  EXCEPTION_ACCESS_VIOLATION (0xc0000005) at pc=0x00007ffcbb2d3526, pid=6596, tid=14148
#
# JRE version: OpenJDK Runtime Environment Zulu17.40+19-CA (17.0.6+10) (build 17.0.6+10-LTS)
# Java VM: OpenJDK 64-Bit Server VM Zulu17.40+19-CA (17.0.6+10-LTS, mixed mode, sharing, tiered, compressed oops, compressed class ptrs, g1 gc, windows-amd64)
# Problematic frame:
# C  [ntdll.dll+0x63526]
#
# No core dump will be written. Minidumps are not enabled by default on client versions of Windows
#
# If you would like to submit a bug report, please visit:
#   http://www.azul.com/support/
# The crash happened outside the Java Virtual Machine in native code.
# See problematic frame for where to report the bug.
#

---------------  S U M M A R Y ------------

Command Line: -javaagent:C:\Program Files\JetBrains\IntelliJ IDEA Community Edition 2022.3.3\lib\idea_rt.jar=58232:C:\Program Files\JetBrains\IntelliJ IDEA Community Edition 2022.3.3\bin -Dfile.encoding=UTF-8 --module-path=C:\Projetos_Biopdi\mBioLabv2\target\classes;C:\Users\User\.m2\repository\org\xerial\sqlite-jdbc\3.8.11.2\sqlite-jdbc-3.8.11.2.jar;C:\Users\User\.m2\repository\org\openjfx\javafx-fxml\17.0.2\javafx-fxml-17.0.2-win.jar;C:\Users\User\.m2\repository\org\openjfx\javafx-graphics\17.0.2\javafx-graphics-17.0.2-win.jar;C:\Users\User\.m2\repository\org\openjfx\javafx-controls\17.0.2\javafx-controls-17.0.2-win.jar;C:\Users\User\.m2\repository\org\openjfx\javafx-base\17.0.2\javafx-base-17.0.2-win.jar;C:\Users\User\.m2\repository\com\fazecast\jSerialComm\2.9.3\jSerialComm-2.9.3.jar -Djdk.module.main=br.com.biopdi.mbiolabv2 br.com.biopdi.mbiolabv2/br.com.biopdi.mbiolabv2.mBioLabv2Application

Host: Intel(R) Core(TM) i5-10400F CPU @ 2.90GHz, 12 cores, 15G,  Windows 10 , 64 bit Build 19041 (10.0.19041.2788)
Time: Thu Apr 13 15:49:50 2023 Hora oficial do Brasil elapsed time: 1.948444 seconds (0d 0h 0m 1s)

---------------  T H R E A D  ---------------

Current thread (0x0000014f99e7a6a0):  JavaThread "Thread-5" [_thread_in_native, id=14148, stack(0x0000001176900000,0x0000001176a00000)]

Stack: [0x0000001176900000,0x0000001176a00000],  sp=0x00000011769fef00,  free space=1019k
Native frames: (J=compiled Java code, j=interpreted, Vv=VM code, C=native code)
C  [ntdll.dll+0x63526]
C  [ntdll.dll+0x2fcb4]
C  [ntdll.dll+0x2fae2]
C  [sqlite-3.8.11.2-5238924c-371e-4359-afef-4ec9028caeb8-sqlitejdbc.dll+0x1947f]

Java frames: (J=compiled Java code, j=interpreted, Vv=VM code)
j  org.sqlite.core.NativeDB.column_double(JI)D+0 sqlite.jdbc@3.8.11.2
j  org.sqlite.jdbc3.JDBC3ResultSet.getDouble(I)D+41 sqlite.jdbc@3.8.11.2
j  br.com.biopdi.mbiolabv2.controller.repository.dao.SystemVariableDAO.find()Lbr/com/biopdi/mbiolabv2/model/bean/SystemVariable;+51 br.com.biopdi.mbiolabv2
j  br.com.biopdi.mbiolabv2.controller.SceneController.HomeSceneController.lambda$autoConnect$2()V+19 br.com.biopdi.mbiolabv2
j  br.com.biopdi.mbiolabv2.controller.SceneController.HomeSceneController$$Lambda$209+0x0000000800d9f380.run()V+4 br.com.biopdi.mbiolabv2
j  java.lang.Thread.run()V+11 java.base@17.0.6
v  ~StubRoutines::call_stub

siginfo: EXCEPTION_ACCESS_VIOLATION (0xc0000005), writing address 0x0000000000000024


Register to memory mapping:

RIP=0x00007ffcbb2d3526 ntdll.dll
RAX=0x0 is NULL
RBX=0x0000014f9f07d498 points into unknown readable memory: 0x0000000000000000 | 00 00 00 00 00 00 00 00
RCX=0x0000014f9f07d498 points into unknown readable memory: 0x0000000000000000 | 00 00 00 00 00 00 00 00
RDX=0x00000000fffffffe is an unknown value
RSP=0x00000011769fef00 is pointing into the stack for thread: 0x0000014f99e7a6a0
RBP=0x00000011769ff100 is pointing into the stack for thread: 0x0000014f99e7a6a0
RSI=0x0 is NULL
RDI=0x0 is NULL
R8 =0x0 is NULL
R9 =0x0000014f9f07d400 points into unknown readable memory: 0x0000000000000000 | 00 00 00 00 00 00 00 00
R10=0x0000014f8753e096 is at code_begin+1206 in an Interpreter codelet
method entry point (kind = native_synchronized)  [0x0000014f8753dbe0, 0x0000014f8753e680]  2720 bytes
R11=0x0000000000000121 is an unknown value
R12=0x0 is NULL
R13=0x00000011740e9000 points into unknown readable memory: 0x0000000000000000 | 00 00 00 00 00 00 00 00
R14=0x0000000000000001 is an unknown value
R15=0x0 is NULL


Registers:
RAX=0x0000000000000000, RBX=0x0000014f9f07d498, RCX=0x0000014f9f07d498, RDX=0x00000000fffffffe
RSP=0x00000011769fef00, RBP=0x00000011769ff100, RSI=0x0000000000000000, RDI=0x0000000000000000
R8 =0x0000000000000000, R9 =0x0000014f9f07d400, R10=0x0000014f8753e096, R11=0x0000000000000121
R12=0x0000000000000000, R13=0x00000011740e9000, R14=0x0000000000000001, R15=0x0000000000000000
RIP=0x00007ffcbb2d3526, EFLAGS=0x0000000000010213

Top of Stack: (sp=0x00000011769fef00)
0x00000011769fef00:   ffffffffffffffff 0000014f9f07d498
0x00000011769fef10:   0000000000000001 00007ffc41a1e6d8
0x00000011769fef20:   0000000000000000 0000000000000000
0x00000011769fef30:   0000000000000000 0000014f9a9fbd00
0x00000011769fef40:   0000014fa28bab00 00007ffcfffffffe
0x00000011769fef50:   00000011740e9000 0000000000000000
0x00000011769fef60:   0000000000000000 0000000000000001
0x00000011769fef70:   0000014f99bdf600 0000014f99e7a6a0
0x00000011769fef80:   0000000000000001 00007ffc41a11330
0x00000011769fef90:   00003c286b6ddf05 0000000000000001
0x00000011769fefa0:   0000014f99e7a600 0000000000000001
0x00000011769fefb0:   0000000000000001 0000000000000001
0x00000011769fefc0:   0000000000000016 0000014f9f07d498
0x00000011769fefd0:   00000011769ff100 00007ffcbb29fcb4
0x00000011769fefe0:   0000014f99e7a600 0000000000000000
0x00000011769feff0:   00000000fffffffe 0000014f9a1bfc10 

Instructions: (pc=0x00007ffcbb2d3526)
0x00007ffcbb2d3426:   20 e9 ed fe ff ff 48 89 41 18 e9 e4 fe ff ff cc
0x00007ffcbb2d3436:   cc cc cc cc cc cc cc cc cc cc 80 3d c1 90 10 00
0x00007ffcbb2d3446:   00 0f 95 c0 c3 cc cc cc cc cc cc cc cc cc cc cc
0x00007ffcbb2d3456:   cc cc cc cc cc cc cc cc cc cc 48 83 ec 38 8b 05
0x00007ffcbb2d3466:   c2 76 10 00 89 44 24 20 e8 41 02 00 00 48 83 c4
0x00007ffcbb2d3476:   38 c3 cc cc cc cc cc cc cc cc 48 89 5c 24 18 55
0x00007ffcbb2d3486:   56 57 41 54 41 55 41 56 41 57 48 81 ec a0 00 00
0x00007ffcbb2d3496:   00 48 8b 05 72 10 12 00 48 33 c4 48 89 84 24 90
0x00007ffcbb2d34a6:   00 00 00 65 4c 8b 2c 25 30 00 00 00 48 8d 05 0f
0x00007ffcbb2d34b6:   31 10 00 40 32 ed 89 54 24 48 33 f6 40 88 6c 24
0x00007ffcbb2d34c6:   40 4c 89 6c 24 50 48 8b d9 44 8b e6 48 3b c8 0f
0x00007ffcbb2d34d6:   84 39 01 00 00 40 38 35 26 90 10 00 0f 85 a8 01
0x00007ffcbb2d34e6:   00 00 39 35 3a 90 10 00 0f 85 6a 01 00 00 40 38
0x00007ffcbb2d34f6:   35 fd 8a 10 00 48 8d 3d fe 8a 10 00 48 0f 45 fe
0x00007ffcbb2d3506:   48 39 73 18 0f 84 d2 00 00 00 48 8b 03 48 83 f8
0x00007ffcbb2d3516:   ff 0f 84 d2 00 00 00 44 8b fe 48 83 f8 ff 74 03
0x00007ffcbb2d3526:   ff 40 24 4c 8b 73 18 4c 8d 2d 94 30 10 00 bd 22
0x00007ffcbb2d3536:   17 00 00 e8 12 13 fc ff 85 c0 0f 85 06 b4 05 00
0x00007ffcbb2d3546:   b9 82 03 fe 7f 80 39 00 0f 85 14 b4 05 00 49 83
0x00007ffcbb2d3556:   fe ff 0f 85 a2 b4 05 00 4c 8b cf c7 44 24 20 00
0x00007ffcbb2d3566:   00 00 00 41 b8 04 00 00 00 48 8d 54 24 48 48 8d
0x00007ffcbb2d3576:   4b 08 e8 37 01 00 00 3d 02 01 00 00 0f 84 8b b4
0x00007ffcbb2d3586:   05 00 8b 4b 08 89 4c 24 48 f6 c1 02 75 ca 3d 02
0x00007ffcbb2d3596:   01 00 00 0f 84 74 b4 05 00 0f b6 6c 24 40 4c 8b
0x00007ffcbb2d35a6:   6c 24 50 85 c0 0f 88 c0 b5 05 00 40 84 ed 75 73
0x00007ffcbb2d35b6:   48 8b 8c 24 90 00 00 00 48 33 cc e8 7a 8d 02 00
0x00007ffcbb2d35c6:   48 8b 9c 24 f0 00 00 00 48 81 c4 a0 00 00 00 41
0x00007ffcbb2d35d6:   5f 41 5e 41 5d 41 5c 5f 5e 5d c3 cc 48 8b cb e8
0x00007ffcbb2d35e6:   56 05 00 00 e9 21 ff ff ff 8b 4b 20 48 c7 c0 ff
0x00007ffcbb2d35f6:   ff ff ff 48 0f ba e1 18 0f 82 19 ff ff ff 48 8b
0x00007ffcbb2d3606:   cb e8 34 e2 fa ff 48 8b 03 e9 09 ff ff ff c6 44
0x00007ffcbb2d3616:   24 40 01 41 c7 85 60 17 00 00 01 00 00 00 e9 b2 


Stack slot to memory mapping:
stack at sp + 0 slots: 0xffffffffffffffff is an unknown value
stack at sp + 1 slots: 0x0000014f9f07d498 points into unknown readable memory: 0x0000000000000000 | 00 00 00 00 00 00 00 00
stack at sp + 2 slots: 0x0000000000000001 is an unknown value
stack at sp + 3 slots: 0x00007ffc41a1e6d8 jvm.dll
stack at sp + 4 slots: 0x0 is NULL
stack at sp + 5 slots: 0x0 is NULL
stack at sp + 6 slots: 0x0 is NULL
stack at sp + 7 slots: 0x0000014f9a9fbd00 points into unknown readable memory: 0x0000000000000000 | 00 00 00 00 00 00 00 00


---------------  P R O C E S S  ---------------

Threads class SMR info:
_java_thread_list=0x0000014fa4926b00, length=23, elements={
0x0000014ff4df3180, 0x0000014fff3312c0, 0x0000014fff332140, 0x0000014fff340960,
0x0000014fff342440, 0x0000014fff344f10, 0x0000014fff3458d0, 0x0000014fff349d50,
0x0000014f98ee8490, 0x0000014f98eebdc0, 0x0000014f98f9ad60, 0x0000014f99bb6840,
0x0000014f99758610, 0x0000014f998468f0, 0x0000014f99ddb040, 0x0000014f99ddbf60,
0x0000014f99e7abb0, 0x0000014f99e7a190, 0x0000014f99e7bae0, 0x0000014f99e7a6a0,
0x0000014f99e7b0c0, 0x0000014f99e7c500, 0x0000014f99e7cf20
}

Java Threads: ( => current thread )
  0x0000014ff4df3180 JavaThread "main" [_thread_blocked, id=5096, stack(0x0000001174600000,0x0000001174700000)]
  0x0000014fff3312c0 JavaThread "Reference Handler" daemon [_thread_blocked, id=10656, stack(0x0000001174d00000,0x0000001174e00000)]
  0x0000014fff332140 JavaThread "Finalizer" daemon [_thread_blocked, id=9356, stack(0x0000001174e00000,0x0000001174f00000)]
  0x0000014fff340960 JavaThread "Signal Dispatcher" daemon [_thread_blocked, id=5616, stack(0x0000001174f00000,0x0000001175000000)]
  0x0000014fff342440 JavaThread "Attach Listener" daemon [_thread_blocked, id=15316, stack(0x0000001175000000,0x0000001175100000)]
  0x0000014fff344f10 JavaThread "Service Thread" daemon [_thread_blocked, id=10964, stack(0x0000001175100000,0x0000001175200000)]
  0x0000014fff3458d0 JavaThread "Monitor Deflation Thread" daemon [_thread_blocked, id=4592, stack(0x0000001175200000,0x0000001175300000)]
  0x0000014fff349d50 JavaThread "C2 CompilerThread0" daemon [_thread_blocked, id=9424, stack(0x0000001175300000,0x0000001175400000)]
  0x0000014f98ee8490 JavaThread "C1 CompilerThread0" daemon [_thread_blocked, id=2504, stack(0x0000001175400000,0x0000001175500000)]
  0x0000014f98eebdc0 JavaThread "Sweeper thread" daemon [_thread_blocked, id=4792, stack(0x0000001175500000,0x0000001175600000)]
  0x0000014f98f9ad60 JavaThread "Common-Cleaner" daemon [_thread_blocked, id=8568, stack(0x0000001175600000,0x0000001175700000)]
  0x0000014f99bb6840 JavaThread "Monitor Ctrl-Break" daemon [_thread_in_native, id=2672, stack(0x0000001175900000,0x0000001175a00000)]
  0x0000014f99758610 JavaThread "Notification Thread" daemon [_thread_blocked, id=2236, stack(0x0000001175a00000,0x0000001175b00000)]
  0x0000014f998468f0 JavaThread "QuantumRenderer-0" daemon [_thread_blocked, id=7928, stack(0x0000001175c00000,0x0000001175d00000)]
  0x0000014f99ddb040 JavaThread "InvokeLaterDispatcher" daemon [_thread_blocked, id=5044, stack(0x0000001175e00000,0x0000001175f00000)]
  0x0000014f99ddbf60 JavaThread "JavaFX Application Thread" [_thread_in_native, id=5708, stack(0x0000001175f00000,0x0000001176000000)]
  0x0000014f99e7abb0 JavaThread "JavaFX-Launcher" [_thread_blocked, id=2500, stack(0x0000001176200000,0x0000001176300000)]
  0x0000014f99e7a190 JavaThread "Thread-2" daemon [_thread_in_native, id=6360, stack(0x0000001176100000,0x0000001176200000)]
  0x0000014f99e7bae0 JavaThread "Thread-4" [_thread_blocked, id=12516, stack(0x0000001176800000,0x0000001176900000)]
=>0x0000014f99e7a6a0 JavaThread "Thread-5" [_thread_in_native, id=14148, stack(0x0000001176900000,0x0000001176a00000)]
  0x0000014f99e7b0c0 JavaThread "Thread-6" [_thread_blocked, id=8200, stack(0x0000001176a00000,0x0000001176b00000)]
  0x0000014f99e7c500 JavaThread "Prism Font Disposer" daemon [_thread_blocked, id=5980, stack(0x0000001177100000,0x0000001177200000)]
  0x0000014f99e7cf20 JavaThread "Cleaner-0" daemon [_thread_blocked, id=7864, stack(0x0000001177300000,0x0000001177400000)]

Other Threads:
  0x0000014fff32b6a0 VMThread "VM Thread" [stack: 0x0000001174c00000,0x0000001174d00000] [id=7356]
  0x0000014ff4e76e30 WatcherThread [stack: 0x0000001175b00000,0x0000001175c00000] [id=2256]
  0x0000014ff4e5e6b0 GCTaskThread "GC Thread#0" [stack: 0x0000001174700000,0x0000001174800000] [id=5680]
  0x0000014f99aded00 GCTaskThread "GC Thread#1" [stack: 0x0000001176300000,0x0000001176400000] [id=5040]
  0x0000014f99f76830 GCTaskThread "GC Thread#2" [stack: 0x0000001176400000,0x0000001176500000] [id=11388]
  0x0000014f99f76af0 GCTaskThread "GC Thread#3" [stack: 0x0000001176500000,0x0000001176600000] [id=11744]
  0x0000014f99c32f30 GCTaskThread "GC Thread#4" [stack: 0x0000001176600000,0x0000001176700000] [id=4364]
  0x0000014f99c331f0 GCTaskThread "GC Thread#5" [stack: 0x0000001176700000,0x0000001176800000] [id=7480]
  0x0000014f9a4dd3c0 GCTaskThread "GC Thread#6" [stack: 0x0000001175800000,0x0000001175900000] [id=2444]
  0x0000014fa2a1d5e0 GCTaskThread "GC Thread#7" [stack: 0x0000001176e00000,0x0000001176f00000] [id=6880]
  0x0000014fa28ba7d0 GCTaskThread "GC Thread#8" [stack: 0x0000001176f00000,0x0000001177000000] [id=7832]
  0x0000014fa25fe250 GCTaskThread "GC Thread#9" [stack: 0x0000001177000000,0x0000001177100000] [id=10348]
  0x0000014ff4e703d0 ConcurrentGCThread "G1 Main Marker" [stack: 0x0000001174800000,0x0000001174900000] [id=8044]
  0x0000014ff4e71580 ConcurrentGCThread "G1 Conc#0" [stack: 0x0000001174900000,0x0000001174a00000] [id=2640]
  0x0000014fff1e40f0 ConcurrentGCThread "G1 Refine#0" [stack: 0x0000001174a00000,0x0000001174b00000] [id=7644]
  0x0000014fff1e4b20 ConcurrentGCThread "G1 Service" [stack: 0x0000001174b00000,0x0000001174c00000] [id=14472]

Threads with active compile tasks:

VM state: not at safepoint (normal execution)

VM Mutex/Monitor currently owned by a thread: None

Heap address: 0x0000000702400000, size: 4060 MB, Compressed Oops mode: Zero based, Oop shift amount: 3

CDS archive(s) mapped at: [0x0000000800000000-0x0000000800c00000-0x0000000800c00000), size 12582912, SharedBaseAddress: 0x0000000800000000, ArchiveRelocationMode: 0.
Compressed class space mapped at: 0x0000000800c00000-0x0000000840c00000, reserved size: 1073741824
Narrow klass base: 0x0000000800000000, Narrow klass shift: 0, Narrow klass range: 0x100000000

GC Precious Log:
 CPUs: 12 total, 12 available
 Memory: 16236M
 Large Page Support: Disabled
 NUMA Support: Disabled
 Compressed Oops: Enabled (Zero based)
 Heap Region Size: 2M
 Heap Min Capacity: 8M
 Heap Initial Capacity: 254M
 Heap Max Capacity: 4060M
 Pre-touch: Disabled
 Parallel Workers: 10
 Concurrent Workers: 3
 Concurrent Refinement Workers: 10
 Periodic GC: Disabled

Heap:
 garbage-first heap   total 260096K, used 44603K [0x0000000702400000, 0x0000000800000000)
  region size 2048K, 19 young (38912K), 3 survivors (6144K)
 Metaspace       used 18413K, committed 18688K, reserved 1064960K
  class space    used 2732K, committed 2880K, reserved 1048576K

Heap Regions: E=young(eden), S=young(survivor), O=old, HS=humongous(starts), HC=humongous(continues), CS=collection set, F=free, OA=open archive, CA=closed archive, TAMS=top-at-mark-start (previous, next)
|   0|0x0000000702400000, 0x0000000702600000, 0x0000000702600000|100%| O|  |TAMS 0x0000000702400000, 0x0000000702400000| Untracked 
|   1|0x0000000702600000, 0x0000000702800000, 0x0000000702800000|100%|HS|  |TAMS 0x0000000702600000, 0x0000000702600000| Complete 
|   2|0x0000000702800000, 0x0000000702a00000, 0x0000000702a00000|100%|HC|  |TAMS 0x0000000702800000, 0x0000000702800000| Complete 
|   3|0x0000000702a00000, 0x0000000702c00000, 0x0000000702c00000|100%| O|  |TAMS 0x0000000702a00000, 0x0000000702a00000| Untracked 
|   4|0x0000000702c00000, 0x0000000702d28a00, 0x0000000702e00000| 57%| O|  |TAMS 0x0000000702c00000, 0x0000000702c00000| Untracked 
|   5|0x0000000702e00000, 0x0000000703000000, 0x0000000703000000|100%|HS|  |TAMS 0x0000000702e00000, 0x0000000702e00000| Complete 
|   6|0x0000000703000000, 0x0000000703000000, 0x0000000703200000|  0%| F|  |TAMS 0x0000000703000000, 0x0000000703000000| Untracked 
|   7|0x0000000703200000, 0x0000000703200000, 0x0000000703400000|  0%| F|  |TAMS 0x0000000703200000, 0x0000000703200000| Untracked 
|   8|0x0000000703400000, 0x0000000703400000, 0x0000000703600000|  0%| F|  |TAMS 0x0000000703400000, 0x0000000703400000| Untracked 
|   9|0x0000000703600000, 0x0000000703600000, 0x0000000703800000|  0%| F|  |TAMS 0x0000000703600000, 0x0000000703600000| Untracked 
|  10|0x0000000703800000, 0x0000000703800000, 0x0000000703a00000|  0%| F|  |TAMS 0x0000000703800000, 0x0000000703800000| Untracked 
|  11|0x0000000703a00000, 0x0000000703a00000, 0x0000000703c00000|  0%| F|  |TAMS 0x0000000703a00000, 0x0000000703a00000| Untracked 
|  12|0x0000000703c00000, 0x0000000703c00000, 0x0000000703e00000|  0%| F|  |TAMS 0x0000000703c00000, 0x0000000703c00000| Untracked 
|  13|0x0000000703e00000, 0x0000000703e00000, 0x0000000704000000|  0%| F|  |TAMS 0x0000000703e00000, 0x0000000703e00000| Untracked 
|  14|0x0000000704000000, 0x0000000704000000, 0x0000000704200000|  0%| F|  |TAMS 0x0000000704000000, 0x0000000704000000| Untracked 
|  15|0x0000000704200000, 0x0000000704200000, 0x0000000704400000|  0%| F|  |TAMS 0x0000000704200000, 0x0000000704200000| Untracked 
|  16|0x0000000704400000, 0x0000000704400000, 0x0000000704600000|  0%| F|  |TAMS 0x0000000704400000, 0x0000000704400000| Untracked 
|  17|0x0000000704600000, 0x0000000704600000, 0x0000000704800000|  0%| F|  |TAMS 0x0000000704600000, 0x0000000704600000| Untracked 
|  18|0x0000000704800000, 0x0000000704800000, 0x0000000704a00000|  0%| F|  |TAMS 0x0000000704800000, 0x0000000704800000| Untracked 
|  19|0x0000000704a00000, 0x0000000704a00000, 0x0000000704c00000|  0%| F|  |TAMS 0x0000000704a00000, 0x0000000704a00000| Untracked 
|  20|0x0000000704c00000, 0x0000000704c00000, 0x0000000704e00000|  0%| F|  |TAMS 0x0000000704c00000, 0x0000000704c00000| Untracked 
|  21|0x0000000704e00000, 0x0000000704e00000, 0x0000000705000000|  0%| F|  |TAMS 0x0000000704e00000, 0x0000000704e00000| Untracked 
|  22|0x0000000705000000, 0x0000000705000000, 0x0000000705200000|  0%| F|  |TAMS 0x0000000705000000, 0x0000000705000000| Untracked 
|  23|0x0000000705200000, 0x0000000705200000, 0x0000000705400000|  0%| F|  |TAMS 0x0000000705200000, 0x0000000705200000| Untracked 
|  24|0x0000000705400000, 0x0000000705400000, 0x0000000705600000|  0%| F|  |TAMS 0x0000000705400000, 0x0000000705400000| Untracked 
|  25|0x0000000705600000, 0x0000000705600000, 0x0000000705800000|  0%| F|  |TAMS 0x0000000705600000, 0x0000000705600000| Untracked 
|  26|0x0000000705800000, 0x0000000705800000, 0x0000000705a00000|  0%| F|  |TAMS 0x0000000705800000, 0x0000000705800000| Untracked 
|  27|0x0000000705a00000, 0x0000000705a00000, 0x0000000705c00000|  0%| F|  |TAMS 0x0000000705a00000, 0x0000000705a00000| Untracked 
|  28|0x0000000705c00000, 0x0000000705c00000, 0x0000000705e00000|  0%| F|  |TAMS 0x0000000705c00000, 0x0000000705c00000| Untracked 
|  29|0x0000000705e00000, 0x0000000705e00000, 0x0000000706000000|  0%| F|  |TAMS 0x0000000705e00000, 0x0000000705e00000| Untracked 
|  30|0x0000000706000000, 0x0000000706000000, 0x0000000706200000|  0%| F|  |TAMS 0x0000000706000000, 0x0000000706000000| Untracked 
|  31|0x0000000706200000, 0x0000000706200000, 0x0000000706400000|  0%| F|  |TAMS 0x0000000706200000, 0x0000000706200000| Untracked 
|  32|0x0000000706400000, 0x0000000706400000, 0x0000000706600000|  0%| F|  |TAMS 0x0000000706400000, 0x0000000706400000| Untracked 
|  33|0x0000000706600000, 0x0000000706600000, 0x0000000706800000|  0%| F|  |TAMS 0x0000000706600000, 0x0000000706600000| Untracked 
|  34|0x0000000706800000, 0x0000000706800000, 0x0000000706a00000|  0%| F|  |TAMS 0x0000000706800000, 0x0000000706800000| Untracked 
|  35|0x0000000706a00000, 0x0000000706a00000, 0x0000000706c00000|  0%| F|  |TAMS 0x0000000706a00000, 0x0000000706a00000| Untracked 
|  36|0x0000000706c00000, 0x0000000706c00000, 0x0000000706e00000|  0%| F|  |TAMS 0x0000000706c00000, 0x0000000706c00000| Untracked 
|  37|0x0000000706e00000, 0x0000000706e00000, 0x0000000707000000|  0%| F|  |TAMS 0x0000000706e00000, 0x0000000706e00000| Untracked 
|  38|0x0000000707000000, 0x0000000707000000, 0x0000000707200000|  0%| F|  |TAMS 0x0000000707000000, 0x0000000707000000| Untracked 
|  39|0x0000000707200000, 0x0000000707200000, 0x0000000707400000|  0%| F|  |TAMS 0x0000000707200000, 0x0000000707200000| Untracked 
|  40|0x0000000707400000, 0x0000000707400000, 0x0000000707600000|  0%| F|  |TAMS 0x0000000707400000, 0x0000000707400000| Untracked 
|  41|0x0000000707600000, 0x0000000707600000, 0x0000000707800000|  0%| F|  |TAMS 0x0000000707600000, 0x0000000707600000| Untracked 
|  42|0x0000000707800000, 0x0000000707800000, 0x0000000707a00000|  0%| F|  |TAMS 0x0000000707800000, 0x0000000707800000| Untracked 
|  43|0x0000000707a00000, 0x0000000707a00000, 0x0000000707c00000|  0%| F|  |TAMS 0x0000000707a00000, 0x0000000707a00000| Untracked 
|  44|0x0000000707c00000, 0x0000000707c00000, 0x0000000707e00000|  0%| F|  |TAMS 0x0000000707c00000, 0x0000000707c00000| Untracked 
|  45|0x0000000707e00000, 0x0000000707e00000, 0x0000000708000000|  0%| F|  |TAMS 0x0000000707e00000, 0x0000000707e00000| Untracked 
|  46|0x0000000708000000, 0x0000000708000000, 0x0000000708200000|  0%| F|  |TAMS 0x0000000708000000, 0x0000000708000000| Untracked 
|  47|0x0000000708200000, 0x0000000708200000, 0x0000000708400000|  0%| F|  |TAMS 0x0000000708200000, 0x0000000708200000| Untracked 
|  48|0x0000000708400000, 0x0000000708400000, 0x0000000708600000|  0%| F|  |TAMS 0x0000000708400000, 0x0000000708400000| Untracked 
|  49|0x0000000708600000, 0x0000000708600000, 0x0000000708800000|  0%| F|  |TAMS 0x0000000708600000, 0x0000000708600000| Untracked 
|  50|0x0000000708800000, 0x0000000708800000, 0x0000000708a00000|  0%| F|  |TAMS 0x0000000708800000, 0x0000000708800000| Untracked 
|  51|0x0000000708a00000, 0x0000000708a00000, 0x0000000708c00000|  0%| F|  |TAMS 0x0000000708a00000, 0x0000000708a00000| Untracked 
|  52|0x0000000708c00000, 0x0000000708c00000, 0x0000000708e00000|  0%| F|  |TAMS 0x0000000708c00000, 0x0000000708c00000| Untracked 
|  53|0x0000000708e00000, 0x0000000708e00000, 0x0000000709000000|  0%| F|  |TAMS 0x0000000708e00000, 0x0000000708e00000| Untracked 
|  54|0x0000000709000000, 0x0000000709000000, 0x0000000709200000|  0%| F|  |TAMS 0x0000000709000000, 0x0000000709000000| Untracked 
|  55|0x0000000709200000, 0x0000000709200000, 0x0000000709400000|  0%| F|  |TAMS 0x0000000709200000, 0x0000000709200000| Untracked 
|  56|0x0000000709400000, 0x0000000709400000, 0x0000000709600000|  0%| F|  |TAMS 0x0000000709400000, 0x0000000709400000| Untracked 
|  57|0x0000000709600000, 0x0000000709600000, 0x0000000709800000|  0%| F|  |TAMS 0x0000000709600000, 0x0000000709600000| Untracked 
|  58|0x0000000709800000, 0x0000000709800000, 0x0000000709a00000|  0%| F|  |TAMS 0x0000000709800000, 0x0000000709800000| Untracked 
|  59|0x0000000709a00000, 0x0000000709a00000, 0x0000000709c00000|  0%| F|  |TAMS 0x0000000709a00000, 0x0000000709a00000| Untracked 
|  60|0x0000000709c00000, 0x0000000709c00000, 0x0000000709e00000|  0%| F|  |TAMS 0x0000000709c00000, 0x0000000709c00000| Untracked 
|  61|0x0000000709e00000, 0x0000000709e00000, 0x000000070a000000|  0%| F|  |TAMS 0x0000000709e00000, 0x0000000709e00000| Untracked 
|  62|0x000000070a000000, 0x000000070a000000, 0x000000070a200000|  0%| F|  |TAMS 0x000000070a000000, 0x000000070a000000| Untracked 
|  63|0x000000070a200000, 0x000000070a200000, 0x000000070a400000|  0%| F|  |TAMS 0x000000070a200000, 0x000000070a200000| Untracked 
|  64|0x000000070a400000, 0x000000070a400000, 0x000000070a600000|  0%| F|  |TAMS 0x000000070a400000, 0x000000070a400000| Untracked 
|  65|0x000000070a600000, 0x000000070a600000, 0x000000070a800000|  0%| F|  |TAMS 0x000000070a600000, 0x000000070a600000| Untracked 
|  66|0x000000070a800000, 0x000000070a800000, 0x000000070aa00000|  0%| F|  |TAMS 0x000000070a800000, 0x000000070a800000| Untracked 
|  67|0x000000070aa00000, 0x000000070aa00000, 0x000000070ac00000|  0%| F|  |TAMS 0x000000070aa00000, 0x000000070aa00000| Untracked 
|  68|0x000000070ac00000, 0x000000070ac00000, 0x000000070ae00000|  0%| F|  |TAMS 0x000000070ac00000, 0x000000070ac00000| Untracked 
|  69|0x000000070ae00000, 0x000000070ae00000, 0x000000070b000000|  0%| F|  |TAMS 0x000000070ae00000, 0x000000070ae00000| Untracked 
|  70|0x000000070b000000, 0x000000070b000000, 0x000000070b200000|  0%| F|  |TAMS 0x000000070b000000, 0x000000070b000000| Untracked 
|  71|0x000000070b200000, 0x000000070b200000, 0x000000070b400000|  0%| F|  |TAMS 0x000000070b200000, 0x000000070b200000| Untracked 
|  72|0x000000070b400000, 0x000000070b400000, 0x000000070b600000|  0%| F|  |TAMS 0x000000070b400000, 0x000000070b400000| Untracked 
|  73|0x000000070b600000, 0x000000070b600000, 0x000000070b800000|  0%| F|  |TAMS 0x000000070b600000, 0x000000070b600000| Untracked 
|  74|0x000000070b800000, 0x000000070b800000, 0x000000070ba00000|  0%| F|  |TAMS 0x000000070b800000, 0x000000070b800000| Untracked 
|  75|0x000000070ba00000, 0x000000070ba00000, 0x000000070bc00000|  0%| F|  |TAMS 0x000000070ba00000, 0x000000070ba00000| Untracked 
|  76|0x000000070bc00000, 0x000000070bc00000, 0x000000070be00000|  0%| F|  |TAMS 0x000000070bc00000, 0x000000070bc00000| Untracked 
|  77|0x000000070be00000, 0x000000070be00000, 0x000000070c000000|  0%| F|  |TAMS 0x000000070be00000, 0x000000070be00000| Untracked 
|  78|0x000000070c000000, 0x000000070c000000, 0x000000070c200000|  0%| F|  |TAMS 0x000000070c000000, 0x000000070c000000| Untracked 
|  79|0x000000070c200000, 0x000000070c200000, 0x000000070c400000|  0%| F|  |TAMS 0x000000070c200000, 0x000000070c200000| Untracked 
|  80|0x000000070c400000, 0x000000070c400000, 0x000000070c600000|  0%| F|  |TAMS 0x000000070c400000, 0x000000070c400000| Untracked 
|  81|0x000000070c600000, 0x000000070c600000, 0x000000070c800000|  0%| F|  |TAMS 0x000000070c600000, 0x000000070c600000| Untracked 
|  82|0x000000070c800000, 0x000000070c800000, 0x000000070ca00000|  0%| F|  |TAMS 0x000000070c800000, 0x000000070c800000| Untracked 
|  83|0x000000070ca00000, 0x000000070ca00000, 0x000000070cc00000|  0%| F|  |TAMS 0x000000070ca00000, 0x000000070ca00000| Untracked 
|  84|0x000000070cc00000, 0x000000070cc00000, 0x000000070ce00000|  0%| F|  |TAMS 0x000000070cc00000, 0x000000070cc00000| Untracked 
|  85|0x000000070ce00000, 0x000000070ce00000, 0x000000070d000000|  0%| F|  |TAMS 0x000000070ce00000, 0x000000070ce00000| Untracked 
|  86|0x000000070d000000, 0x000000070d000000, 0x000000070d200000|  0%| F|  |TAMS 0x000000070d000000, 0x000000070d000000| Untracked 
|  87|0x000000070d200000, 0x000000070d200000, 0x000000070d400000|  0%| F|  |TAMS 0x000000070d200000, 0x000000070d200000| Untracked 
|  88|0x000000070d400000, 0x000000070d400000, 0x000000070d600000|  0%| F|  |TAMS 0x000000070d400000, 0x000000070d400000| Untracked 
|  89|0x000000070d600000, 0x000000070d600000, 0x000000070d800000|  0%| F|  |TAMS 0x000000070d600000, 0x000000070d600000| Untracked 
|  90|0x000000070d800000, 0x000000070d800000, 0x000000070da00000|  0%| F|  |TAMS 0x000000070d800000, 0x000000070d800000| Untracked 
|  91|0x000000070da00000, 0x000000070da00000, 0x000000070dc00000|  0%| F|  |TAMS 0x000000070da00000, 0x000000070da00000| Untracked 
|  92|0x000000070dc00000, 0x000000070dc00000, 0x000000070de00000|  0%| F|  |TAMS 0x000000070dc00000, 0x000000070dc00000| Untracked 
|  93|0x000000070de00000, 0x000000070de00000, 0x000000070e000000|  0%| F|  |TAMS 0x000000070de00000, 0x000000070de00000| Untracked 
|  94|0x000000070e000000, 0x000000070e000000, 0x000000070e200000|  0%| F|  |TAMS 0x000000070e000000, 0x000000070e000000| Untracked 
|  95|0x000000070e200000, 0x000000070e200000, 0x000000070e400000|  0%| F|  |TAMS 0x000000070e200000, 0x000000070e200000| Untracked 
|  96|0x000000070e400000, 0x000000070e400000, 0x000000070e600000|  0%| F|  |TAMS 0x000000070e400000, 0x000000070e400000| Untracked 
|  97|0x000000070e600000, 0x000000070e600000, 0x000000070e800000|  0%| F|  |TAMS 0x000000070e600000, 0x000000070e600000| Untracked 
|  98|0x000000070e800000, 0x000000070e800000, 0x000000070ea00000|  0%| F|  |TAMS 0x000000070e800000, 0x000000070e800000| Untracked 
|  99|0x000000070ea00000, 0x000000070ea00000, 0x000000070ec00000|  0%| F|  |TAMS 0x000000070ea00000, 0x000000070ea00000| Untracked 
| 100|0x000000070ec00000, 0x000000070ec00000, 0x000000070ee00000|  0%| F|  |TAMS 0x000000070ec00000, 0x000000070ec00000| Untracked 
| 101|0x000000070ee00000, 0x000000070ee00000, 0x000000070f000000|  0%| F|  |TAMS 0x000000070ee00000, 0x000000070ee00000| Untracked 
| 102|0x000000070f000000, 0x000000070f000000, 0x000000070f200000|  0%| F|  |TAMS 0x000000070f000000, 0x000000070f000000| Untracked 
| 103|0x000000070f200000, 0x000000070f200000, 0x000000070f400000|  0%| F|  |TAMS 0x000000070f200000, 0x000000070f200000| Untracked 
| 104|0x000000070f400000, 0x000000070f400000, 0x000000070f600000|  0%| F|  |TAMS 0x000000070f400000, 0x000000070f400000| Untracked 
| 105|0x000000070f600000, 0x000000070f600000, 0x000000070f800000|  0%| F|  |TAMS 0x000000070f600000, 0x000000070f600000| Untracked 
| 106|0x000000070f800000, 0x000000070f800000, 0x000000070fa00000|  0%| F|  |TAMS 0x000000070f800000, 0x000000070f800000| Untracked 
| 107|0x000000070fa00000, 0x000000070fa663b8, 0x000000070fc00000| 19%| S|CS|TAMS 0x000000070fa00000, 0x000000070fa00000| Complete 
| 108|0x000000070fc00000, 0x000000070fe00000, 0x000000070fe00000|100%| S|CS|TAMS 0x000000070fc00000, 0x000000070fc00000| Complete 
| 109|0x000000070fe00000, 0x0000000710000000, 0x0000000710000000|100%| S|CS|TAMS 0x000000070fe00000, 0x000000070fe00000| Complete 
| 110|0x0000000710000000, 0x0000000710000000, 0x0000000710200000|  0%| F|  |TAMS 0x0000000710000000, 0x0000000710000000| Untracked 
| 111|0x0000000710200000, 0x00000007103bce60, 0x0000000710400000| 86%| E|  |TAMS 0x0000000710200000, 0x0000000710200000| Complete 
| 112|0x0000000710400000, 0x0000000710600000, 0x0000000710600000|100%| E|CS|TAMS 0x0000000710400000, 0x0000000710400000| Complete 
| 113|0x0000000710600000, 0x0000000710800000, 0x0000000710800000|100%| E|CS|TAMS 0x0000000710600000, 0x0000000710600000| Complete 
| 114|0x0000000710800000, 0x0000000710a00000, 0x0000000710a00000|100%| E|CS|TAMS 0x0000000710800000, 0x0000000710800000| Complete 
| 115|0x0000000710a00000, 0x0000000710c00000, 0x0000000710c00000|100%| E|CS|TAMS 0x0000000710a00000, 0x0000000710a00000| Complete 
| 116|0x0000000710c00000, 0x0000000710e00000, 0x0000000710e00000|100%| E|CS|TAMS 0x0000000710c00000, 0x0000000710c00000| Complete 
| 117|0x0000000710e00000, 0x0000000711000000, 0x0000000711000000|100%| E|CS|TAMS 0x0000000710e00000, 0x0000000710e00000| Complete 
| 118|0x0000000711000000, 0x0000000711200000, 0x0000000711200000|100%| E|CS|TAMS 0x0000000711000000, 0x0000000711000000| Complete 
| 119|0x0000000711200000, 0x0000000711400000, 0x0000000711400000|100%| E|CS|TAMS 0x0000000711200000, 0x0000000711200000| Complete 
| 120|0x0000000711400000, 0x0000000711600000, 0x0000000711600000|100%| E|CS|TAMS 0x0000000711400000, 0x0000000711400000| Complete 
| 121|0x0000000711600000, 0x0000000711800000, 0x0000000711800000|100%| E|CS|TAMS 0x0000000711600000, 0x0000000711600000| Complete 
| 122|0x0000000711800000, 0x0000000711a00000, 0x0000000711a00000|100%| E|CS|TAMS 0x0000000711800000, 0x0000000711800000| Complete 
| 123|0x0000000711a00000, 0x0000000711c00000, 0x0000000711c00000|100%| E|CS|TAMS 0x0000000711a00000, 0x0000000711a00000| Complete 
| 124|0x0000000711c00000, 0x0000000711e00000, 0x0000000711e00000|100%| E|CS|TAMS 0x0000000711c00000, 0x0000000711c00000| Complete 
| 125|0x0000000711e00000, 0x0000000712000000, 0x0000000712000000|100%| E|  |TAMS 0x0000000711e00000, 0x0000000711e00000| Complete 
| 126|0x0000000712000000, 0x0000000712200000, 0x0000000712200000|100%| E|CS|TAMS 0x0000000712000000, 0x0000000712000000| Complete 

Card table byte_map: [0x0000014ffd6c0000,0x0000014ffdeb0000] _byte_map_base: 0x0000014ff9eae000

Marking Bits (Prev, Next): (CMBitMap*) 0x0000014ff4e5ecd0, (CMBitMap*) 0x0000014ff4e5ed10
 Prev Bits: [0x0000014f8f000000, 0x0000014f92f70000)
 Next Bits: [0x0000014f92f70000, 0x0000014f96ee0000)

Polling page: 0x0000014ff2d20000

Metaspace:

Usage:
  Non-class:     15.31 MB used.
      Class:      2.67 MB used.
       Both:     17.98 MB used.

Virtual space:
  Non-class space:       16.00 MB reserved,      15.44 MB ( 96%) committed,  2 nodes.
      Class space:        1.00 GB reserved,       2.81 MB ( <1%) committed,  1 nodes.
             Both:        1.02 GB reserved,      18.25 MB (  2%) committed. 

Chunk freelists:
   Non-Class:  208.00 KB
       Class:  1.20 MB
        Both:  1.41 MB

MaxMetaspaceSize: unlimited
CompressedClassSpaceSize: 1.00 GB
Initial GC threshold: 21.00 MB
Current GC threshold: 21.00 MB
CDS: on
MetaspaceReclaimPolicy: balanced
 - commit_granule_bytes: 65536.
 - commit_granule_words: 8192.
 - virtual_space_node_default_size: 1048576.
 - enlarge_chunks_in_place: 1.
 - new_chunks_are_fully_committed: 0.
 - uncommit_free_chunks: 1.
 - use_allocation_guard: 0.
 - handle_deallocations: 1.


Internal statistics:

num_allocs_failed_limit: 0.
num_arena_births: 234.
num_arena_deaths: 0.
num_vsnodes_births: 3.
num_vsnodes_deaths: 0.
num_space_committed: 292.
num_space_uncommitted: 0.
num_chunks_returned_to_freelist: 0.
num_chunks_taken_from_freelist: 868.
num_chunk_merges: 0.
num_chunk_splits: 590.
num_chunks_enlarged: 427.
num_purges: 0.
num_inconsistent_stats: 0.

CodeHeap 'non-profiled nmethods': size=120000Kb used=1282Kb max_used=1282Kb free=118718Kb
 bounds [0x0000014f87ad0000, 0x0000014f87d40000, 0x0000014f8f000000]
CodeHeap 'profiled nmethods': size=120000Kb used=5358Kb max_used=5358Kb free=114641Kb
 bounds [0x0000014f80000000, 0x0000014f80540000, 0x0000014f87530000]
CodeHeap 'non-nmethods': size=5760Kb used=1444Kb max_used=1493Kb free=4315Kb
 bounds [0x0000014f87530000, 0x0000014f877a0000, 0x0000014f87ad0000]
 total_blobs=3599 nmethods=2791 adapters=720
 compilation: enabled
              stopped_count=0, restarted_count=0
 full_count=0

Compilation events (20 events):
Event: 1.891 Thread 0x0000014f98ee8490 2770       3       javafx.scene.Node::isDisable (19 bytes)
Event: 1.892 Thread 0x0000014f98ee8490 nmethod 2770 0x0000014f8052f810 code [0x0000014f8052f9e0, 0x0000014f8052fe28]
Event: 1.892 Thread 0x0000014f98ee8490 2771       3       com.sun.javafx.geom.Vec3d::set (17 bytes)
Event: 1.892 Thread 0x0000014f98ee8490 nmethod 2771 0x0000014f8052ff90 code [0x0000014f80530120, 0x0000014f80530238]
Event: 1.892 Thread 0x0000014f98ee8490 2772       1       javafx.event.Event::isConsumed (5 bytes)
Event: 1.892 Thread 0x0000014f98ee8490 nmethod 2772 0x0000014f87c0e710 code [0x0000014f87c0e8a0, 0x0000014f87c0e978]
Event: 1.900 Thread 0x0000014f98ee8490 2773       1       javafx.event.Event::getEventType (5 bytes)
Event: 1.900 Thread 0x0000014f98ee8490 nmethod 2773 0x0000014f87c0ea10 code [0x0000014f87c0eba0, 0x0000014f87c0ec78]
Event: 1.908 Thread 0x0000014f98ee8490 2774       1       java.util.concurrent.locks.AbstractOwnableSynchronizer::getExclusiveOwnerThread (5 bytes)
Event: 1.908 Thread 0x0000014f98ee8490 nmethod 2774 0x0000014f87c0ed10 code [0x0000014f87c0eea0, 0x0000014f87c0ef78]
Event: 1.908 Thread 0x0000014f98ee8490 2775       1       com.sun.javafx.scene.input.PickResultChooser::isClosed (5 bytes)
Event: 1.908 Thread 0x0000014f98ee8490 nmethod 2775 0x0000014f87c0f010 code [0x0000014f87c0f1a0, 0x0000014f87c0f278]
Event: 1.923 Thread 0x0000014f98ee8490 2776       3       java.util.EnumMap::unmaskNull (13 bytes)
Event: 1.923 Thread 0x0000014f98ee8490 nmethod 2776 0x0000014f80530310 code [0x0000014f805304a0, 0x0000014f80530618]
Event: 1.937 Thread 0x0000014f98ee8490 2777       1       javafx.geometry.Point3D::getX (5 bytes)
Event: 1.937 Thread 0x0000014f98ee8490 nmethod 2777 0x0000014f87c0f310 code [0x0000014f87c0f4a0, 0x0000014f87c0f578]
Event: 1.937 Thread 0x0000014f98ee8490 2778       1       javafx.geometry.Point3D::getY (5 bytes)
Event: 1.937 Thread 0x0000014f98ee8490 nmethod 2778 0x0000014f87c0f610 code [0x0000014f87c0f7a0, 0x0000014f87c0f878]
Event: 1.937 Thread 0x0000014f98ee8490 2779       1       javafx.geometry.Point3D::getZ (5 bytes)
Event: 1.937 Thread 0x0000014f98ee8490 nmethod 2779 0x0000014f87c0f910 code [0x0000014f87c0faa0, 0x0000014f87c0fb78]

GC Heap History (4 events):
Event: 0.455 GC heap before
{Heap before GC invocations=0 (full 0):
 garbage-first heap   total 260096K, used 20480K [0x0000000702400000, 0x0000000800000000)
  region size 2048K, 11 young (22528K), 0 survivors (0K)
 Metaspace       used 4526K, committed 4672K, reserved 1056768K
  class space    used 492K, committed 576K, reserved 1048576K
}
Event: 0.457 GC heap after
{Heap after GC invocations=1 (full 0):
 garbage-first heap   total 260096K, used 5220K [0x0000000702400000, 0x0000000800000000)
  region size 2048K, 2 young (4096K), 2 survivors (4096K)
 Metaspace       used 4526K, committed 4672K, reserved 1056768K
  class space    used 492K, committed 576K, reserved 1048576K
}
Event: 0.997 GC heap before
{Heap before GC invocations=1 (full 0):
 garbage-first heap   total 260096K, used 37988K [0x0000000702400000, 0x0000000800000000)
  region size 2048K, 17 young (34816K), 2 survivors (4096K)
 Metaspace       used 12615K, committed 12800K, reserved 1064960K
  class space    used 1683K, committed 1792K, reserved 1048576K
}
Event: 1.000 GC heap after
{Heap after GC invocations=2 (full 0):
 garbage-first heap   total 260096K, used 13883K [0x0000000702400000, 0x0000000800000000)
  region size 2048K, 3 young (6144K), 3 survivors (6144K)
 Metaspace       used 12615K, committed 12800K, reserved 1064960K
  class space    used 1683K, committed 1792K, reserved 1048576K
}

Dll operation events (20 events):
Event: 0.256 Loaded shared library C:\Users\User\.openjfx\cache\17.0.2-ea\api-ms-win-crt-math-l1-1-0.dll
Event: 0.257 Loaded shared library C:\Users\User\.openjfx\cache\17.0.2-ea\api-ms-win-crt-multibyte-l1-1-0.dll
Event: 0.259 Loaded shared library C:\Users\User\.openjfx\cache\17.0.2-ea\api-ms-win-crt-private-l1-1-0.dll
Event: 0.261 Loaded shared library C:\Users\User\.openjfx\cache\17.0.2-ea\api-ms-win-crt-process-l1-1-0.dll
Event: 0.262 Loaded shared library C:\Users\User\.openjfx\cache\17.0.2-ea\api-ms-win-crt-runtime-l1-1-0.dll
Event: 0.263 Loaded shared library C:\Users\User\.openjfx\cache\17.0.2-ea\api-ms-win-crt-stdio-l1-1-0.dll
Event: 0.265 Loaded shared library C:\Users\User\.openjfx\cache\17.0.2-ea\api-ms-win-crt-string-l1-1-0.dll
Event: 0.266 Loaded shared library C:\Users\User\.openjfx\cache\17.0.2-ea\api-ms-win-crt-time-l1-1-0.dll
Event: 0.267 Loaded shared library C:\Users\User\.openjfx\cache\17.0.2-ea\api-ms-win-crt-utility-l1-1-0.dll
Event: 0.278 Loaded shared library C:\Users\User\.openjfx\cache\17.0.2-ea\ucrtbase.dll
Event: 0.281 Loaded shared library C:\Users\User\.openjfx\cache\17.0.2-ea\vcruntime140.dll
Event: 0.282 Loaded shared library C:\Users\User\.openjfx\cache\17.0.2-ea\vcruntime140_1.dll
Event: 0.289 Loaded shared library C:\Users\User\.openjfx\cache\17.0.2-ea\msvcp140.dll
Event: 0.314 Loaded shared library C:\Users\User\.openjfx\cache\17.0.2-ea\prism_d3d.dll
Event: 0.360 Loaded shared library C:\Users\User\.openjfx\cache\17.0.2-ea\glass.dll
Event: 0.469 Loaded shared library C:\Users\User\.jdks\azul-17.0.6\bin\jimage.dll
Event: 0.587 Loaded shared library C:\Users\User\AppData\Local\Temp\sqlite-3.8.11.2-5238924c-371e-4359-afef-4ec9028caeb8-sqlitejdbc.dll
Event: 0.696 Loaded shared library C:\Users\User\.openjfx\cache\17.0.2-ea\javafx_font.dll
Event: 0.814 Loaded shared library C:\Users\User\.openjfx\cache\17.0.2-ea\javafx_iio.dll
Event: 0.867 Loaded shared library C:\Users\User\AppData\Local\Temp\jSerialComm\2.9.3\jSerialComm.dll

Deoptimization events (20 events):
Event: 1.274 Thread 0x0000014f99ddbf60 Uncommon trap: trap_request=0xffffffbe fr.pc=0x0000014f87bbdca0 relative=0x0000000000000600
Event: 1.274 Thread 0x0000014f99ddbf60 Uncommon trap: reason=profile_predicate action=maybe_recompile pc=0x0000014f87bbdca0 method=com.sun.javafx.css.BitSet.addAll(Ljava/util/Collection;)Z @ 86 c2
Event: 1.275 Thread 0x0000014f99ddbf60 DEOPT PACKING pc=0x0000014f87bbdca0 sp=0x0000001175ffcc90
Event: 1.275 Thread 0x0000014f99ddbf60 DEOPT UNPACKING pc=0x0000014f875869a3 sp=0x0000001175ffcbf0 mode 2
Event: 1.275 Thread 0x0000014f99ddbf60 Uncommon trap: trap_request=0xffffffbe fr.pc=0x0000014f87bbdca0 relative=0x0000000000000600
Event: 1.275 Thread 0x0000014f99ddbf60 Uncommon trap: reason=profile_predicate action=maybe_recompile pc=0x0000014f87bbdca0 method=com.sun.javafx.css.BitSet.addAll(Ljava/util/Collection;)Z @ 86 c2
Event: 1.275 Thread 0x0000014f99ddbf60 DEOPT PACKING pc=0x0000014f87bbdca0 sp=0x0000001175ffce40
Event: 1.275 Thread 0x0000014f99ddbf60 DEOPT UNPACKING pc=0x0000014f875869a3 sp=0x0000001175ffcda0 mode 2
Event: 1.281 Thread 0x0000014f99ddbf60 Uncommon trap: trap_request=0xffffffbe fr.pc=0x0000014f87bbdca0 relative=0x0000000000000600
Event: 1.281 Thread 0x0000014f99ddbf60 Uncommon trap: reason=profile_predicate action=maybe_recompile pc=0x0000014f87bbdca0 method=com.sun.javafx.css.BitSet.addAll(Ljava/util/Collection;)Z @ 86 c2
Event: 1.281 Thread 0x0000014f99ddbf60 DEOPT PACKING pc=0x0000014f87bbdca0 sp=0x0000001175ffc7e0
Event: 1.281 Thread 0x0000014f99ddbf60 DEOPT UNPACKING pc=0x0000014f875869a3 sp=0x0000001175ffc740 mode 2
Event: 1.281 Thread 0x0000014f99ddbf60 Uncommon trap: trap_request=0xffffffbe fr.pc=0x0000014f87bbdca0 relative=0x0000000000000600
Event: 1.281 Thread 0x0000014f99ddbf60 Uncommon trap: reason=profile_predicate action=maybe_recompile pc=0x0000014f87bbdca0 method=com.sun.javafx.css.BitSet.addAll(Ljava/util/Collection;)Z @ 86 c2
Event: 1.281 Thread 0x0000014f99ddbf60 DEOPT PACKING pc=0x0000014f87bbdca0 sp=0x0000001175ffc7d0
Event: 1.281 Thread 0x0000014f99ddbf60 DEOPT UNPACKING pc=0x0000014f875869a3 sp=0x0000001175ffc730 mode 2
Event: 1.385 Thread 0x0000014f998468f0 Uncommon trap: trap_request=0xffffff45 fr.pc=0x0000014f87bc520c relative=0x0000000000004b0c
Event: 1.385 Thread 0x0000014f998468f0 Uncommon trap: reason=unstable_if action=reinterpret pc=0x0000014f87bc520c method=java.lang.invoke.MethodType.checkPtypes([Ljava/lang/Class;)I @ 47 c2
Event: 1.385 Thread 0x0000014f998468f0 DEOPT PACKING pc=0x0000014f87bc520c sp=0x0000001175cfce50
Event: 1.385 Thread 0x0000014f998468f0 DEOPT UNPACKING pc=0x0000014f875869a3 sp=0x0000001175cfcde8 mode 2

Classes unloaded (0 events):
No events

Classes redefined (0 events):
No events

Internal exceptions (20 events):
Event: 0.660 Thread 0x0000014f99ddbf60 Exception <a 'java/lang/NoSuchMethodError'{0x00000007116ecdc8}: 'java.lang.Object java.lang.invoke.DirectMethodHandle$Holder.invokeStaticInit(java.lang.Object, java.lang.Object, java.lang.Object, java.lang.Object)'> (0x00000007116ecdc8) 
thrown [s\src\hotspot\share\interpreter\linkResolver.cpp, line 759]
Event: 0.661 Thread 0x0000014f99ddbf60 Exception <a 'java/lang/NullPointerException'{0x00000007116f8a90}> (0x00000007116f8a90) 
thrown [s\src\hotspot\share\interpreter\linkResolver.cpp, line 1350]
Event: 0.681 Thread 0x0000014f99ddbf60 Exception <a 'java/lang/ClassNotFoundException'{0x00000007115024b0}: com/sun/glass/ui/win/themes> (0x00000007115024b0) 
thrown [s\src\hotspot\share\prims\jni.cpp, line 535]
Event: 0.681 Thread 0x0000014f99ddbf60 Exception <a 'java/lang/ClassNotFoundException'{0x000000071150e5d0}: com/sun/glass/ui/win/themes_pt> (0x000000071150e5d0) 
thrown [s\src\hotspot\share\prims\jni.cpp, line 535]
Event: 0.681 Thread 0x0000014f99ddbf60 Exception <a 'java/lang/ClassNotFoundException'{0x000000071150fb80}: com/sun/glass/ui/win/themes_pt_BR> (0x000000071150fb80) 
thrown [s\src\hotspot\share\prims\jni.cpp, line 535]
Event: 0.730 Thread 0x0000014f99ddbf60 Exception <a 'java/lang/NoSuchMethodError'{0x0000000710e2c5d0}: 'void java.lang.invoke.DirectMethodHandle$Holder.invokeStaticInit(java.lang.Object, java.lang.Object)'> (0x0000000710e2c5d0) 
thrown [s\src\hotspot\share\interpreter\linkResolver.cpp, line 759]
Event: 0.956 Thread 0x0000014f99ddbf60 Exception <a 'sun/nio/fs/WindowsException'{0x0000000710378478}> (0x0000000710378478) 
thrown [s\src\hotspot\share\prims\jni.cpp, line 516]
Event: 0.967 Thread 0x0000014f99ddbf60 Implicit null exception at 0x0000014f87b4af14 to 0x0000014f87b4b350
Event: 0.968 Thread 0x0000014f99ddbf60 Implicit null exception at 0x0000014f87b4a30f to 0x0000014f87b4a6c0
Event: 0.969 Thread 0x0000014f99ddbf60 Implicit null exception at 0x0000014f87aea22f to 0x0000014f87aea41d
Event: 1.027 Thread 0x0000014f99ddbf60 Exception <a 'java/lang/NoSuchMethodError'{0x0000000711e8b048}: 'int java.lang.invoke.DirectMethodHandle$Holder.invokeStaticInit(java.lang.Object, java.lang.Object)'> (0x0000000711e8b048) 
thrown [s\src\hotspot\share\interpreter\linkResolver.cpp, line 759]
Event: 1.047 Thread 0x0000014f99ddbf60 Exception <a 'java/lang/NoSuchMethodError'{0x0000000711dea4a0}: 'void java.lang.invoke.DirectMethodHandle$Holder.invokeSpecial(java.lang.Object, java.lang.Object, java.lang.Object, java.lang.Object, java.lang.Object, java.lang.Object)'> (0x0000000711dea4a0) 
thrown [s\src\hotspot\share\interpreter\linkResolver.cpp, line 759]
Event: 1.059 Thread 0x0000014f99ddbf60 Exception <a 'java/lang/NoSuchMethodError'{0x0000000711add3c8}: 'java.lang.Object java.lang.invoke.DirectMethodHandle$Holder.invokeInterface(java.lang.Object, java.lang.Object, java.lang.Object)'> (0x0000000711add3c8) 
thrown [s\src\hotspot\share\interpreter\linkResolver.cpp, line 759]
Event: 1.059 Thread 0x0000014f99ddbf60 Exception <a 'java/lang/IncompatibleClassChangeError'{0x0000000711ae0d50}: Found class java.lang.Object, but interface was expected> (0x0000000711ae0d50) 
thrown [s\src\hotspot\share\interpreter\linkResolver.cpp, line 826]
Event: 1.138 Thread 0x0000014f99ddbf60 Exception <a 'java/lang/NoSuchMethodError'{0x0000000711478050}: 'void java.lang.invoke.DirectMethodHandle$Holder.invokeSpecialIFC(java.lang.Object, java.lang.Object, java.lang.Object, java.lang.Object)'> (0x0000000711478050) 
thrown [s\src\hotspot\share\interpreter\linkResolver.cpp, line 759]
Event: 1.142 Thread 0x0000014f99ddbf60 Exception <a 'java/lang/ClassNotFoundException'{0x00000007114bd458}: com/sun/javafx/scene/control/skin/resources/controls> (0x00000007114bd458) 
thrown [s\src\hotspot\share\prims\jni.cpp, line 535]
Event: 1.142 Thread 0x0000014f99ddbf60 Exception <a 'java/lang/ClassNotFoundException'{0x00000007114cb6d0}: com/sun/javafx/scene/control/skin/resources/controls_pt> (0x00000007114cb6d0) 
thrown [s\src\hotspot\share\prims\jni.cpp, line 535]
Event: 1.143 Thread 0x0000014f99ddbf60 Exception <a 'java/lang/ClassNotFoundException'{0x00000007114cd1e8}: com/sun/javafx/scene/control/skin/resources/controls_pt_BR> (0x00000007114cd1e8) 
thrown [s\src\hotspot\share\prims\jni.cpp, line 535]
Event: 1.160 Thread 0x0000014f99ddbf60 Exception <a 'java/lang/NoSuchMethodError'{0x000000071134ab38}: 'int java.lang.invoke.DirectMethodHandle$Holder.invokeSpecial(java.lang.Object, java.lang.Object, int)'> (0x000000071134ab38) 
thrown [s\src\hotspot\share\interpreter\linkResolver.cpp, line 759]
Event: 1.293 Thread 0x0000014f99ddbf60 Exception <a 'java/lang/NoSuchMethodError'{0x0000000710b805d0}: 'java.lang.Object java.lang.invoke.DirectMethodHandle$Holder.newInvokeSpecial(java.lang.Object, java.lang.Object, int)'> (0x0000000710b805d0) 
thrown [s\src\hotspot\share\interpreter\linkResolver.cpp, line 759]

VM Operations (20 events):
Event: 0.481 Executing VM operation: HandshakeAllThreads
Event: 0.481 Executing VM operation: HandshakeAllThreads done
Event: 0.516 Executing VM operation: HandshakeAllThreads
Event: 0.516 Executing VM operation: HandshakeAllThreads done
Event: 0.600 Executing VM operation: HandshakeAllThreads
Event: 0.600 Executing VM operation: HandshakeAllThreads done
Event: 0.770 Executing VM operation: ICBufferFull
Event: 0.770 Executing VM operation: ICBufferFull done
Event: 0.771 Executing VM operation: HandshakeAllThreads
Event: 0.771 Executing VM operation: HandshakeAllThreads done
Event: 0.845 Executing VM operation: HandshakeAllThreads
Event: 0.845 Executing VM operation: HandshakeAllThreads done
Event: 0.949 Executing VM operation: HandshakeAllThreads
Event: 0.949 Executing VM operation: HandshakeAllThreads done
Event: 0.997 Executing VM operation: G1CollectForAllocation
Event: 1.000 Executing VM operation: G1CollectForAllocation done
Event: 1.149 Executing VM operation: ICBufferFull
Event: 1.149 Executing VM operation: ICBufferFull done
Event: 1.322 Executing VM operation: ICBufferFull
Event: 1.322 Executing VM operation: ICBufferFull done

Events (20 events):
Event: 1.379 loading class java/util/concurrent/ConcurrentLinkedQueue done
Event: 1.379 loading class java/util/concurrent/ConcurrentLinkedQueue$Node
Event: 1.379 loading class java/util/concurrent/ConcurrentLinkedQueue$Node done
Event: 1.380 loading class jdk/internal/ref/CleanerImpl$InnocuousThreadFactory
Event: 1.380 loading class jdk/internal/ref/CleanerImpl$InnocuousThreadFactory done
Event: 1.381 Thread 0x0000014f99e7cf20 Thread added: 0x0000014f99e7cf20
Event: 1.384 loading class sun/misc/Unsafe
Event: 1.384 loading class sun/misc/Unsafe done
Event: 1.384 loading class jdk/internal/reflect/UnsafeQualifiedStaticObjectFieldAccessorImpl
Event: 1.384 loading class jdk/internal/reflect/UnsafeQualifiedStaticFieldAccessorImpl
Event: 1.385 loading class jdk/internal/reflect/UnsafeQualifiedStaticFieldAccessorImpl done
Event: 1.385 loading class jdk/internal/reflect/UnsafeQualifiedStaticObjectFieldAccessorImpl done
Event: 1.870 Thread 0x0000014f9a81d9a0 Thread exited: 0x0000014f9a81d9a0
Event: 1.870 Thread 0x0000014f990ce070 Thread exited: 0x0000014f990ce070
Event: 1.872 loading class java/util/EnumMap$Values
Event: 1.872 loading class java/util/EnumMap$Values done
Event: 1.872 loading class java/util/EnumMap$ValueIterator
Event: 1.872 loading class java/util/EnumMap$EnumMapIterator
Event: 1.872 loading class java/util/EnumMap$EnumMapIterator done
Event: 1.872 loading class java/util/EnumMap$ValueIterator done


Dynamic libraries:
0x00007ff60a160000 - 0x00007ff60a16e000 	C:\Users\User\.jdks\azul-17.0.6\bin\java.exe
0x00007ffcbb270000 - 0x00007ffcbb468000 	C:\Windows\SYSTEM32\ntdll.dll
0x00007ffcba1d0000 - 0x00007ffcba28f000 	C:\Windows\System32\KERNEL32.DLL
0x00007ffcb8f30000 - 0x00007ffcb920a000 	C:\Windows\System32\KERNELBASE.dll
0x00007ffcb8ba0000 - 0x00007ffcb8ca0000 	C:\Windows\System32\ucrtbase.dll
0x00007ffcad5e0000 - 0x00007ffcad5f8000 	C:\Users\User\.jdks\azul-17.0.6\bin\jli.dll
0x00007ffcae450000 - 0x00007ffcae46b000 	C:\Users\User\.jdks\azul-17.0.6\bin\VCRUNTIME140.dll
0x00007ffcb9980000 - 0x00007ffcb9b1d000 	C:\Windows\System32\USER32.dll
0x00007ffcb9210000 - 0x00007ffcb9232000 	C:\Windows\System32\win32u.dll
0x00007ffca11a0000 - 0x00007ffca143a000 	C:\Windows\WinSxS\amd64_microsoft.windows.common-controls_6595b64144ccf1df_6.0.19041.1110_none_60b5254171f9507e\COMCTL32.dll
0x00007ffcba4c0000 - 0x00007ffcba4eb000 	C:\Windows\System32\GDI32.dll
0x00007ffcba4f0000 - 0x00007ffcba58e000 	C:\Windows\System32\msvcrt.dll
0x00007ffcb8d40000 - 0x00007ffcb8e50000 	C:\Windows\System32\gdi32full.dll
0x00007ffcb8ca0000 - 0x00007ffcb8d3d000 	C:\Windows\System32\msvcp_win.dll
0x00007ffcb9b20000 - 0x00007ffcb9b50000 	C:\Windows\System32\IMM32.DLL
0x00007ffcae480000 - 0x00007ffcae48c000 	C:\Users\User\.jdks\azul-17.0.6\bin\vcruntime140_1.dll
0x00007ffca5700000 - 0x00007ffca578d000 	C:\Users\User\.jdks\azul-17.0.6\bin\msvcp140.dll
0x00007ffc413b0000 - 0x00007ffc42015000 	C:\Users\User\.jdks\azul-17.0.6\bin\server\jvm.dll
0x00007ffcb9b50000 - 0x00007ffcb9bfe000 	C:\Windows\System32\ADVAPI32.dll
0x00007ffcb9f70000 - 0x00007ffcba00c000 	C:\Windows\System32\sechost.dll
0x00007ffcbadd0000 - 0x00007ffcbaef6000 	C:\Windows\System32\RPCRT4.dll
0x00007ffca7350000 - 0x00007ffca7359000 	C:\Windows\SYSTEM32\WSOCK32.dll
0x00007ffcbb160000 - 0x00007ffcbb1cb000 	C:\Windows\System32\WS2_32.dll
0x00007ffcb2610000 - 0x00007ffcb261a000 	C:\Windows\SYSTEM32\VERSION.dll
0x00007ffca5970000 - 0x00007ffca5997000 	C:\Windows\SYSTEM32\WINMM.dll
0x00007ffcb6780000 - 0x00007ffcb6792000 	C:\Windows\SYSTEM32\kernel.appcore.dll
0x00007ffcad5d0000 - 0x00007ffcad5da000 	C:\Users\User\.jdks\azul-17.0.6\bin\jimage.dll
0x00007ffcb1a10000 - 0x00007ffcb1bf4000 	C:\Windows\SYSTEM32\DBGHELP.DLL
0x00007ffcb1780000 - 0x00007ffcb17b4000 	C:\Windows\SYSTEM32\dbgcore.DLL
0x00007ffcb9240000 - 0x00007ffcb92c2000 	C:\Windows\System32\bcryptPrimitives.dll
0x00007ffcad240000 - 0x00007ffcad24e000 	C:\Users\User\.jdks\azul-17.0.6\bin\instrument.dll
0x00007ffcac140000 - 0x00007ffcac165000 	C:\Users\User\.jdks\azul-17.0.6\bin\java.dll
0x00007ffca4b70000 - 0x00007ffca4c47000 	C:\Users\User\.jdks\azul-17.0.6\bin\jsvml.dll
0x00007ffcba680000 - 0x00007ffcbadc4000 	C:\Windows\System32\SHELL32.dll
0x00007ffcb6a60000 - 0x00007ffcb71f3000 	C:\Windows\SYSTEM32\windows.storage.dll
0x00007ffcb9c10000 - 0x00007ffcb9f64000 	C:\Windows\System32\combase.dll
0x00007ffcb83e0000 - 0x00007ffcb840e000 	C:\Windows\SYSTEM32\Wldp.dll
0x00007ffcbaf00000 - 0x00007ffcbafad000 	C:\Windows\System32\SHCORE.dll
0x00007ffcbb1d0000 - 0x00007ffcbb225000 	C:\Windows\System32\shlwapi.dll
0x00007ffcb88c0000 - 0x00007ffcb88df000 	C:\Windows\SYSTEM32\profapi.dll
0x00007ffcad5b0000 - 0x00007ffcad5c9000 	C:\Users\User\.jdks\azul-17.0.6\bin\net.dll
0x00007ffcb1650000 - 0x00007ffcb175a000 	C:\Windows\SYSTEM32\WINHTTP.dll
0x00007ffcb8140000 - 0x00007ffcb81aa000 	C:\Windows\system32\mswsock.dll
0x00007ffcad2c0000 - 0x00007ffcad2d6000 	C:\Users\User\.jdks\azul-17.0.6\bin\nio.dll
0x00007ffca7750000 - 0x00007ffca7768000 	C:\Users\User\.jdks\azul-17.0.6\bin\zip.dll
0x00007ffca7730000 - 0x00007ffca774a000 	C:\Program Files\JetBrains\IntelliJ IDEA Community Edition 2022.3.3\bin\breakgen64.dll
0x0000014ff2e00000 - 0x0000014ff2e03000 	C:\Users\User\.openjfx\cache\17.0.2-ea\api-ms-win-core-console-l1-1-0.dll
0x0000014ff4d00000 - 0x0000014ff4d03000 	C:\Users\User\.openjfx\cache\17.0.2-ea\api-ms-win-core-console-l1-2-0.dll
0x0000014ff4d10000 - 0x0000014ff4d13000 	C:\Users\User\.openjfx\cache\17.0.2-ea\api-ms-win-core-datetime-l1-1-0.dll
0x0000014ff4d20000 - 0x0000014ff4d23000 	C:\Users\User\.openjfx\cache\17.0.2-ea\api-ms-win-core-debug-l1-1-0.dll
0x0000014ff4d30000 - 0x0000014ff4d33000 	C:\Users\User\.openjfx\cache\17.0.2-ea\api-ms-win-core-errorhandling-l1-1-0.dll
0x0000014ff4d40000 - 0x0000014ff4d44000 	C:\Users\User\.openjfx\cache\17.0.2-ea\api-ms-win-core-file-l1-1-0.dll
0x0000014ff4d50000 - 0x0000014ff4d53000 	C:\Users\User\.openjfx\cache\17.0.2-ea\api-ms-win-core-file-l1-2-0.dll
0x0000014ff4d60000 - 0x0000014ff4d63000 	C:\Users\User\.openjfx\cache\17.0.2-ea\api-ms-win-core-file-l2-1-0.dll
0x0000014ff4d70000 - 0x0000014ff4d73000 	C:\Users\User\.openjfx\cache\17.0.2-ea\api-ms-win-core-handle-l1-1-0.dll
0x0000014ff4d80000 - 0x0000014ff4d83000 	C:\Users\User\.openjfx\cache\17.0.2-ea\api-ms-win-core-heap-l1-1-0.dll
0x0000014ff4d90000 - 0x0000014ff4d93000 	C:\Users\User\.openjfx\cache\17.0.2-ea\api-ms-win-core-interlocked-l1-1-0.dll
0x0000014ff4da0000 - 0x0000014ff4da3000 	C:\Users\User\.openjfx\cache\17.0.2-ea\api-ms-win-core-libraryloader-l1-1-0.dll
0x0000014ff4db0000 - 0x0000014ff4db3000 	C:\Users\User\.openjfx\cache\17.0.2-ea\api-ms-win-core-localization-l1-2-0.dll
0x0000014fff350000 - 0x0000014fff353000 	C:\Users\User\.openjfx\cache\17.0.2-ea\api-ms-win-core-memory-l1-1-0.dll
0x0000014fff360000 - 0x0000014fff363000 	C:\Users\User\.openjfx\cache\17.0.2-ea\api-ms-win-core-namedpipe-l1-1-0.dll
0x0000014fff370000 - 0x0000014fff373000 	C:\Users\User\.openjfx\cache\17.0.2-ea\api-ms-win-core-processenvironment-l1-1-0.dll
0x0000014fff380000 - 0x0000014fff383000 	C:\Users\User\.openjfx\cache\17.0.2-ea\api-ms-win-core-processthreads-l1-1-0.dll
0x0000014fff390000 - 0x0000014fff393000 	C:\Users\User\.openjfx\cache\17.0.2-ea\api-ms-win-core-processthreads-l1-1-1.dll
0x0000014fff3a0000 - 0x0000014fff3a3000 	C:\Users\User\.openjfx\cache\17.0.2-ea\api-ms-win-core-profile-l1-1-0.dll
0x0000014fff3b0000 - 0x0000014fff3b3000 	C:\Users\User\.openjfx\cache\17.0.2-ea\api-ms-win-core-rtlsupport-l1-1-0.dll
0x0000014fff3c0000 - 0x0000014fff3c3000 	C:\Users\User\.openjfx\cache\17.0.2-ea\api-ms-win-core-string-l1-1-0.dll
0x0000014fff3d0000 - 0x0000014fff3d3000 	C:\Users\User\.openjfx\cache\17.0.2-ea\api-ms-win-core-synch-l1-1-0.dll
0x0000014fff3e0000 - 0x0000014fff3e3000 	C:\Users\User\.openjfx\cache\17.0.2-ea\api-ms-win-core-synch-l1-2-0.dll
0x0000014fff3f0000 - 0x0000014fff3f3000 	C:\Users\User\.openjfx\cache\17.0.2-ea\api-ms-win-core-sysinfo-l1-1-0.dll
0x0000014fffd10000 - 0x0000014fffd13000 	C:\Users\User\.openjfx\cache\17.0.2-ea\api-ms-win-core-timezone-l1-1-0.dll
0x0000014fffd20000 - 0x0000014fffd23000 	C:\Users\User\.openjfx\cache\17.0.2-ea\api-ms-win-core-util-l1-1-0.dll
0x0000014fffd30000 - 0x0000014fffd33000 	C:\Users\User\.openjfx\cache\17.0.2-ea\api-ms-win-crt-conio-l1-1-0.dll
0x0000014fffd40000 - 0x0000014fffd44000 	C:\Users\User\.openjfx\cache\17.0.2-ea\api-ms-win-crt-convert-l1-1-0.dll
0x0000014fffd50000 - 0x0000014fffd53000 	C:\Users\User\.openjfx\cache\17.0.2-ea\api-ms-win-crt-environment-l1-1-0.dll
0x0000014fffd60000 - 0x0000014fffd63000 	C:\Users\User\.openjfx\cache\17.0.2-ea\api-ms-win-crt-filesystem-l1-1-0.dll
0x0000014fffd70000 - 0x0000014fffd73000 	C:\Users\User\.openjfx\cache\17.0.2-ea\api-ms-win-crt-heap-l1-1-0.dll
0x0000014fffd80000 - 0x0000014fffd83000 	C:\Users\User\.openjfx\cache\17.0.2-ea\api-ms-win-crt-locale-l1-1-0.dll
0x0000014fffd90000 - 0x0000014fffd95000 	C:\Users\User\.openjfx\cache\17.0.2-ea\api-ms-win-crt-math-l1-1-0.dll
0x0000014fffda0000 - 0x0000014fffda5000 	C:\Users\User\.openjfx\cache\17.0.2-ea\api-ms-win-crt-multibyte-l1-1-0.dll
0x0000014fffdb0000 - 0x0000014fffdc0000 	C:\Users\User\.openjfx\cache\17.0.2-ea\api-ms-win-crt-private-l1-1-0.dll
0x0000014fffdc0000 - 0x0000014fffdc3000 	C:\Users\User\.openjfx\cache\17.0.2-ea\api-ms-win-crt-process-l1-1-0.dll
0x0000014fffdd0000 - 0x0000014fffdd4000 	C:\Users\User\.openjfx\cache\17.0.2-ea\api-ms-win-crt-runtime-l1-1-0.dll
0x0000014fffde0000 - 0x0000014fffde4000 	C:\Users\User\.openjfx\cache\17.0.2-ea\api-ms-win-crt-stdio-l1-1-0.dll
0x0000014fffdf0000 - 0x0000014fffdf4000 	C:\Users\User\.openjfx\cache\17.0.2-ea\api-ms-win-crt-string-l1-1-0.dll
0x0000014fffe00000 - 0x0000014fffe03000 	C:\Users\User\.openjfx\cache\17.0.2-ea\api-ms-win-crt-time-l1-1-0.dll
0x0000014fffe10000 - 0x0000014fffe13000 	C:\Users\User\.openjfx\cache\17.0.2-ea\api-ms-win-crt-utility-l1-1-0.dll
0x00007ffc8aee0000 - 0x00007ffc8afdc000 	C:\Users\User\.openjfx\cache\17.0.2-ea\ucrtbase.dll
0x00007ffca57f0000 - 0x00007ffca580a000 	C:\Users\User\.openjfx\cache\17.0.2-ea\vcruntime140.dll
0x00007ffca7620000 - 0x00007ffca762c000 	C:\Users\User\.openjfx\cache\17.0.2-ea\vcruntime140_1.dll
0x00007ffca47c0000 - 0x00007ffca484d000 	C:\Users\User\.openjfx\cache\17.0.2-ea\msvcp140.dll
0x00007ffca4b40000 - 0x00007ffca4b6a000 	C:\Users\User\.openjfx\cache\17.0.2-ea\prism_d3d.dll
0x00007ffcb0390000 - 0x00007ffcb055d000 	C:\Windows\system32\d3d9.dll
0x00007ffcb6750000 - 0x00007ffcb677f000 	C:\Windows\SYSTEM32\dwmapi.dll
0x00007ffcb62f0000 - 0x00007ffcb638e000 	C:\Windows\system32\uxtheme.dll
0x00007ffca1440000 - 0x00007ffca1557000 	C:\Windows\System32\DriverStore\FileRepository\nv_dispig.inf_amd64_ee20464bb4ac57f4\nvldumdx.dll
0x00007ffcb8570000 - 0x00007ffcb8582000 	C:\Windows\SYSTEM32\msasn1.dll
0x00007ffcb23d0000 - 0x00007ffcb2401000 	C:\Windows\SYSTEM32\cryptnet.dll
0x00007ffcb89f0000 - 0x00007ffcb8b46000 	C:\Windows\System32\CRYPT32.dll
0x00007ffcb21b0000 - 0x00007ffcb22f8000 	C:\Windows\SYSTEM32\drvstore.dll
0x00007ffcb8730000 - 0x00007ffcb875c000 	C:\Windows\SYSTEM32\devobj.dll
0x00007ffcb8b50000 - 0x00007ffcb8b9e000 	C:\Windows\System32\cfgmgr32.dll
0x00007ffcb8330000 - 0x00007ffcb833c000 	C:\Windows\SYSTEM32\cryptbase.dll
0x00007ffcb8980000 - 0x00007ffcb89e7000 	C:\Windows\System32\WINTRUST.DLL
0x00007ffcba4a0000 - 0x00007ffcba4bd000 	C:\Windows\System32\imagehlp.dll
0x00007ffcb8340000 - 0x00007ffcb8358000 	C:\Windows\SYSTEM32\CRYPTSP.dll
0x00007ffcb79f0000 - 0x00007ffcb7a24000 	C:\Windows\system32\rsaenh.dll
0x00007ffcb8e50000 - 0x00007ffcb8e77000 	C:\Windows\System32\bcrypt.dll
0x00007ffc4a920000 - 0x00007ffc4c12a000 	C:\Windows\System32\DriverStore\FileRepository\nv_dispig.inf_amd64_ee20464bb4ac57f4\nvd3dumx.dll
0x00007ffc97740000 - 0x00007ffc97782000 	C:\Users\User\.openjfx\cache\17.0.2-ea\glass.dll
0x00007ffcba010000 - 0x00007ffcba0ea000 	C:\Windows\System32\COMDLG32.dll
0x00007ffcb97a0000 - 0x00007ffcb98ca000 	C:\Windows\System32\ole32.dll
0x00007ffcba0f0000 - 0x00007ffcba1bd000 	C:\Windows\System32\OLEAUT32.dll
0x00007ffcbafc0000 - 0x00007ffcbb0d4000 	C:\Windows\System32\MSCTF.dll
0x00007ffcb7210000 - 0x00007ffcb7233000 	C:\Windows\SYSTEM32\gpapi.dll
0x00007ffca4f60000 - 0x00007ffca4f9b000 	C:\Windows\SYSTEM32\dxcore.dll
0x00007ffcb8880000 - 0x00007ffcb88ae000 	C:\Windows\SYSTEM32\USERENV.dll
0x00007ffcb7de0000 - 0x00007ffcb7e1c000 	C:\Windows\SYSTEM32\IPHLPAPI.DLL
0x00007ffcba1c0000 - 0x00007ffcba1c8000 	C:\Windows\System32\NSI.dll
0x00007ffcb3280000 - 0x00007ffcb3297000 	C:\Windows\SYSTEM32\dhcpcsvc6.DLL
0x00007ffcb3260000 - 0x00007ffcb327d000 	C:\Windows\SYSTEM32\dhcpcsvc.DLL
0x00007ffcb7e20000 - 0x00007ffcb7eeb000 	C:\Windows\SYSTEM32\DNSAPI.dll
0x000000006d580000 - 0x000000006d63d000 	C:\Users\User\AppData\Local\Temp\sqlite-3.8.11.2-5238924c-371e-4359-afef-4ec9028caeb8-sqlitejdbc.dll
0x00007ffca47a0000 - 0x00007ffca47b4000 	C:\Users\User\.openjfx\cache\17.0.2-ea\javafx_font.dll
0x00007ffc9d2f0000 - 0x00007ffc9d56f000 	C:\Windows\SYSTEM32\dwrite.dll
0x00007ffca3910000 - 0x00007ffca393d000 	C:\Users\User\.openjfx\cache\17.0.2-ea\javafx_iio.dll
0x00007ffc97690000 - 0x00007ffc976c4000 	C:\Users\User\AppData\Local\Temp\jSerialComm\2.9.3\jSerialComm.dll
0x00007ffcb92d0000 - 0x00007ffcb9738000 	C:\Windows\System32\SETUPAPI.dll

dbghelp: loaded successfully - version: 4.0.5 - missing functions: none
symbol engine: initialized successfully - sym options: 0x614 - pdb path: .;C:\Users\User\.jdks\azul-17.0.6\bin;C:\Windows\SYSTEM32;C:\Windows\WinSxS\amd64_microsoft.windows.common-controls_6595b64144ccf1df_6.0.19041.1110_none_60b5254171f9507e;C:\Users\User\.jdks\azul-17.0.6\bin\server;C:\Program Files\JetBrains\IntelliJ IDEA Community Edition 2022.3.3\bin;C:\Users\User\.openjfx\cache\17.0.2-ea;C:\Windows\System32\DriverStore\FileRepository\nv_dispig.inf_amd64_ee20464bb4ac57f4;C:\Users\User\AppData\Local\Temp;C:\Users\User\AppData\Local\Temp\jSerialComm\2.9.3;C:\Program Files\Common Files\Microsoft Shared\Ink

VM Arguments:
jvm_args: -javaagent:C:\Program Files\JetBrains\IntelliJ IDEA Community Edition 2022.3.3\lib\idea_rt.jar=58232:C:\Program Files\JetBrains\IntelliJ IDEA Community Edition 2022.3.3\bin -Dfile.encoding=UTF-8 --module-path=C:\Projetos_Biopdi\mBioLabv2\target\classes;C:\Users\User\.m2\repository\org\xerial\sqlite-jdbc\3.8.11.2\sqlite-jdbc-3.8.11.2.jar;C:\Users\User\.m2\repository\org\openjfx\javafx-fxml\17.0.2\javafx-fxml-17.0.2-win.jar;C:\Users\User\.m2\repository\org\openjfx\javafx-graphics\17.0.2\javafx-graphics-17.0.2-win.jar;C:\Users\User\.m2\repository\org\openjfx\javafx-controls\17.0.2\javafx-controls-17.0.2-win.jar;C:\Users\User\.m2\repository\org\openjfx\javafx-base\17.0.2\javafx-base-17.0.2-win.jar;C:\Users\User\.m2\repository\com\fazecast\jSerialComm\2.9.3\jSerialComm-2.9.3.jar -Djdk.module.main=br.com.biopdi.mbiolabv2 
java_command: br.com.biopdi.mbiolabv2/br.com.biopdi.mbiolabv2.mBioLabv2Application
java_class_path (initial): C:\Users\User\.m2\repository\org\openjfx\javafx-controls\17.0.2\javafx-controls-17.0.2.jar;C:\Users\User\.m2\repository\org\openjfx\javafx-graphics\17.0.2\javafx-graphics-17.0.2.jar;C:\Users\User\.m2\repository\org\openjfx\javafx-base\17.0.2\javafx-base-17.0.2.jar;C:\Users\User\.m2\repository\org\openjfx\javafx-fxml\17.0.2\javafx-fxml-17.0.2.jar;C:\Users\User\.m2\repository\org\springframework\boot\spring-boot-starter-data-jpa\2.7.0\spring-boot-starter-data-jpa-2.7.0.jar;C:\Users\User\.m2\repository\org\springframework\boot\spring-boot-starter-aop\2.7.0\spring-boot-starter-aop-2.7.0.jar;C:\Users\User\.m2\repository\org\springframework\boot\spring-boot-starter\2.7.0\spring-boot-starter-2.7.0.jar;C:\Users\User\.m2\repository\org\springframework\boot\spring-boot\2.7.0\spring-boot-2.7.0.jar;C:\Users\User\.m2\repository\org\springframework\boot\spring-boot-autoconfigure\2.7.0\spring-boot-autoconfigure-2.7.0.jar;C:\Users\User\.m2\repository\org\springframework\boot\spring-boot-starter-logging\2.7.0\spring-boot-starter-logging-2.7.0.jar;C:\Users\User\.m2\repository\ch\qos\logback\logback-classic\1.2.11\logback-classic-1.2.11.jar;C:\Users\User\.m2\repository\ch\qos\logback\logback-core\1.2.11\logback-core-1.2.11.jar;C:\Users\User\.m2\repository\org\apache\logging\log4j\log4j-to-slf4j\2.17.2\log4j-to-slf4j-2.17.2.jar;C:\Users\User\.m2\repository\org\apache\logging\log4j\log4j-api\2.17.2\log4j-api-2.17.2.jar;C:\Users\User\.m2\repository\org\slf4j\jul-to-slf4j\1.7.36\jul-to-slf4j-1.7.36.jar;C:\Users\User\.m2\repository\jakarta\annotation\jakarta.annotation-api\1.3.5\jakarta.annotation-api-1.3.5.jar;C:\Users\User\.m2\repository\org\yaml\snakeyaml\1.30\snakeyaml-1.30.jar;C:\Users\User\.m2\repository\org\springframework\spring-aop\5.3.20\spring-aop-5.3.20.jar;C:\Users\User\.m2\repository\org\aspectj\aspectjweaver\1.9.7\aspectjweaver-1.9.7.jar;C:\Users\User\.m2\repository\org\springframework\boot\spring-boot-starter-jdbc\2.7.0\spring-boot-starter-jdbc-
Launcher Type: SUN_STANDARD

[Global flags]
     intx CICompilerCount                          = 4                                         {product} {ergonomic}
     uint ConcGCThreads                            = 3                                         {product} {ergonomic}
     uint G1ConcRefinementThreads                  = 10                                        {product} {ergonomic}
   size_t G1HeapRegionSize                         = 2097152                                   {product} {ergonomic}
    uintx GCDrainStackTargetSize                   = 64                                        {product} {ergonomic}
   size_t InitialHeapSize                          = 266338304                                 {product} {ergonomic}
   size_t MarkStackSize                            = 4194304                                   {product} {ergonomic}
   size_t MaxHeapSize                              = 4257218560                                {product} {ergonomic}
   size_t MaxNewSize                               = 2554331136                                {product} {ergonomic}
   size_t MinHeapDeltaBytes                        = 2097152                                   {product} {ergonomic}
   size_t MinHeapSize                              = 8388608                                   {product} {ergonomic}
    uintx NonNMethodCodeHeapSize                   = 5839372                                {pd product} {ergonomic}
    uintx NonProfiledCodeHeapSize                  = 122909434                              {pd product} {ergonomic}
    uintx ProfiledCodeHeapSize                     = 122909434                              {pd product} {ergonomic}
    uintx ReservedCodeCacheSize                    = 251658240                              {pd product} {ergonomic}
     bool SegmentedCodeCache                       = true                                      {product} {ergonomic}
   size_t SoftMaxHeapSize                          = 4257218560                             {manageable} {ergonomic}
     bool UseCompressedClassPointers               = true                           {product lp64_product} {ergonomic}
     bool UseCompressedOops                        = true                           {product lp64_product} {ergonomic}
     bool UseG1GC                                  = true                                      {product} {ergonomic}
     bool UseLargePagesIndividualAllocation        = false                                  {pd product} {ergonomic}

Logging:
Log output configuration:
 #0: stdout all=warning uptime,level,tags
 #1: stderr all=off uptime,level,tags

Environment Variables:
JAVA_HOME=C:\Program Files\Java\jdk1.8.0_202
PATH=C:\Program Files (x86)\Common Files\Oracle\Java\javapath;C:\Windows\system32;C:\Windows;C:\Windows\System32\Wbem;C:\Windows\System32\WindowsPowerShell\v1.0\;C:\Windows\System32\OpenSSH\;C:\Program Files\Microsoft SQL Server\150\Tools\Binn\;C:\Program Files\dotnet\;C:\Program Files (x86)\IVI Foundation\VISA\WinNT\Bin\;C:\Program Files\IVI Foundation\VISA\Win64\Bin\;C:\Program Files (x86)\IVI Foundation\VISA\WinNT\Bin;C:\Program Files\Git\cmd;C:\Program Files\Amazon\AWSCLIV2\;C:\Program Files\MySQL\MySQL Shell 8.0\bin\;C:\Users\User\AppData\Local\Microsoft\WindowsApps;C:\Program Files\Java\jdk1.8.0_202\bin;C:\Users\User\.dotnet\tools
USERNAME=User
OS=Windows_NT
PROCESSOR_IDENTIFIER=Intel64 Family 6 Model 165 Stepping 3, GenuineIntel
TMP=C:\Users\User\AppData\Local\Temp
TEMP=C:\Users\User\AppData\Local\Temp



---------------  S Y S T E M  ---------------

OS:
 Windows 10 , 64 bit Build 19041 (10.0.19041.2788)
OS uptime: 0 days 21:39 hours

CPU: total 12 (initial active 12) (6 cores per cpu, 2 threads per core) family 6 model 165 stepping 3 microcode 0xea, cx8, cmov, fxsr, ht, mmx, 3dnowpref, sse, sse2, sse3, ssse3, sse4.1, sse4.2, popcnt, lzcnt, tsc, tscinvbit, avx, avx2, aes, erms, clmul, bmi1, bmi2, adx, fma, vzeroupper, clflush, clflushopt

Memory: 4k page, system-wide physical 16236M (8309M free)
TotalPageFile size 21612M (AvailPageFile size 8738M)
current process WorkingSet (physical memory assigned to process): 179M, peak: 184M
current process commit charge ("private bytes"): 469M, peak: 474M

vm_info: OpenJDK 64-Bit Server VM (17.0.6+10-LTS) for windows-amd64 JRE (17.0.6+10-LTS) (Zulu17.40+19-CA), built on Jan  4 2023 14:58:55 by "zulu_re" with MS VC++ 16.10 / 16.11 (VS2019)

END.
